This is pdfTeX, Version 3.141592653-2.6-1.40.24 (MiKTeX 21.12) (preloaded format=pdflatex 2022.1.19)  10 APR 2022 23:20
entering extended mode
 restricted \write18 enabled.
 %&-line parsing enabled.
**./JINR.tex
(JINR.tex
LaTeX2e <2021-11-15> patch level 1
L3 programming layer <2021-11-22>
(C:\Users\Rishav Pandey\AppData\Local\Programs\MiKTeX\tex/latex/base\article.cl
s
Document Class: article 2021/10/04 v1.4n Standard LaTeX document class

(C:\Users\Rishav Pandey\AppData\Local\Programs\MiKTeX\tex/latex/base\size12.clo
File: size12.clo 2021/10/04 v1.4n Standard LaTeX file (size option)
)
\c@part=\count183
\c@section=\count184
\c@subsection=\count185
\c@subsubsection=\count186
\c@paragraph=\count187
\c@subparagraph=\count188
\c@figure=\count189
\c@table=\count190
\abovecaptionskip=\skip47
\belowcaptionskip=\skip48
\bibindent=\dimen138
)
(C:\Users\Rishav Pandey\AppData\Local\Programs\MiKTeX\tex/latex/graphics\graphi
cx.sty
Package: graphicx 2021/09/16 v1.2d Enhanced LaTeX Graphics (DPC,SPQR)

(C:\Users\Rishav Pandey\AppData\Local\Programs\MiKTeX\tex/latex/graphics\keyval
.sty
Package: keyval 2014/10/28 v1.15 key=value parser (DPC)
\KV@toks@=\toks16
)
(C:\Users\Rishav Pandey\AppData\Local\Programs\MiKTeX\tex/latex/graphics\graphi
cs.sty
Package: graphics 2021/03/04 v1.4d Standard LaTeX Graphics (DPC,SPQR)

(C:\Users\Rishav Pandey\AppData\Local\Programs\MiKTeX\tex/latex/graphics\trig.s
ty
Package: trig 2021/08/11 v1.11 sin cos tan (DPC)
)
(C:\Users\Rishav Pandey\AppData\Local\Programs\MiKTeX\tex/latex/graphics-cfg\gr
aphics.cfg
File: graphics.cfg 2016/06/04 v1.11 sample graphics configuration
)
Package graphics Info: Driver file: pdftex.def on input line 107.

(C:\Users\Rishav Pandey\AppData\Local\Programs\MiKTeX\tex/latex/graphics-def\pd
ftex.def
File: pdftex.def 2020/10/05 v1.2a Graphics/color driver for pdftex
))
\Gin@req@height=\dimen139
\Gin@req@width=\dimen140
)
(C:\Users\Rishav Pandey\AppData\Local\Programs\MiKTeX\tex/latex/hyperref\hyperr
ef.sty
Package: hyperref 2021-06-07 v7.00m Hypertext links for LaTeX

(C:\Users\Rishav Pandey\AppData\Local\Programs\MiKTeX\tex/generic/ltxcmds\ltxcm
ds.sty
Package: ltxcmds 2020-05-10 v1.25 LaTeX kernel commands for general use (HO)
)
(C:\Users\Rishav Pandey\AppData\Local\Programs\MiKTeX\tex/generic/iftex\iftex.s
ty
Package: iftex 2020/03/06 v1.0d TeX engine tests
)
(C:\Users\Rishav Pandey\AppData\Local\Programs\MiKTeX\tex/generic/pdftexcmds\pd
ftexcmds.sty
Package: pdftexcmds 2020-06-27 v0.33 Utility functions of pdfTeX for LuaTeX (HO
)

(C:\Users\Rishav Pandey\AppData\Local\Programs\MiKTeX\tex/generic/infwarerr\inf
warerr.sty
Package: infwarerr 2019/12/03 v1.5 Providing info/warning/error messages (HO)
)
Package pdftexcmds Info: \pdf@primitive is available.
Package pdftexcmds Info: \pdf@ifprimitive is available.
Package pdftexcmds Info: \pdfdraftmode found.
)
(C:\Users\Rishav Pandey\AppData\Local\Programs\MiKTeX\tex/generic/kvsetkeys\kvs
etkeys.sty
Package: kvsetkeys 2019/12/15 v1.18 Key value parser (HO)
)
(C:\Users\Rishav Pandey\AppData\Local\Programs\MiKTeX\tex/generic/kvdefinekeys\
kvdefinekeys.sty
Package: kvdefinekeys 2019-12-19 v1.6 Define keys (HO)
)
(C:\Users\Rishav Pandey\AppData\Local\Programs\MiKTeX\tex/generic/pdfescape\pdf
escape.sty
Package: pdfescape 2019/12/09 v1.15 Implements pdfTeX's escape features (HO)
)
(C:\Users\Rishav Pandey\AppData\Local\Programs\MiKTeX\tex/latex/hycolor\hycolor
.sty
Package: hycolor 2020-01-27 v1.10 Color options for hyperref/bookmark (HO)
)
(C:\Users\Rishav Pandey\AppData\Local\Programs\MiKTeX\tex/latex/letltxmacro\let
ltxmacro.sty
Package: letltxmacro 2019/12/03 v1.6 Let assignment for LaTeX macros (HO)
)
(C:\Users\Rishav Pandey\AppData\Local\Programs\MiKTeX\tex/latex/auxhook\auxhook
.sty
Package: auxhook 2019-12-17 v1.6 Hooks for auxiliary files (HO)
)
(C:\Users\Rishav Pandey\AppData\Local\Programs\MiKTeX\tex/latex/kvoptions\kvopt
ions.sty
Package: kvoptions 2020-10-07 v3.14 Key value format for package options (HO)
)
\@linkdim=\dimen141
\Hy@linkcounter=\count191
\Hy@pagecounter=\count192

(C:\Users\Rishav Pandey\AppData\Local\Programs\MiKTeX\tex/latex/hyperref\pd1enc
.def
File: pd1enc.def 2021-06-07 v7.00m Hyperref: PDFDocEncoding definition (HO)
Now handling font encoding PD1 ...
... no UTF-8 mapping file for font encoding PD1
)
(C:\Users\Rishav Pandey\AppData\Local\Programs\MiKTeX\tex/latex/hyperref\hyperr
ef-langpatches.def
File: hyperref-langpatches.def 2021-06-07 v7.00m Hyperref: patches for babel la
nguages
)
(C:\Users\Rishav Pandey\AppData\Local\Programs\MiKTeX\tex/generic/intcalc\intca
lc.sty
Package: intcalc 2019/12/15 v1.3 Expandable calculations with integers (HO)
)
(C:\Users\Rishav Pandey\AppData\Local\Programs\MiKTeX\tex/generic/etexcmds\etex
cmds.sty
Package: etexcmds 2019/12/15 v1.7 Avoid name clashes with e-TeX commands (HO)
)
\Hy@SavedSpaceFactor=\count193

(C:\Users\Rishav Pandey\AppData\Local\Programs\MiKTeX\tex/latex/hyperref\puenc.
def
File: puenc.def 2021-06-07 v7.00m Hyperref: PDF Unicode definition (HO)
Now handling font encoding PU ...
... no UTF-8 mapping file for font encoding PU
)
Package hyperref Info: Hyper figures OFF on input line 4192.
Package hyperref Info: Link nesting OFF on input line 4197.
Package hyperref Info: Hyper index ON on input line 4200.
Package hyperref Info: Plain pages OFF on input line 4207.
Package hyperref Info: Backreferencing OFF on input line 4212.
Package hyperref Info: Implicit mode ON; LaTeX internals redefined.
Package hyperref Info: Bookmarks ON on input line 4445.
\c@Hy@tempcnt=\count194

(C:\Users\Rishav Pandey\AppData\Local\Programs\MiKTeX\tex/latex/url\url.sty
\Urlmuskip=\muskip16
Package: url 2013/09/16  ver 3.4  Verb mode for urls, etc.
)
LaTeX Info: Redefining \url on input line 4804.
\XeTeXLinkMargin=\dimen142

(C:\Users\Rishav Pandey\AppData\Local\Programs\MiKTeX\tex/generic/bitset\bitset
.sty
Package: bitset 2019/12/09 v1.3 Handle bit-vector datatype (HO)

(C:\Users\Rishav Pandey\AppData\Local\Programs\MiKTeX\tex/generic/bigintcalc\bi
gintcalc.sty
Package: bigintcalc 2019/12/15 v1.5 Expandable calculations on big integers (HO
)
))
\Fld@menulength=\count195
\Field@Width=\dimen143
\Fld@charsize=\dimen144
Package hyperref Info: Hyper figures OFF on input line 6076.
Package hyperref Info: Link nesting OFF on input line 6081.
Package hyperref Info: Hyper index ON on input line 6084.
Package hyperref Info: backreferencing OFF on input line 6091.
Package hyperref Info: Link coloring OFF on input line 6096.
Package hyperref Info: Link coloring with OCG OFF on input line 6101.
Package hyperref Info: PDF/A mode OFF on input line 6106.
LaTeX Info: Redefining \ref on input line 6146.
LaTeX Info: Redefining \pageref on input line 6150.

(C:\Users\Rishav Pandey\AppData\Local\Programs\MiKTeX\tex/latex/base\atbegshi-l
tx.sty
Package: atbegshi-ltx 2021/01/10 v1.0c Emulation of the original atbegshi
package with kernel methods
)
\Hy@abspage=\count196
\c@Item=\count197
\c@Hfootnote=\count198
)
Package hyperref Info: Driver (autodetected): hpdftex.

(C:\Users\Rishav Pandey\AppData\Local\Programs\MiKTeX\tex/latex/hyperref\hpdfte
x.def
File: hpdftex.def 2021-06-07 v7.00m Hyperref driver for pdfTeX

(C:\Users\Rishav Pandey\AppData\Local\Programs\MiKTeX\tex/latex/base\atveryend-
ltx.sty
Package: atveryend-ltx 2020/08/19 v1.0a Emulation of the original atveryend pac
kage
with kernel methods
)
\Fld@listcount=\count199
\c@bookmark@seq@number=\count266

(C:\Users\Rishav Pandey\AppData\Local\Programs\MiKTeX\tex/latex/rerunfilecheck\
rerunfilecheck.sty
Package: rerunfilecheck 2019/12/05 v1.9 Rerun checks for auxiliary files (HO)

(C:\Users\Rishav Pandey\AppData\Local\Programs\MiKTeX\tex/generic/uniquecounter
\uniquecounter.sty
Package: uniquecounter 2019/12/15 v1.4 Provide unlimited unique counter (HO)
)
Package uniquecounter Info: New unique counter `rerunfilecheck' on input line 2
86.
)
\Hy@SectionHShift=\skip49
)
Package hyperref Info: Option `colorlinks' set `true' on input line 7.

(C:\Users\Rishav Pandey\AppData\Local\Programs\MiKTeX\tex/latex/caption\caption
.sty
Package: caption 2020/10/26 v3.5g Customizing captions (AR)

(C:\Users\Rishav Pandey\AppData\Local\Programs\MiKTeX\tex/latex/caption\caption
3.sty
Package: caption3 2020/10/21 v2.2e caption3 kernel (AR)
\captionmargin=\dimen145
\captionmargin@=\dimen146
\captionwidth=\dimen147
\caption@tempdima=\dimen148
\caption@indent=\dimen149
\caption@parindent=\dimen150
\caption@hangindent=\dimen151
Package caption Info: Standard document class detected.
)
\c@caption@flags=\count267
\c@continuedfloat=\count268
Package caption Info: hyperref package is loaded.
)
(C:\Users\Rishav Pandey\AppData\Local\Programs\MiKTeX\tex/latex/apacite\apacite
.sty
Package: apacite 2013/07/21 v6.03 APA citation
\c@BibCnt=\count269
\bibleftmargin=\skip50
\bibindent=\skip51
\bibparsep=\skip52
\bibitemsep=\skip53
\biblabelsep=\skip54
)
(C:\Users\Rishav Pandey\AppData\Local\Programs\MiKTeX\tex/latex/pdfpages\pdfpag
es.sty
Package: pdfpages 2022/01/29 v0.5u Insert pages of external PDF documents (AM)

(C:\Users\Rishav Pandey\AppData\Local\Programs\MiKTeX\tex/latex/base\ifthen.sty
Package: ifthen 2020/11/24 v1.1c Standard LaTeX ifthen package (DPC)
)
(C:\Users\Rishav Pandey\AppData\Local\Programs\MiKTeX\tex/latex/tools\calc.sty
Package: calc 2017/05/25 v4.3 Infix arithmetic (KKT,FJ)
\calc@Acount=\count270
\calc@Bcount=\count271
\calc@Adimen=\dimen152
\calc@Bdimen=\dimen153
\calc@Askip=\skip55
\calc@Bskip=\skip56
LaTeX Info: Redefining \setlength on input line 80.
LaTeX Info: Redefining \addtolength on input line 81.
\calc@Ccount=\count272
\calc@Cskip=\skip57
)
(C:\Users\Rishav Pandey\AppData\Local\Programs\MiKTeX\tex/latex/eso-pic\eso-pic
.sty
Package: eso-pic 2020/10/14 v3.0a eso-pic (RN)
\ESO@tempdima=\dimen154
\ESO@tempdimb=\dimen155

(C:\Users\Rishav Pandey\AppData\Local\Programs\MiKTeX\tex/latex/xcolor\xcolor.s
ty
Package: xcolor 2021/10/31 v2.13 LaTeX color extensions (UK)

(C:\Users\Rishav Pandey\AppData\Local\Programs\MiKTeX\tex/latex/graphics-cfg\co
lor.cfg
File: color.cfg 2016/01/02 v1.6 sample color configuration
)
Package xcolor Info: Driver file: pdftex.def on input line 227.
Package xcolor Info: Model `cmy' substituted by `cmy0' on input line 1352.
Package xcolor Info: Model `hsb' substituted by `rgb' on input line 1356.
Package xcolor Info: Model `RGB' extended on input line 1368.
Package xcolor Info: Model `HTML' substituted by `rgb' on input line 1370.
Package xcolor Info: Model `Hsb' substituted by `hsb' on input line 1371.
Package xcolor Info: Model `tHsb' substituted by `hsb' on input line 1372.
Package xcolor Info: Model `HSB' substituted by `hsb' on input line 1373.
Package xcolor Info: Model `Gray' substituted by `gray' on input line 1374.
Package xcolor Info: Model `wave' substituted by `hsb' on input line 1375.
))
\AM@pagewidth=\dimen156
\AM@pageheight=\dimen157
\AM@fboxrule=\dimen158

(C:\Users\Rishav Pandey\AppData\Local\Programs\MiKTeX\tex/latex/pdfpages\pppdft
ex.def
File: pppdftex.def 2022/01/29 v0.5u Pdfpages driver for pdfTeX (AM)
)
\pdfpages@includegraphics@status=\count273
\AM@pagebox=\box50
\AM@global@opts=\toks17
\AM@pagecnt=\count274
\AM@toc@title=\toks18
\c@AM@survey=\count275
\AM@templatesizebox=\box51
)
(C:\Users\Rishav Pandey\AppData\Local\Programs\MiKTeX\tex/latex/l3backend\l3bac
kend-pdftex.def
File: l3backend-pdftex.def 2021-10-18 L3 backend support: PDF output (pdfTeX)
\l__color_backend_stack_int=\count276
\l__pdf_internal_box=\box52
) (JINR.aux)
\openout1 = `JINR.aux'.

LaTeX Font Info:    Checking defaults for OML/cmm/m/it on input line 17.
LaTeX Font Info:    ... okay on input line 17.
LaTeX Font Info:    Checking defaults for OMS/cmsy/m/n on input line 17.
LaTeX Font Info:    ... okay on input line 17.
LaTeX Font Info:    Checking defaults for OT1/cmr/m/n on input line 17.
LaTeX Font Info:    ... okay on input line 17.
LaTeX Font Info:    Checking defaults for T1/cmr/m/n on input line 17.
LaTeX Font Info:    ... okay on input line 17.
LaTeX Font Info:    Checking defaults for TS1/cmr/m/n on input line 17.
LaTeX Font Info:    ... okay on input line 17.
LaTeX Font Info:    Checking defaults for OMX/cmex/m/n on input line 17.
LaTeX Font Info:    ... okay on input line 17.
LaTeX Font Info:    Checking defaults for U/cmr/m/n on input line 17.
LaTeX Font Info:    ... okay on input line 17.
LaTeX Font Info:    Checking defaults for PD1/pdf/m/n on input line 17.
LaTeX Font Info:    ... okay on input line 17.
LaTeX Font Info:    Checking defaults for PU/pdf/m/n on input line 17.
LaTeX Font Info:    ... okay on input line 17.

(C:\Users\Rishav Pandey\AppData\Local\Programs\MiKTeX\tex/context/base/mkii\sup
p-pdf.mkii
[Loading MPS to PDF converter (version 2006.09.02).]
\scratchcounter=\count277
\scratchdimen=\dimen159
\scratchbox=\box53
\nofMPsegments=\count278
\nofMParguments=\count279
\everyMPshowfont=\toks19
\MPscratchCnt=\count280
\MPscratchDim=\dimen160
\MPnumerator=\count281
\makeMPintoPDFobject=\count282
\everyMPtoPDFconversion=\toks20
)
(C:\Users\Rishav Pandey\AppData\Local\Programs\MiKTeX\tex/latex/epstopdf-pkg\ep
stopdf-base.sty
Package: epstopdf-base 2020-01-24 v2.11 Base part for package epstopdf
Package epstopdf-base Info: Redefining graphics rule for `.eps' on input line 4
85.

(C:\Users\Rishav Pandey\AppData\Local\Programs\MiKTeX\tex/latex/00miktex\epstop
df-sys.cfg
File: epstopdf-sys.cfg 2021/03/18 v2.0 Configuration of epstopdf for MiKTeX
))
Package hyperref Info: Link coloring ON on input line 17.

(C:\Users\Rishav Pandey\AppData\Local\Programs\MiKTeX\tex/latex/hyperref\namere
f.sty
Package: nameref 2021-04-02 v2.47 Cross-referencing by name of section

(C:\Users\Rishav Pandey\AppData\Local\Programs\MiKTeX\tex/latex/refcount\refcou
nt.sty
Package: refcount 2019/12/15 v3.6 Data extraction from label references (HO)
)
(C:\Users\Rishav Pandey\AppData\Local\Programs\MiKTeX\tex/generic/gettitlestrin
g\gettitlestring.sty
Package: gettitlestring 2019/12/15 v1.6 Cleanup title references (HO)
)
\c@section@level=\count283
)
LaTeX Info: Redefining \ref on input line 17.
LaTeX Info: Redefining \pageref on input line 17.
LaTeX Info: Redefining \nameref on input line 17.
 (JINR.out) (JINR.out)
\@outlinefile=\write3
\openout3 = `JINR.out'.

Package caption Info: Begin \AtBeginDocument code.
Package caption Info: End \AtBeginDocument code.
\c@maskedRefs=\count284

(C:\Users\Rishav Pandey\AppData\Local\Programs\MiKTeX\tex/latex/apacite\english
.apc
File: english.apc 2013/07/21 v6.03 apacite language file
LaTeX Info: Redefining \BPBI on input line 129.
LaTeX Info: Redefining \BHBI on input line 130.
)
(C:\Users\Rishav Pandey\AppData\Local\Programs\MiKTeX\tex/latex/pdflscape\pdfls
cape.sty
Package: pdflscape 2019/12/05 v0.12 Display of landscape pages in PDF (HO)

(C:\Users\Rishav Pandey\AppData\Local\Programs\MiKTeX\tex/latex/graphics\lscape
.sty
Package: lscape 2020/05/28 v3.02 Landscape Pages (DPC)
)
Package pdflscape Info: Auto-detected driver: pdftex on input line 81.
)

pdfTeX warning: pdflatex (file ./Front_page.pdf): PDF inclusion: found PDF vers
ion <1.7>, but at most version <1.5> allowed
<Front_page.pdf, id=127, 597.55246pt x 845.07718pt>
File: Front_page.pdf Graphic file (type pdf)
<use Front_page.pdf>
Package pdftex.def Info: Front_page.pdf  used on input line 19.
(pdftex.def)             Requested size: 597.551pt x 845.07512pt.


pdfTeX warning: pdflatex (file ./Front_page.pdf): PDF inclusion: found PDF vers
ion <1.7>, but at most version <1.5> allowed
File: Front_page.pdf Graphic file (type pdf)
<use Front_page.pdf>
Package pdftex.def Info: Front_page.pdf  used on input line 19.
(pdftex.def)             Requested size: 597.551pt x 845.07512pt.


pdfTeX warning: pdflatex (file ./Front_page.pdf): PDF inclusion: found PDF vers
ion <1.7>, but at most version <1.5> allowed


pdfTeX warning: pdflatex (file ./Front_page.pdf): PDF inclusion: found PDF vers
ion <1.7>, but at most version <1.5> allowed
<Front_page.pdf, id=130, page=1, 597.55246pt x 845.07718pt>
File: Front_page.pdf Graphic file (type pdf)
<use Front_page.pdf, page 1>
Package pdftex.def Info: Front_page.pdf , page1 used on input line 19.
(pdftex.def)             Requested size: 597.551pt x 845.07512pt.
File: Front_page.pdf Graphic file (type pdf)
<use Front_page.pdf, page 1>
Package pdftex.def Info: Front_page.pdf , page1 used on input line 19.
(pdftex.def)             Requested size: 562.1644pt x 795.0303pt.
File: Front_page.pdf Graphic file (type pdf)
<use Front_page.pdf, page 1>
Package pdftex.def Info: Front_page.pdf , page1 used on input line 19.
(pdftex.def)             Requested size: 562.1644pt x 795.0303pt.
File: Front_page.pdf Graphic file (type pdf)
<use Front_page.pdf, page 1>
Package pdftex.def Info: Front_page.pdf , page1 used on input line 19.
(pdftex.def)             Requested size: 562.1644pt x 795.0303pt.
File: Front_page.pdf Graphic file (type pdf)
<use Front_page.pdf, page 1>
Package pdftex.def Info: Front_page.pdf , page1 used on input line 19.
(pdftex.def)             Requested size: 562.1644pt x 795.0303pt.
[1

 <./Front_page.pdf>] (JINR.toc
LaTeX Font Info:    External font `cmex10' loaded for size
(Font)              <12> on input line 3.
LaTeX Font Info:    External font `cmex10' loaded for size
(Font)              <8> on input line 3.
LaTeX Font Info:    External font `cmex10' loaded for size
(Font)              <6> on input line 3.

Overfull \hbox (5.58128pt too wide) in paragraph at lines 9--9
 \OT1/cmr/bx/n/12 MERCURY ISO-TOPES US-ING FULL-FUSION RE-AC-TION 
 []


Overfull \hbox (2.60161pt too wide) in paragraph at lines 23--23
 [][] [][][]\OT1/cmr/m/n/12 HEATMAP OF Rn ISO-TOPES ($[]\OML/cmm/m/it/12 Er\OT1
/cmr/m/n/12 ([]\OML/cmm/m/it/12 Ar; xn\OT1/cmr/m/n/12 )[]\OML/cmm/m/it/12 Rn$\O
T1/cmr/m/n/12 )[][] [][]  
 []


Overfull \hbox (22.83112pt too wide) in paragraph at lines 24--24
 [] [][][]\OT1/cmr/bx/n/12 SPECTROSCOPIC IN-VES-TI-GA-TION OF RADON ISO-TOPES 
 []

[2{C:/Users/Rishav Pandey/AppData/Local/MiKTeX/fonts/map/pdftex/pdftex.map}])
\tf@toc=\write4
\openout4 = `JINR.toc'.


[3]
LaTeX Font Info:    External font `cmex10' loaded for size
(Font)              <10.95> on input line 29.

Underfull \hbox (badness 10000) in paragraph at lines 33--36

 []

[4

]
<origin graphs//MASHA.png, id=222, 621.522pt x 302.93175pt>
File: origin graphs//MASHA.png Graphic file (type png)
<use origin graphs//MASHA.png>
Package pdftex.def Info: origin graphs//MASHA.png  used on input line 43.
(pdftex.def)             Requested size: 372.91608pt x 181.76044pt.
<origin graphs//Rotating Target.jpg, id=226, 264.4425pt x 198.414pt>
File: origin graphs//Rotating Target.jpg Graphic file (type jpg)
<use origin graphs//Rotating Target.jpg>
Package pdftex.def Info: origin graphs//Rotating Target.jpg  used on input line
 52.
(pdftex.def)             Requested size: 211.55428pt x 158.7314pt.


LaTeX Warning: `h' float specifier changed to `ht'.

<origin graphs//HC.png, id=230, 301.72725pt x 250.536pt>
File: origin graphs//HC.png Graphic file (type png)
<use origin graphs//HC.png>
Package pdftex.def Info: origin graphs//HC.png  used on input line 61.
(pdftex.def)             Requested size: 150.86325pt x 125.26768pt.
[5

 <./origin graphs//MASHA.png>]
<origin graphs//TBHC.png, id=240, 329.814pt x 213.525pt>
File: origin graphs//TBHC.png Graphic file (type png)
<use origin graphs//TBHC.png>
Package pdftex.def Info: origin graphs//TBHC.png  used on input line 69.
(pdftex.def)             Requested size: 313.32152pt x 202.84758pt.


LaTeX Warning: `h' float specifier changed to `ht'.

[6 <./origin graphs//Rotating Target.jpg> <./origin graphs//HC.png>] [7 <./orig
in graphs//TBHC.png>]
<origin graphs//Detector.png, id=261, 797.98125pt x 432.4155pt>
File: origin graphs//Detector.png Graphic file (type png)
<use origin graphs//Detector.png>
Package pdftex.def Info: origin graphs//Detector.png  used on input line 85.
(pdftex.def)             Requested size: 319.18684pt x 172.96313pt.

Underfull \hbox (badness 10000) in paragraph at lines 97--110

 []


Underfull \hbox (badness 10000) in paragraph at lines 97--110

 []


Underfull \hbox (badness 10000) in paragraph at lines 97--110

 []


Underfull \hbox (badness 10000) in paragraph at lines 97--110

 []


Underfull \hbox (badness 10000) in paragraph at lines 97--110

 []

[8 <./origin graphs//Detector.png>] [9]
LaTeX Font Info:    External font `cmex10' loaded for size
(Font)              <17.28> on input line 111.

Overfull \hbox (1.91551pt too wide) in paragraph at lines 111--111
[]\OT1/cmr/bx/n/17.28 SPECTROSCOPIC IN-VES-TI-GA-TION OF 
 []


Overfull \hbox (46.8735pt too wide) in paragraph at lines 111--111
\OT1/cmr/bx/n/17.28 MERCURY ISO-TOPES US-ING FULL-FUSION
 []


Package hyperref Warning: Token not allowed in a PDF string (Unicode):
(hyperref)                removing `\\' on input line 111.


Package hyperref Warning: Token not allowed in a PDF string (Unicode):
(hyperref)                removing `math shift' on input line 111.


Package hyperref Warning: Token not allowed in a PDF string (Unicode):
(hyperref)                removing `superscript' on input line 111.


Package hyperref Warning: Token not allowed in a PDF string (Unicode):
(hyperref)                removing `superscript' on input line 111.


Package hyperref Warning: Token not allowed in a PDF string (Unicode):
(hyperref)                removing `superscript' on input line 111.


Package hyperref Warning: Token not allowed in a PDF string (Unicode):
(hyperref)                removing `math shift' on input line 111.

[10]

Package hyperref Warning: Difference (2) between bookmark levels is greater 
(hyperref)                than one, level fixed on input line 117.


Package hyperref Warning: Token not allowed in a PDF string (Unicode):
(hyperref)                removing `math shift' on input line 117.


Package hyperref Warning: Token not allowed in a PDF string (Unicode):
(hyperref)                removing `superscript' on input line 117.


Package hyperref Warning: Token not allowed in a PDF string (Unicode):
(hyperref)                removing `math shift' on input line 117.


! LaTeX Error: Environment subfigure undefined.

See the LaTeX manual or LaTeX Companion for explanation.
Type  H <return>  for immediate help.
 ...                                              
                                                  
l.120  \begin{subfigure}
                        
Your command was ignored.
Type  I <command> <return>  to replace it with another command,
or  <return>  to continue without it.

<origin graphs//Hg180.png, id=281, 665.48625pt x 426.99525pt>
File: origin graphs//Hg180.png Graphic file (type png)
<use origin graphs//Hg180.png>
Package pdftex.def Info: origin graphs//Hg180.png  used on input line 122.
(pdftex.def)             Requested size: 332.74231pt x 213.4971pt.

! LaTeX Error: \begin{figure} on input line 118 ended by \end{subfigure}.

See the LaTeX manual or LaTeX Companion for explanation.
Type  H <return>  for immediate help.
 ...                                              
                                                  
l.125 \end{subfigure}
                     
Your command was ignored.
Type  I <command> <return>  to replace it with another command,
or  <return>  to continue without it.


! LaTeX Error: Environment subfigure undefined.

See the LaTeX manual or LaTeX Companion for explanation.
Type  H <return>  for immediate help.
 ...                                              
                                                  
l.127 \begin{subfigure}
                       
Your command was ignored.
Type  I <command> <return>  to replace it with another command,
or  <return>  to continue without it.

<origin graphs//Hg180(Peak Fitting).png, id=282, 666.69075pt x 412.54124pt>
File: origin graphs//Hg180(Peak Fitting).png Graphic file (type png)
<use origin graphs//Hg180(Peak Fitting).png>
Package pdftex.def Info: origin graphs//Hg180(Peak Fitting).png  used on input 
line 129.
(pdftex.def)             Requested size: 333.34456pt x 206.27011pt.

! LaTeX Error: \begin{figure} on input line 118 ended by \end{subfigure}.

See the LaTeX manual or LaTeX Companion for explanation.
Type  H <return>  for immediate help.
 ...                                              
                                                  
l.132 \end{subfigure}
                     
Your command was ignored.
Type  I <command> <return>  to replace it with another command,
or  <return>  to continue without it.

[11

 <./origin graphs//Hg180.png> <./origin graphs//Hg180(Peak Fitting).png>]

Package hyperref Warning: Token not allowed in a PDF string (Unicode):
(hyperref)                removing `math shift' on input line 139.


Package hyperref Warning: Token not allowed in a PDF string (Unicode):
(hyperref)                removing `superscript' on input line 139.


Package hyperref Warning: Token not allowed in a PDF string (Unicode):
(hyperref)                removing `math shift' on input line 139.


! LaTeX Error: Environment subfigure undefined.

See the LaTeX manual or LaTeX Companion for explanation.
Type  H <return>  for immediate help.
 ...                                              
                                                  
l.142 \begin{subfigure}
                       
Your command was ignored.
Type  I <command> <return>  to replace it with another command,
or  <return>  to continue without it.

<origin graphs//Hg181.png, id=288, 683.55376pt x 420.97275pt>
File: origin graphs//Hg181.png Graphic file (type png)
<use origin graphs//Hg181.png>
Package pdftex.def Info: origin graphs//Hg181.png  used on input line 144.
(pdftex.def)             Requested size: 341.77605pt x 210.48586pt.

! LaTeX Error: \begin{figure} on input line 140 ended by \end{subfigure}.

See the LaTeX manual or LaTeX Companion for explanation.
Type  H <return>  for immediate help.
 ...                                              
                                                  
l.147 \end{subfigure}
                     
Your command was ignored.
Type  I <command> <return>  to replace it with another command,
or  <return>  to continue without it.


! LaTeX Error: Environment subfigure undefined.

See the LaTeX manual or LaTeX Companion for explanation.
Type  H <return>  for immediate help.
 ...                                              
                                                  
l.149 \begin{subfigure}
                       
Your command was ignored.
Type  I <command> <return>  to replace it with another command,
or  <return>  to continue without it.

<origin graphs//Hg181(Peak Fitting).png, id=289, 678.73575pt x 423.38174pt>
File: origin graphs//Hg181(Peak Fitting).png Graphic file (type png)
<use origin graphs//Hg181(Peak Fitting).png>
Package pdftex.def Info: origin graphs//Hg181(Peak Fitting).png  used on input 
line 151.
(pdftex.def)             Requested size: 339.36703pt x 211.69035pt.

! LaTeX Error: \begin{figure} on input line 140 ended by \end{subfigure}.

See the LaTeX manual or LaTeX Companion for explanation.
Type  H <return>  for immediate help.
 ...                                              
                                                  
l.154 \end{subfigure}
                     
Your command was ignored.
Type  I <command> <return>  to replace it with another command,
or  <return>  to continue without it.

[12

 <./origin graphs//Hg181.png> <./origin graphs//Hg181(Peak Fitting).png>]

Package hyperref Warning: Token not allowed in a PDF string (Unicode):
(hyperref)                removing `math shift' on input line 161.


Package hyperref Warning: Token not allowed in a PDF string (Unicode):
(hyperref)                removing `superscript' on input line 161.


Package hyperref Warning: Token not allowed in a PDF string (Unicode):
(hyperref)                removing `math shift' on input line 161.


! LaTeX Error: Environment subfigure undefined.

See the LaTeX manual or LaTeX Companion for explanation.
Type  H <return>  for immediate help.
 ...                                              
                                                  
l.164 \begin{subfigure}
                       
Your command was ignored.
Type  I <command> <return>  to replace it with another command,
or  <return>  to continue without it.

<origin graphs//Hg182.png, id=295, 664.28175pt x 429.40425pt>
File: origin graphs//Hg182.png Graphic file (type png)
<use origin graphs//Hg182.png>
Package pdftex.def Info: origin graphs//Hg182.png  used on input line 166.
(pdftex.def)             Requested size: 325.5009pt x 210.40991pt.

! LaTeX Error: \begin{figure} on input line 162 ended by \end{subfigure}.

See the LaTeX manual or LaTeX Companion for explanation.
Type  H <return>  for immediate help.
 ...                                              
                                                  
l.169 \end{subfigure}
                     
Your command was ignored.
Type  I <command> <return>  to replace it with another command,
or  <return>  to continue without it.


! LaTeX Error: Environment subfigure undefined.

See the LaTeX manual or LaTeX Companion for explanation.
Type  H <return>  for immediate help.
 ...                                              
                                                  
l.171 \begin{subfigure}
                       
Your command was ignored.
Type  I <command> <return>  to replace it with another command,
or  <return>  to continue without it.

<origin graphs//Hg182(Peak Fitting).png, id=296, 667.89525pt x 433.01775pt>
File: origin graphs//Hg182(Peak Fitting).png Graphic file (type png)
<use origin graphs//Hg182(Peak Fitting).png>
Package pdftex.def Info: origin graphs//Hg182(Peak Fitting).png  used on input 
line 173.
(pdftex.def)             Requested size: 327.27153pt x 212.18054pt.

! LaTeX Error: \begin{figure} on input line 162 ended by \end{subfigure}.

See the LaTeX manual or LaTeX Companion for explanation.
Type  H <return>  for immediate help.
 ...                                              
                                                  
l.176 \end{subfigure}
                     
Your command was ignored.
Type  I <command> <return>  to replace it with another command,
or  <return>  to continue without it.

[13

 <./origin graphs//Hg182.png> <./origin graphs//Hg182(Peak Fitting).png>]

Package hyperref Warning: Token not allowed in a PDF string (Unicode):
(hyperref)                removing `math shift' on input line 183.


Package hyperref Warning: Token not allowed in a PDF string (Unicode):
(hyperref)                removing `superscript' on input line 183.


Package hyperref Warning: Token not allowed in a PDF string (Unicode):
(hyperref)                removing `math shift' on input line 183.


! LaTeX Error: Environment subfigure undefined.

See the LaTeX manual or LaTeX Companion for explanation.
Type  H <return>  for immediate help.
 ...                                              
                                                  
l.186 \begin{subfigure}
                       
Your command was ignored.
Type  I <command> <return>  to replace it with another command,
or  <return>  to continue without it.

<origin graphs//Hg183.png, id=303, 676.32675pt x 433.01775pt>
File: origin graphs//Hg183.png Graphic file (type png)
<use origin graphs//Hg183.png>
Package pdftex.def Info: origin graphs//Hg183.png  used on input line 188.
(pdftex.def)             Requested size: 331.403pt x 212.18054pt.

! LaTeX Error: \begin{figure} on input line 184 ended by \end{subfigure}.

See the LaTeX manual or LaTeX Companion for explanation.
Type  H <return>  for immediate help.
 ...                                              
                                                  
l.191 \end{subfigure}
                     
Your command was ignored.
Type  I <command> <return>  to replace it with another command,
or  <return>  to continue without it.


! LaTeX Error: Environment subfigure undefined.

See the LaTeX manual or LaTeX Companion for explanation.
Type  H <return>  for immediate help.
 ...                                              
                                                  
l.193 \begin{subfigure}
                       
Your command was ignored.
Type  I <command> <return>  to replace it with another command,
or  <return>  to continue without it.

<origin graphs//Hg183(Peak Fitting).png, id=304, 679.94025pt x 428.19975pt>
File: origin graphs//Hg183(Peak Fitting).png Graphic file (type png)
<use origin graphs//Hg183(Peak Fitting).png>
Package pdftex.def Info: origin graphs//Hg183(Peak Fitting).png  used on input 
line 195.
(pdftex.def)             Requested size: 333.17363pt x 209.8197pt.

! LaTeX Error: \begin{figure} on input line 184 ended by \end{subfigure}.

See the LaTeX manual or LaTeX Companion for explanation.
Type  H <return>  for immediate help.
 ...                                              
                                                  
l.198 \end{subfigure}
                     
Your command was ignored.
Type  I <command> <return>  to replace it with another command,
or  <return>  to continue without it.

[14

 <./origin graphs//Hg183.png> <./origin graphs//Hg183(Peak Fitting).png>]

Package hyperref Warning: Token not allowed in a PDF string (Unicode):
(hyperref)                removing `math shift' on input line 205.


Package hyperref Warning: Token not allowed in a PDF string (Unicode):
(hyperref)                removing `superscript' on input line 205.


Package hyperref Warning: Token not allowed in a PDF string (Unicode):
(hyperref)                removing `math shift' on input line 205.


! LaTeX Error: Environment subfigure undefined.

See the LaTeX manual or LaTeX Companion for explanation.
Type  H <return>  for immediate help.
 ...                                              
                                                  
l.208 \begin{subfigure}
                       
Your command was ignored.
Type  I <command> <return>  to replace it with another command,
or  <return>  to continue without it.

<origin graphs//Hg184.png, id=310, 675.12225pt x 426.99525pt>
File: origin graphs//Hg184.png Graphic file (type png)
<use origin graphs//Hg184.png>
Package pdftex.def Info: origin graphs//Hg184.png  used on input line 210.
(pdftex.def)             Requested size: 330.8128pt x 209.2295pt.

! LaTeX Error: \begin{figure} on input line 206 ended by \end{subfigure}.

See the LaTeX manual or LaTeX Companion for explanation.
Type  H <return>  for immediate help.
 ...                                              
                                                  
l.213 \end{subfigure}
                     
Your command was ignored.
Type  I <command> <return>  to replace it with another command,
or  <return>  to continue without it.


! LaTeX Error: Environment subfigure undefined.

See the LaTeX manual or LaTeX Companion for explanation.
Type  H <return>  for immediate help.
 ...                                              
                                                  
l.215 \begin{subfigure}
                       
Your command was ignored.
Type  I <command> <return>  to replace it with another command,
or  <return>  to continue without it.

<origin graphs//Hg184(Peak Fitting).png, id=311, 681.14474pt x 429.40425pt>
File: origin graphs//Hg184(Peak Fitting).png Graphic file (type png)
<use origin graphs//Hg184(Peak Fitting).png>
Package pdftex.def Info: origin graphs//Hg184(Peak Fitting).png  used on input 
line 217.
(pdftex.def)             Requested size: 333.76384pt x 210.40991pt.

! LaTeX Error: \begin{figure} on input line 206 ended by \end{subfigure}.

See the LaTeX manual or LaTeX Companion for explanation.
Type  H <return>  for immediate help.
 ...                                              
                                                  
l.220 \end{subfigure}
                     
Your command was ignored.
Type  I <command> <return>  to replace it with another command,
or  <return>  to continue without it.

[15

 <./origin graphs//Hg184.png> <./origin graphs//Hg184(Peak Fitting).png>]

Package hyperref Warning: Token not allowed in a PDF string (Unicode):
(hyperref)                removing `math shift' on input line 227.


Package hyperref Warning: Token not allowed in a PDF string (Unicode):
(hyperref)                removing `superscript' on input line 227.


Package hyperref Warning: Token not allowed in a PDF string (Unicode):
(hyperref)                removing `math shift' on input line 227.


! LaTeX Error: Environment subfigure undefined.

See the LaTeX manual or LaTeX Companion for explanation.
Type  H <return>  for immediate help.
 ...                                              
                                                  
l.230 \begin{subfigure}
                       
Your command was ignored.
Type  I <command> <return>  to replace it with another command,
or  <return>  to continue without it.

<origin graphs//Hg185.png, id=317, 645.00975pt x 413.74574pt>
File: origin graphs//Hg185.png Graphic file (type png)
<use origin graphs//Hg185.png>
Package pdftex.def Info: origin graphs//Hg185.png  used on input line 232.
(pdftex.def)             Requested size: 335.407pt x 215.14902pt.

! LaTeX Error: \begin{figure} on input line 228 ended by \end{subfigure}.

See the LaTeX manual or LaTeX Companion for explanation.
Type  H <return>  for immediate help.
 ...                                              
                                                  
l.235 \end{subfigure}
                     
Your command was ignored.
Type  I <command> <return>  to replace it with another command,
or  <return>  to continue without it.


! LaTeX Error: Environment subfigure undefined.

See the LaTeX manual or LaTeX Companion for explanation.
Type  H <return>  for immediate help.
 ...                                              
                                                  
l.237 \begin{subfigure}
                       
Your command was ignored.
Type  I <command> <return>  to replace it with another command,
or  <return>  to continue without it.

<origin graphs//Hg185(Peak Fitting).png, id=318, 677.53125pt x 426.99525pt>
File: origin graphs//Hg185(Peak Fitting).png Graphic file (type png)
<use origin graphs//Hg185(Peak Fitting).png>
Package pdftex.def Info: origin graphs//Hg185(Peak Fitting).png  used on input 
line 239.
(pdftex.def)             Requested size: 325.2113pt x 204.9554pt.

! LaTeX Error: \begin{figure} on input line 228 ended by \end{subfigure}.

See the LaTeX manual or LaTeX Companion for explanation.
Type  H <return>  for immediate help.
 ...                                              
                                                  
l.242 \end{subfigure}
                     
Your command was ignored.
Type  I <command> <return>  to replace it with another command,
or  <return>  to continue without it.

[16

 <./origin graphs//Hg185.png> <./origin graphs//Hg185(Peak Fitting).png>]
<origin graphs//Heatmap_Hg.png, id=324, 619.71526pt x 479.99326pt>
File: origin graphs//Heatmap_Hg.png Graphic file (type png)
<use origin graphs//Heatmap_Hg.png>
Package pdftex.def Info: origin graphs//Heatmap_Hg.png  used on input line 252.

(pdftex.def)             Requested size: 309.85686pt x 239.99603pt.

Overfull \hbox (1.91551pt too wide) in paragraph at lines 257--257
[]\OT1/cmr/bx/n/17.28 SPECTROSCOPIC IN-VES-TI-GA-TION OF 
 []


Overfull \hbox (19.05348pt too wide) in paragraph at lines 257--257
\OT1/cmr/bx/n/17.28 RADON ISO-TOPES US-ING FULL-FUSION 
 []


Package hyperref Warning: Token not allowed in a PDF string (Unicode):
(hyperref)                removing `\\' on input line 257.


Package hyperref Warning: Token not allowed in a PDF string (Unicode):
(hyperref)                removing `\\' on input line 257.


Package hyperref Warning: Token not allowed in a PDF string (Unicode):
(hyperref)                removing `math shift' on input line 257.


Package hyperref Warning: Token not allowed in a PDF string (Unicode):
(hyperref)                removing `superscript' on input line 257.


Package hyperref Warning: Token not allowed in a PDF string (Unicode):
(hyperref)                removing `superscript' on input line 257.


Package hyperref Warning: Token not allowed in a PDF string (Unicode):
(hyperref)                removing `superscript' on input line 257.


Package hyperref Warning: Token not allowed in a PDF string (Unicode):
(hyperref)                removing `math shift' on input line 257.

[17

 <./origin graphs//Heatmap_Hg.png>]

Package hyperref Warning: Difference (2) between bookmark levels is greater 
(hyperref)                than one, level fixed on input line 261.


Package hyperref Warning: Token not allowed in a PDF string (Unicode):
(hyperref)                removing `math shift' on input line 261.


Package hyperref Warning: Token not allowed in a PDF string (Unicode):
(hyperref)                removing `superscript' on input line 261.


Package hyperref Warning: Token not allowed in a PDF string (Unicode):
(hyperref)                removing `math shift' on input line 261.


! LaTeX Error: Environment subfigure undefined.

See the LaTeX manual or LaTeX Companion for explanation.
Type  H <return>  for immediate help.
 ...                                              
                                                  
l.264  \begin{subfigure}
                        
Your command was ignored.
Type  I <command> <return>  to replace it with another command,
or  <return>  to continue without it.

<origin graphs//Rn201.png, id=330, 675.12225pt x 408.92775pt>
File: origin graphs//Rn201.png Graphic file (type png)
<use origin graphs//Rn201.png>
Package pdftex.def Info: origin graphs//Rn201.png  used on input line 266.
(pdftex.def)             Requested size: 337.5603pt x 204.46336pt.

! LaTeX Error: \begin{figure} on input line 262 ended by \end{subfigure}.

See the LaTeX manual or LaTeX Companion for explanation.
Type  H <return>  for immediate help.
 ...                                              
                                                  
l.269 \end{subfigure}
                     
Your command was ignored.
Type  I <command> <return>  to replace it with another command,
or  <return>  to continue without it.


! LaTeX Error: Environment subfigure undefined.

See the LaTeX manual or LaTeX Companion for explanation.
Type  H <return>  for immediate help.
 ...                                              
                                                  
l.271 \begin{subfigure}
                       
Your command was ignored.
Type  I <command> <return>  to replace it with another command,
or  <return>  to continue without it.

<origin graphs//Rn201(Peak Fitting).png, id=331, 675.12225pt x 416.15475pt>
File: origin graphs//Rn201(Peak Fitting).png Graphic file (type png)
<use origin graphs//Rn201(Peak Fitting).png>
Package pdftex.def Info: origin graphs//Rn201(Peak Fitting).png  used on input 
line 273.
(pdftex.def)             Requested size: 337.5603pt x 208.07686pt.

! LaTeX Error: \begin{figure} on input line 262 ended by \end{subfigure}.

See the LaTeX manual or LaTeX Companion for explanation.
Type  H <return>  for immediate help.
 ...                                              
                                                  
l.276 \end{subfigure}
                     
Your command was ignored.
Type  I <command> <return>  to replace it with another command,
or  <return>  to continue without it.

[18

 <./origin graphs//Rn201.png> <./origin graphs//Rn201(Peak Fitting).png>]

Package hyperref Warning: Token not allowed in a PDF string (Unicode):
(hyperref)                removing `math shift' on input line 283.


Package hyperref Warning: Token not allowed in a PDF string (Unicode):
(hyperref)                removing `superscript' on input line 283.


Package hyperref Warning: Token not allowed in a PDF string (Unicode):
(hyperref)                removing `math shift' on input line 283.


! LaTeX Error: Environment subfigure undefined.

See the LaTeX manual or LaTeX Companion for explanation.
Type  H <return>  for immediate help.
 ...                                              
                                                  
l.286  \begin{subfigure}
                        
Your command was ignored.
Type  I <command> <return>  to replace it with another command,
or  <return>  to continue without it.

<origin graphs//Rn202.png, id=337, 657.05475pt x 431.81325pt>
File: origin graphs//Rn202.png Graphic file (type png)
<use origin graphs//Rn202.png>
Package pdftex.def Info: origin graphs//Rn202.png  used on input line 288.
(pdftex.def)             Requested size: 321.95964pt x 211.59033pt.

! LaTeX Error: \begin{figure} on input line 284 ended by \end{subfigure}.

See the LaTeX manual or LaTeX Companion for explanation.
Type  H <return>  for immediate help.
 ...                                              
                                                  
l.291 \end{subfigure}
                     
Your command was ignored.
Type  I <command> <return>  to replace it with another command,
or  <return>  to continue without it.


! LaTeX Error: Environment subfigure undefined.

See the LaTeX manual or LaTeX Companion for explanation.
Type  H <return>  for immediate help.
 ...                                              
                                                  
l.293 \begin{subfigure}
                       
Your command was ignored.
Type  I <command> <return>  to replace it with another command,
or  <return>  to continue without it.

<origin graphs//Rn202(Peak Fitting).png, id=338, 671.50874pt x 430.60875pt>
File: origin graphs//Rn202(Peak Fitting).png Graphic file (type png)
<use origin graphs//Rn202(Peak Fitting).png>
Package pdftex.def Info: origin graphs//Rn202(Peak Fitting).png  used on input 
line 295.
(pdftex.def)             Requested size: 329.04216pt x 211.00012pt.

! LaTeX Error: \begin{figure} on input line 284 ended by \end{subfigure}.

See the LaTeX manual or LaTeX Companion for explanation.
Type  H <return>  for immediate help.
 ...                                              
                                                  
l.298 \end{subfigure}
                     
Your command was ignored.
Type  I <command> <return>  to replace it with another command,
or  <return>  to continue without it.

[19

 <./origin graphs//Rn202.png> <./origin graphs//Rn202(Peak Fitting).png>]

Package hyperref Warning: Token not allowed in a PDF string (Unicode):
(hyperref)                removing `math shift' on input line 305.


Package hyperref Warning: Token not allowed in a PDF string (Unicode):
(hyperref)                removing `superscript' on input line 305.


Package hyperref Warning: Token not allowed in a PDF string (Unicode):
(hyperref)                removing `math shift' on input line 305.


! LaTeX Error: Environment subfigure undefined.

See the LaTeX manual or LaTeX Companion for explanation.
Type  H <return>  for immediate help.
 ...                                              
                                                  
l.308  \begin{subfigure}
                        
Your command was ignored.
Type  I <command> <return>  to replace it with another command,
or  <return>  to continue without it.

<origin graphs//Rn203.png, id=345, 672.71326pt x 426.99525pt>
File: origin graphs//Rn203.png Graphic file (type png)
<use origin graphs//Rn203.png>
Package pdftex.def Info: origin graphs//Rn203.png  used on input line 310.
(pdftex.def)             Requested size: 329.63237pt x 209.2295pt.

! LaTeX Error: \begin{figure} on input line 306 ended by \end{subfigure}.

See the LaTeX manual or LaTeX Companion for explanation.
Type  H <return>  for immediate help.
 ...                                              
                                                  
l.313 \end{subfigure}
                     
Your command was ignored.
Type  I <command> <return>  to replace it with another command,
or  <return>  to continue without it.


! LaTeX Error: Environment subfigure undefined.

See the LaTeX manual or LaTeX Companion for explanation.
Type  H <return>  for immediate help.
 ...                                              
                                                  
l.315 \begin{subfigure}
                       
Your command was ignored.
Type  I <command> <return>  to replace it with another command,
or  <return>  to continue without it.

<origin graphs//Rn203(Peak Fitting).png, id=346, 671.50874pt x 423.38174pt>
File: origin graphs//Rn203(Peak Fitting).png Graphic file (type png)
<use origin graphs//Rn203(Peak Fitting).png>
Package pdftex.def Info: origin graphs//Rn203(Peak Fitting).png  used on input 
line 317.
(pdftex.def)             Requested size: 329.04216pt x 207.45886pt.

! LaTeX Error: \begin{figure} on input line 306 ended by \end{subfigure}.

See the LaTeX manual or LaTeX Companion for explanation.
Type  H <return>  for immediate help.
 ...                                              
                                                  
l.320 \end{subfigure}
                     
Your command was ignored.
Type  I <command> <return>  to replace it with another command,
or  <return>  to continue without it.

[20

 <./origin graphs//Rn203.png> <./origin graphs//Rn203(Peak Fitting).png>]

Package hyperref Warning: Token not allowed in a PDF string (Unicode):
(hyperref)                removing `math shift' on input line 327.


Package hyperref Warning: Token not allowed in a PDF string (Unicode):
(hyperref)                removing `superscript' on input line 327.


Package hyperref Warning: Token not allowed in a PDF string (Unicode):
(hyperref)                removing `math shift' on input line 327.


! LaTeX Error: Environment subfigure undefined.

See the LaTeX manual or LaTeX Companion for explanation.
Type  H <return>  for immediate help.
 ...                                              
                                                  
l.330  \begin{subfigure}
                        
Your command was ignored.
Type  I <command> <return>  to replace it with another command,
or  <return>  to continue without it.

<origin graphs//Rn204.png, id=352, 670.30424pt x 422.17725pt>
File: origin graphs//Rn204.png Graphic file (type png)
<use origin graphs//Rn204.png>
Package pdftex.def Info: origin graphs//Rn204.png  used on input line 332.
(pdftex.def)             Requested size: 335.1513pt x 211.0881pt.

! LaTeX Error: \begin{figure} on input line 328 ended by \end{subfigure}.

See the LaTeX manual or LaTeX Companion for explanation.
Type  H <return>  for immediate help.
 ...                                              
                                                  
l.335 \end{subfigure}
                     
Your command was ignored.
Type  I <command> <return>  to replace it with another command,
or  <return>  to continue without it.


! LaTeX Error: Environment subfigure undefined.

See the LaTeX manual or LaTeX Companion for explanation.
Type  H <return>  for immediate help.
 ...                                              
                                                  
l.337 \begin{subfigure}
                       
Your command was ignored.
Type  I <command> <return>  to replace it with another command,
or  <return>  to continue without it.

<origin graphs//Rn204(Peak Fitting).png, id=353, 659.46375pt x 419.76825pt>
File: origin graphs//Rn204(Peak Fitting).png Graphic file (type png)
<use origin graphs//Rn204(Peak Fitting).png>
Package pdftex.def Info: origin graphs//Rn204(Peak Fitting).png  used on input 
line 339.
(pdftex.def)             Requested size: 329.73106pt x 209.8836pt.

! LaTeX Error: \begin{figure} on input line 328 ended by \end{subfigure}.

See the LaTeX manual or LaTeX Companion for explanation.
Type  H <return>  for immediate help.
 ...                                              
                                                  
l.342 \end{subfigure}
                     
Your command was ignored.
Type  I <command> <return>  to replace it with another command,
or  <return>  to continue without it.

[21

 <./origin graphs//Rn204.png> <./origin graphs//Rn204(Peak Fitting).png>]

Package hyperref Warning: Token not allowed in a PDF string (Unicode):
(hyperref)                removing `math shift' on input line 349.


Package hyperref Warning: Token not allowed in a PDF string (Unicode):
(hyperref)                removing `superscript' on input line 349.


Package hyperref Warning: Token not allowed in a PDF string (Unicode):
(hyperref)                removing `math shift' on input line 349.


! LaTeX Error: Environment subfigure undefined.

See the LaTeX manual or LaTeX Companion for explanation.
Type  H <return>  for immediate help.
 ...                                              
                                                  
l.352  \begin{subfigure}
                        
Your command was ignored.
Type  I <command> <return>  to replace it with another command,
or  <return>  to continue without it.

<origin graphs//Rn205.png, id=359, 689.57625pt x 420.97275pt>
File: origin graphs//Rn205.png Graphic file (type png)
<use origin graphs//Rn205.png>
Package pdftex.def Info: origin graphs//Rn205.png  used on input line 354.
(pdftex.def)             Requested size: 344.78728pt x 210.48586pt.

! LaTeX Error: \begin{figure} on input line 350 ended by \end{subfigure}.

See the LaTeX manual or LaTeX Companion for explanation.
Type  H <return>  for immediate help.
 ...                                              
                                                  
l.357 \end{subfigure}
                     
Your command was ignored.
Type  I <command> <return>  to replace it with another command,
or  <return>  to continue without it.


! LaTeX Error: Environment subfigure undefined.

See the LaTeX manual or LaTeX Companion for explanation.
Type  H <return>  for immediate help.
 ...                                              
                                                  
l.359 \begin{subfigure}
                       
Your command was ignored.
Type  I <command> <return>  to replace it with another command,
or  <return>  to continue without it.

<origin graphs//Rn205(Peak Fitting).png, id=360, 695.59875pt x 423.38174pt>
File: origin graphs//Rn205(Peak Fitting).png Graphic file (type png)
<use origin graphs//Rn205(Peak Fitting).png>
Package pdftex.def Info: origin graphs//Rn205(Peak Fitting).png  used on input 
line 361.
(pdftex.def)             Requested size: 347.79852pt x 211.69035pt.

! LaTeX Error: \begin{figure} on input line 350 ended by \end{subfigure}.

See the LaTeX manual or LaTeX Companion for explanation.
Type  H <return>  for immediate help.
 ...                                              
                                                  
l.364 \end{subfigure}
                     
Your command was ignored.
Type  I <command> <return>  to replace it with another command,
or  <return>  to continue without it.

[22

 <./origin graphs//Rn205.png> <./origin graphs//Rn205(Peak Fitting).png>]

Package hyperref Warning: Token not allowed in a PDF string (Unicode):
(hyperref)                removing `math shift' on input line 371.


Package hyperref Warning: Token not allowed in a PDF string (Unicode):
(hyperref)                removing `superscript' on input line 371.


Package hyperref Warning: Token not allowed in a PDF string (Unicode):
(hyperref)                removing `superscript' on input line 371.


Package hyperref Warning: Token not allowed in a PDF string (Unicode):
(hyperref)                removing `superscript' on input line 371.


Package hyperref Warning: Token not allowed in a PDF string (Unicode):
(hyperref)                removing `math shift' on input line 371.

<origin graphs//Heatmap_Rn(201-205).png, id=366, 604.05675pt x 489.62926pt>
File: origin graphs//Heatmap_Rn(201-205).png Graphic file (type png)
<use origin graphs//Heatmap_Rn(201-205).png>
Package pdftex.def Info: origin graphs//Heatmap_Rn(201-205).png  used on input 
line 374.
(pdftex.def)             Requested size: 302.02763pt x 244.81403pt.

Overfull \hbox (1.91551pt too wide) in paragraph at lines 379--379
[]\OT1/cmr/bx/n/17.28 SPECTROSCOPIC IN-VES-TI-GA-TION OF
 []


Package hyperref Warning: Token not allowed in a PDF string (Unicode):
(hyperref)                removing `\\' on input line 379.


Package hyperref Warning: Token not allowed in a PDF string (Unicode):
(hyperref)                removing `math shift' on input line 379.


Package hyperref Warning: Token not allowed in a PDF string (Unicode):
(hyperref)                removing `superscript' on input line 379.


Package hyperref Warning: Token not allowed in a PDF string (Unicode):
(hyperref)                removing `math shift' on input line 379.


Package hyperref Warning: Token not allowed in a PDF string (Unicode):
(hyperref)                removing `math shift' on input line 379.


Package hyperref Warning: Token not allowed in a PDF string (Unicode):
(hyperref)                removing `superscript' on input line 379.


Package hyperref Warning: Token not allowed in a PDF string (Unicode):
(hyperref)                removing `math shift' on input line 379.

[23

 <./origin graphs//Heatmap_Rn(201-205).png>]

Package hyperref Warning: Difference (2) between bookmark levels is greater 
(hyperref)                than one, level fixed on input line 384.


Package hyperref Warning: Token not allowed in a PDF string (Unicode):
(hyperref)                removing `math shift' on input line 384.


Package hyperref Warning: Token not allowed in a PDF string (Unicode):
(hyperref)                removing `superscript' on input line 384.


Package hyperref Warning: Token not allowed in a PDF string (Unicode):
(hyperref)                removing `math shift' on input line 384.


! LaTeX Error: Environment subfigure undefined.

See the LaTeX manual or LaTeX Companion for explanation.
Type  H <return>  for immediate help.
 ...                                              
                                                  
l.387  \begin{subfigure}
                        
Your command was ignored.
Type  I <command> <return>  to replace it with another command,
or  <return>  to continue without it.

<origin graphs//Rn212.png, id=372, 695.59875pt x 420.97275pt>
File: origin graphs//Rn212.png Graphic file (type png)
<use origin graphs//Rn212.png>
Package pdftex.def Info: origin graphs//Rn212.png  used on input line 389.
(pdftex.def)             Requested size: 347.79852pt x 210.48586pt.

! LaTeX Error: \begin{figure} on input line 385 ended by \end{subfigure}.

See the LaTeX manual or LaTeX Companion for explanation.
Type  H <return>  for immediate help.
 ...                                              
                                                  
l.392 \end{subfigure}
                     
Your command was ignored.
Type  I <command> <return>  to replace it with another command,
or  <return>  to continue without it.


! LaTeX Error: Environment subfigure undefined.

See the LaTeX manual or LaTeX Companion for explanation.
Type  H <return>  for immediate help.
 ...                                              
                                                  
l.394 \begin{subfigure}
                       
Your command was ignored.
Type  I <command> <return>  to replace it with another command,
or  <return>  to continue without it.

<origin graphs//Rn212(Peak Fitting).png, id=373, 687.16725pt x 423.38174pt>
File: origin graphs//Rn212(Peak Fitting).png Graphic file (type png)
<use origin graphs//Rn212(Peak Fitting).png>
Package pdftex.def Info: origin graphs//Rn212(Peak Fitting).png  used on input 
line 396.
(pdftex.def)             Requested size: 343.58278pt x 211.69035pt.

! LaTeX Error: \begin{figure} on input line 385 ended by \end{subfigure}.

See the LaTeX manual or LaTeX Companion for explanation.
Type  H <return>  for immediate help.
 ...                                              
                                                  
l.399 \end{subfigure}
                     
Your command was ignored.
Type  I <command> <return>  to replace it with another command,
or  <return>  to continue without it.

[24

 <./origin graphs//Rn212.png> <./origin graphs//Rn212(Peak Fitting).png>]

Package hyperref Warning: Token not allowed in a PDF string (Unicode):
(hyperref)                removing `math shift' on input line 406.


Package hyperref Warning: Token not allowed in a PDF string (Unicode):
(hyperref)                removing `superscript' on input line 406.


Package hyperref Warning: Token not allowed in a PDF string (Unicode):
(hyperref)                removing `math shift' on input line 406.


! LaTeX Error: Environment subfigure undefined.

See the LaTeX manual or LaTeX Companion for explanation.
Type  H <return>  for immediate help.
 ...                                              
                                                  
l.409  \begin{subfigure}
                        
Your command was ignored.
Type  I <command> <return>  to replace it with another command,
or  <return>  to continue without it.

<origin graphs//Rn218.png, id=379, 672.71326pt x 423.38174pt>
File: origin graphs//Rn218.png Graphic file (type png)
<use origin graphs//Rn218.png>
Package pdftex.def Info: origin graphs//Rn218.png  used on input line 411.
(pdftex.def)             Requested size: 336.3558pt x 211.69035pt.

! LaTeX Error: \begin{figure} on input line 407 ended by \end{subfigure}.

See the LaTeX manual or LaTeX Companion for explanation.
Type  H <return>  for immediate help.
 ...                                              
                                                  
l.414 \end{subfigure}
                     
Your command was ignored.
Type  I <command> <return>  to replace it with another command,
or  <return>  to continue without it.


! LaTeX Error: Environment subfigure undefined.

See the LaTeX manual or LaTeX Companion for explanation.
Type  H <return>  for immediate help.
 ...                                              
                                                  
l.416 \begin{subfigure}
                       
Your command was ignored.
Type  I <command> <return>  to replace it with another command,
or  <return>  to continue without it.

<origin graphs//Rn218(Peak Fitting).png, id=380, 678.73575pt x 420.97275pt>
File: origin graphs//Rn218(Peak Fitting).png Graphic file (type png)
<use origin graphs//Rn218(Peak Fitting).png>
Package pdftex.def Info: origin graphs//Rn218(Peak Fitting).png  used on input 
line 418.
(pdftex.def)             Requested size: 339.36703pt x 210.48586pt.

! LaTeX Error: \begin{figure} on input line 407 ended by \end{subfigure}.

See the LaTeX manual or LaTeX Companion for explanation.
Type  H <return>  for immediate help.
 ...                                              
                                                  
l.421 \end{subfigure}
                     
Your command was ignored.
Type  I <command> <return>  to replace it with another command,
or  <return>  to continue without it.

[25

 <./origin graphs//Rn218.png> <./origin graphs//Rn218(Peak Fitting).png>]

Package hyperref Warning: Token not allowed in a PDF string (Unicode):
(hyperref)                removing `math shift' on input line 428.


Package hyperref Warning: Token not allowed in a PDF string (Unicode):
(hyperref)                removing `superscript' on input line 428.


Package hyperref Warning: Token not allowed in a PDF string (Unicode):
(hyperref)                removing `math shift' on input line 428.


! LaTeX Error: Environment subfigure undefined.

See the LaTeX manual or LaTeX Companion for explanation.
Type  H <return>  for immediate help.
 ...                                              
                                                  
l.431  \begin{subfigure}
                        
Your command was ignored.
Type  I <command> <return>  to replace it with another command,
or  <return>  to continue without it.

<origin graphs//Rn219.png, id=387, 695.59875pt x 412.54124pt>
File: origin graphs//Rn219.png Graphic file (type png)
<use origin graphs//Rn219.png>
Package pdftex.def Info: origin graphs//Rn219.png  used on input line 433.
(pdftex.def)             Requested size: 347.79852pt x 206.27011pt.

! LaTeX Error: \begin{figure} on input line 429 ended by \end{subfigure}.

See the LaTeX manual or LaTeX Companion for explanation.
Type  H <return>  for immediate help.
 ...                                              
                                                  
l.436 \end{subfigure}
                     
Your command was ignored.
Type  I <command> <return>  to replace it with another command,
or  <return>  to continue without it.


! LaTeX Error: Environment subfigure undefined.

See the LaTeX manual or LaTeX Companion for explanation.
Type  H <return>  for immediate help.
 ...                                              
                                                  
l.438 \begin{subfigure}
                       
Your command was ignored.
Type  I <command> <return>  to replace it with another command,
or  <return>  to continue without it.

<origin graphs//Rn219(Peak Fitting).png, id=388, 670.30424pt x 410.13225pt>
File: origin graphs//Rn219(Peak Fitting).png Graphic file (type png)
<use origin graphs//Rn219(Peak Fitting).png>
Package pdftex.def Info: origin graphs//Rn219(Peak Fitting).png  used on input 
line 440.
(pdftex.def)             Requested size: 335.1513pt x 205.06561pt.

! LaTeX Error: \begin{figure} on input line 429 ended by \end{subfigure}.

See the LaTeX manual or LaTeX Companion for explanation.
Type  H <return>  for immediate help.
 ...                                              
                                                  
l.443 \end{subfigure}
                     
Your command was ignored.
Type  I <command> <return>  to replace it with another command,
or  <return>  to continue without it.

[26

 <./origin graphs//Rn219.png> <./origin graphs//Rn219(Peak Fitting).png>]

Package hyperref Warning: Token not allowed in a PDF string (Unicode):
(hyperref)                removing `math shift' on input line 450.


Package hyperref Warning: Token not allowed in a PDF string (Unicode):
(hyperref)                removing `superscript' on input line 450.


Package hyperref Warning: Token not allowed in a PDF string (Unicode):
(hyperref)                removing `math shift' on input line 450.


Package hyperref Warning: Token not allowed in a PDF string (Unicode):
(hyperref)                removing `math shift' on input line 450.


Package hyperref Warning: Token not allowed in a PDF string (Unicode):
(hyperref)                removing `superscript' on input line 450.


Package hyperref Warning: Token not allowed in a PDF string (Unicode):
(hyperref)                removing `math shift' on input line 450.

<origin graphs//Heatmap_Rn(212,218,219).png, id=394, 612.48825pt x 492.03825pt>

File: origin graphs//Heatmap_Rn(212,218,219).png Graphic file (type png)
<use origin graphs//Heatmap_Rn(212,218,219).png>
Package pdftex.def Info: origin graphs//Heatmap_Rn(212,218,219).png  used on in
put line 453.
(pdftex.def)             Requested size: 306.24338pt x 246.01852pt.
[27

 <./origin graphs//Heatmap_Rn(212,218,219).png>] (JINR.bbl) [28] (JINR.aux)
Package rerunfilecheck Info: File `JINR.out' has not changed.
(rerunfilecheck)             Checksum: E98A5F0F85BFD7BC246977A0681A3BF6;6408.
 ) 
Here is how much of TeX's memory you used:
 11577 strings out of 478659
 196358 string characters out of 2842092
 494655 words of memory out of 3000000
 29426 multiletter control sequences out of 15000+600000
 410207 words of font info for 49 fonts, out of 8000000 for 9000
 1141 hyphenation exceptions out of 8191
 61i,17n,75p,1285b,454s stack positions out of 5000i,500n,10000p,200000b,80000s
 <C:\Users\Rishav Pandey\AppData\Local\MiKTeX\fonts/pk/ljfour/jknappen/ec/dpi
600\tcrm1200.pk><C:/Users/Rishav Pandey/AppData/Local/Programs/MiKTeX/fonts/typ
e1/public/amsfonts/cm/cmbx10.pfb><C:/Users/Rishav Pandey/AppData/Local/Programs
/MiKTeX/fonts/type1/public/amsfonts/cm/cmbx12.pfb><C:/Users/Rishav Pandey/AppDa
ta/Local/Programs/MiKTeX/fonts/type1/public/amsfonts/cm/cmmi10.pfb><C:/Users/Ri
shav Pandey/AppData/Local/Programs/MiKTeX/fonts/type1/public/amsfonts/cm/cmmi12
.pfb><C:/Users/Rishav Pandey/AppData/Local/Programs/MiKTeX/fonts/type1/public/a
msfonts/cm/cmmi8.pfb><C:/Users/Rishav Pandey/AppData/Local/Programs/MiKTeX/font
s/type1/public/amsfonts/cm/cmr10.pfb><C:/Users/Rishav Pandey/AppData/Local/Prog
rams/MiKTeX/fonts/type1/public/amsfonts/cm/cmr12.pfb><C:/Users/Rishav Pandey/Ap
pData/Local/Programs/MiKTeX/fonts/type1/public/amsfonts/cm/cmr17.pfb><C:/Users/
Rishav Pandey/AppData/Local/Programs/MiKTeX/fonts/type1/public/amsfonts/cm/cmr8
.pfb><C:/Users/Rishav Pandey/AppData/Local/Programs/MiKTeX/fonts/type1/public/a
msfonts/cm/cmsy10.pfb><C:/Users/Rishav Pandey/AppData/Local/Programs/MiKTeX/fon
ts/type1/public/amsfonts/cm/cmsy8.pfb><C:/Users/Rishav Pandey/AppData/Local/Pro
grams/MiKTeX/fonts/type1/public/amsfonts/cm/cmti12.pfb>
Output written on JINR.pdf (28 pages, 1612091 bytes).
PDF statistics:
 481 PDF objects out of 1000 (max. 8388607)
 91 named destinations out of 1000 (max. 500000)
 449 words of extra memory for PDF output out of 10000 (max. 10000000)

