This is pdfTeX, Version 3.141592653-2.6-1.40.24 (MiKTeX 22.8.28) (preloaded format=pdflatex 2022.10.5)  9 DEC 2022 20:18
entering extended mode
 restricted \write18 enabled.
 %&-line parsing enabled.
**./Sample_Research_Paper.tex
(Sample_Research_Paper.tex
LaTeX2e <2022-06-01> patch level 5
L3 programming layer <2022-08-30>
(C:\Users\Rishav Pandey\AppData\Local\Programs\MiKTeX\tex/latex/base\article.cl
s
Document Class: article 2021/10/04 v1.4n Standard LaTeX document class

(C:\Users\Rishav Pandey\AppData\Local\Programs\MiKTeX\tex/latex/base\size12.clo
File: size12.clo 2021/10/04 v1.4n Standard LaTeX file (size option)
)
\c@part=\count185
\c@section=\count186
\c@subsection=\count187
\c@subsubsection=\count188
\c@paragraph=\count189
\c@subparagraph=\count190
\c@figure=\count191
\c@table=\count192
\abovecaptionskip=\skip47
\belowcaptionskip=\skip48
\bibindent=\dimen138
)
(C:\Users\Rishav Pandey\AppData\Local\Programs\MiKTeX\tex/latex/graphics\graphi
cx.sty
Package: graphicx 2021/09/16 v1.2d Enhanced LaTeX Graphics (DPC,SPQR)

(C:\Users\Rishav Pandey\AppData\Local\Programs\MiKTeX\tex/latex/graphics\keyval
.sty
Package: keyval 2022/05/29 v1.15 key=value parser (DPC)
\KV@toks@=\toks16
)
(C:\Users\Rishav Pandey\AppData\Local\Programs\MiKTeX\tex/latex/graphics\graphi
cs.sty
Package: graphics 2022/03/10 v1.4e Standard LaTeX Graphics (DPC,SPQR)

(C:\Users\Rishav Pandey\AppData\Local\Programs\MiKTeX\tex/latex/graphics\trig.s
ty
Package: trig 2021/08/11 v1.11 sin cos tan (DPC)
)
(C:\Users\Rishav Pandey\AppData\Local\Programs\MiKTeX\tex/latex/graphics-cfg\gr
aphics.cfg
File: graphics.cfg 2016/06/04 v1.11 sample graphics configuration
)
Package graphics Info: Driver file: pdftex.def on input line 107.

(C:\Users\Rishav Pandey\AppData\Local\Programs\MiKTeX\tex/latex/graphics-def\pd
ftex.def
File: pdftex.def 2020/10/05 v1.2a Graphics/color driver for pdftex
))
\Gin@req@height=\dimen139
\Gin@req@width=\dimen140
)
(C:\Users\Rishav Pandey\AppData\Local\Programs\MiKTeX\tex/latex/geometry\geomet
ry.sty
Package: geometry 2020/01/02 v5.9 Page Geometry

(C:\Users\Rishav Pandey\AppData\Local\Programs\MiKTeX\tex/generic/iftex\ifvtex.
sty
Package: ifvtex 2019/10/25 v1.7 ifvtex legacy package. Use iftex instead.

(C:\Users\Rishav Pandey\AppData\Local\Programs\MiKTeX\tex/generic/iftex\iftex.s
ty
Package: iftex 2022/02/03 v1.0f TeX engine tests
))
\Gm@cnth=\count193
\Gm@cntv=\count194
\c@Gm@tempcnt=\count195
\Gm@bindingoffset=\dimen141
\Gm@wd@mp=\dimen142
\Gm@odd@mp=\dimen143
\Gm@even@mp=\dimen144
\Gm@layoutwidth=\dimen145
\Gm@layoutheight=\dimen146
\Gm@layouthoffset=\dimen147
\Gm@layoutvoffset=\dimen148
\Gm@dimlist=\toks17

(C:\Users\Rishav Pandey\AppData\Local\Programs\MiKTeX\tex/latex/geometry\geomet
ry.cfg))
(C:\Users\Rishav Pandey\AppData\Local\Programs\MiKTeX\tex/latex/hyperref\hyperr
ef.sty
Package: hyperref 2022-09-22 v7.00t Hypertext links for LaTeX

(C:\Users\Rishav Pandey\AppData\Local\Programs\MiKTeX\tex/generic/ltxcmds\ltxcm
ds.sty
Package: ltxcmds 2020-05-10 v1.25 LaTeX kernel commands for general use (HO)
)
(C:\Users\Rishav Pandey\AppData\Local\Programs\MiKTeX\tex/generic/pdftexcmds\pd
ftexcmds.sty
Package: pdftexcmds 2020-06-27 v0.33 Utility functions of pdfTeX for LuaTeX (HO
)

(C:\Users\Rishav Pandey\AppData\Local\Programs\MiKTeX\tex/generic/infwarerr\inf
warerr.sty
Package: infwarerr 2019/12/03 v1.5 Providing info/warning/error messages (HO)
)
Package pdftexcmds Info: \pdf@primitive is available.
Package pdftexcmds Info: \pdf@ifprimitive is available.
Package pdftexcmds Info: \pdfdraftmode found.
)
(C:\Users\Rishav Pandey\AppData\Local\Programs\MiKTeX\tex/generic/kvsetkeys\kvs
etkeys.sty
Package: kvsetkeys 2019/12/15 v1.18 Key value parser (HO)
)
(C:\Users\Rishav Pandey\AppData\Local\Programs\MiKTeX\tex/generic/kvdefinekeys\
kvdefinekeys.sty
Package: kvdefinekeys 2019-12-19 v1.6 Define keys (HO)
)
(C:\Users\Rishav Pandey\AppData\Local\Programs\MiKTeX\tex/generic/pdfescape\pdf
escape.sty
Package: pdfescape 2019/12/09 v1.15 Implements pdfTeX's escape features (HO)
)
(C:\Users\Rishav Pandey\AppData\Local\Programs\MiKTeX\tex/latex/hycolor\hycolor
.sty
Package: hycolor 2020-01-27 v1.10 Color options for hyperref/bookmark (HO)
)
(C:\Users\Rishav Pandey\AppData\Local\Programs\MiKTeX\tex/latex/letltxmacro\let
ltxmacro.sty
Package: letltxmacro 2019/12/03 v1.6 Let assignment for LaTeX macros (HO)
)
(C:\Users\Rishav Pandey\AppData\Local\Programs\MiKTeX\tex/latex/auxhook\auxhook
.sty
Package: auxhook 2019-12-17 v1.6 Hooks for auxiliary files (HO)
)
(C:\Users\Rishav Pandey\AppData\Local\Programs\MiKTeX\tex/latex/hyperref\namere
f.sty
Package: nameref 2022-05-17 v2.50 Cross-referencing by name of section

(C:\Users\Rishav Pandey\AppData\Local\Programs\MiKTeX\tex/latex/refcount\refcou
nt.sty
Package: refcount 2019/12/15 v3.6 Data extraction from label references (HO)
)
(C:\Users\Rishav Pandey\AppData\Local\Programs\MiKTeX\tex/generic/gettitlestrin
g\gettitlestring.sty
Package: gettitlestring 2019/12/15 v1.6 Cleanup title references (HO)

(C:\Users\Rishav Pandey\AppData\Local\Programs\MiKTeX\tex/latex/kvoptions\kvopt
ions.sty
Package: kvoptions 2022-06-15 v3.15 Key value format for package options (HO)
))
\c@section@level=\count196
)
\@linkdim=\dimen149
\Hy@linkcounter=\count197
\Hy@pagecounter=\count198

(C:\Users\Rishav Pandey\AppData\Local\Programs\MiKTeX\tex/latex/hyperref\pd1enc
.def
File: pd1enc.def 2022-09-22 v7.00t Hyperref: PDFDocEncoding definition (HO)
Now handling font encoding PD1 ...
... no UTF-8 mapping file for font encoding PD1
)
(C:\Users\Rishav Pandey\AppData\Local\Programs\MiKTeX\tex/generic/intcalc\intca
lc.sty
Package: intcalc 2019/12/15 v1.3 Expandable calculations with integers (HO)
)
(C:\Users\Rishav Pandey\AppData\Local\Programs\MiKTeX\tex/generic/etexcmds\etex
cmds.sty
Package: etexcmds 2019/12/15 v1.7 Avoid name clashes with e-TeX commands (HO)
)
\Hy@SavedSpaceFactor=\count199

(C:\Users\Rishav Pandey\AppData\Local\Programs\MiKTeX\tex/latex/hyperref\puenc.
def
File: puenc.def 2022-09-22 v7.00t Hyperref: PDF Unicode definition (HO)
Now handling font encoding PU ...
... no UTF-8 mapping file for font encoding PU
)
Package hyperref Info: Hyper figures OFF on input line 4162.
Package hyperref Info: Link nesting OFF on input line 4167.
Package hyperref Info: Hyper index ON on input line 4170.
Package hyperref Info: Plain pages OFF on input line 4177.
Package hyperref Info: Backreferencing OFF on input line 4182.
Package hyperref Info: Implicit mode ON; LaTeX internals redefined.
\stockwidth=\dimen150
\stockheight=\dimen151
Package hyperref Info: Bookmarks ON on input line 4410.
\c@Hy@tempcnt=\count266

(C:\Users\Rishav Pandey\AppData\Local\Programs\MiKTeX\tex/latex/url\url.sty
\Urlmuskip=\muskip16
Package: url 2013/09/16  ver 3.4  Verb mode for urls, etc.
)
LaTeX Info: Redefining \url on input line 4748.
\XeTeXLinkMargin=\dimen152

(C:\Users\Rishav Pandey\AppData\Local\Programs\MiKTeX\tex/generic/bitset\bitset
.sty
Package: bitset 2019/12/09 v1.3 Handle bit-vector datatype (HO)

(C:\Users\Rishav Pandey\AppData\Local\Programs\MiKTeX\tex/generic/bigintcalc\bi
gintcalc.sty
Package: bigintcalc 2019/12/15 v1.5 Expandable calculations on big integers (HO
)
))
\Fld@menulength=\count267
\Field@Width=\dimen153
\Fld@charsize=\dimen154
Package hyperref Info: Hyper figures OFF on input line 6027.
Package hyperref Info: Link nesting OFF on input line 6032.
Package hyperref Info: Hyper index ON on input line 6035.
Package hyperref Info: backreferencing OFF on input line 6042.
Package hyperref Info: Link coloring OFF on input line 6047.
Package hyperref Info: Link coloring with OCG OFF on input line 6052.
Package hyperref Info: PDF/A mode OFF on input line 6057.

(C:\Users\Rishav Pandey\AppData\Local\Programs\MiKTeX\tex/latex/base\atbegshi-l
tx.sty
Package: atbegshi-ltx 2021/01/10 v1.0c Emulation of the original atbegshi
package with kernel methods
)
\Hy@abspage=\count268
\c@Item=\count269
\c@Hfootnote=\count270
)
Package hyperref Info: Driver (autodetected): hpdftex.

(C:\Users\Rishav Pandey\AppData\Local\Programs\MiKTeX\tex/latex/hyperref\hpdfte
x.def
File: hpdftex.def 2022-09-22 v7.00t Hyperref driver for pdfTeX

(C:\Users\Rishav Pandey\AppData\Local\Programs\MiKTeX\tex/latex/base\atveryend-
ltx.sty
Package: atveryend-ltx 2020/08/19 v1.0a Emulation of the original atveryend pac
kage
with kernel methods
)
\Fld@listcount=\count271
\c@bookmark@seq@number=\count272

(C:\Users\Rishav Pandey\AppData\Local\Programs\MiKTeX\tex/latex/rerunfilecheck\
rerunfilecheck.sty
Package: rerunfilecheck 2022-07-10 v1.10 Rerun checks for auxiliary files (HO)

(C:\Users\Rishav Pandey\AppData\Local\Programs\MiKTeX\tex/generic/uniquecounter
\uniquecounter.sty
Package: uniquecounter 2019/12/15 v1.4 Provide unlimited unique counter (HO)
)
Package uniquecounter Info: New unique counter `rerunfilecheck' on input line 2
85.
)
\Hy@SectionHShift=\skip49
)
Package hyperref Info: Option `colorlinks' set `true' on input line 11.

(C:\Users\Rishav Pandey\AppData\Local\Programs\MiKTeX\tex/latex/preprint\authbl
k.sty
Package: authblk 2001/02/27 1.3 (PWD)
\affilsep=\skip50
\@affilsep=\skip51
\c@Maxaffil=\count273
\c@authors=\count274
\c@affil=\count275
)
(C:\Users\Rishav Pandey\AppData\Local\Programs\MiKTeX\tex/latex/caption\subcapt
ion.sty
Package: subcaption 2022/01/07 v1.5 Sub-captions (AR)

(C:\Users\Rishav Pandey\AppData\Local\Programs\MiKTeX\tex/latex/caption\caption
.sty
Package: caption 2022/03/01 v3.6b Customizing captions (AR)

(C:\Users\Rishav Pandey\AppData\Local\Programs\MiKTeX\tex/latex/caption\caption
3.sty
Package: caption3 2022/03/17 v2.3b caption3 kernel (AR)
\caption@tempdima=\dimen155
\captionmargin=\dimen156
\caption@leftmargin=\dimen157
\caption@rightmargin=\dimen158
\caption@width=\dimen159
\caption@indent=\dimen160
\caption@parindent=\dimen161
\caption@hangindent=\dimen162
Package caption Info: Standard document class detected.
)
\c@caption@flags=\count276
\c@continuedfloat=\count277
Package caption Info: hyperref package is loaded.
)
\c@subfigure=\count278
\c@subtable=\count279
)
(C:\Users\Rishav Pandey\AppData\Local\Programs\MiKTeX\tex/latex/sectsty\sectsty
.sty
Package: sectsty 2002/02/25 v2.0.2 Commands to change all sectional heading sty
les


LaTeX Warning: Command \underbar  has changed.
               Check if current package is valid.


LaTeX Warning: Command \underline  has changed.
               Check if current package is valid.

) (C:\Users\Rishav Pandey\AppData\Local\Programs\MiKTeX\tex/latex/cite\cite.sty
LaTeX Info: Redefining \cite on input line 302.
LaTeX Info: Redefining \nocite on input line 332.
Package: cite 2015/02/27  v 5.5
)
(C:\Users\Rishav Pandey\AppData\Local\Programs\MiKTeX\tex/latex/tools\verbatim.
sty
Package: verbatim 2020-07-07 v1.5u LaTeX2e package for verbatim enhancements
\every@verbatim=\toks18
\verbatim@line=\toks19
\verbatim@in@stream=\read2
)
(C:\Users\Rishav Pandey\AppData\Local\Programs\MiKTeX\tex/latex/float\float.sty
Package: float 2001/11/08 v1.3d Float enhancements (AL)
\c@float@type=\count280
\float@exts=\toks20
\float@box=\box51
\@float@everytoks=\toks21
\@floatcapt=\box52
)
(C:\Users\Rishav Pandey\AppData\Local\Programs\MiKTeX\tex/latex/l3backend\l3bac
kend-pdftex.def
File: l3backend-pdftex.def 2022-08-30 L3 backend support: PDF output (pdfTeX)
\l__color_backend_stack_int=\count281
\l__pdf_internal_box=\box53
) (Sample_Research_Paper.aux)
\openout1 = `Sample_Research_Paper.aux'.

LaTeX Font Info:    Checking defaults for OML/cmm/m/it on input line 49.
LaTeX Font Info:    ... okay on input line 49.
LaTeX Font Info:    Checking defaults for OMS/cmsy/m/n on input line 49.
LaTeX Font Info:    ... okay on input line 49.
LaTeX Font Info:    Checking defaults for OT1/cmr/m/n on input line 49.
LaTeX Font Info:    ... okay on input line 49.
LaTeX Font Info:    Checking defaults for T1/cmr/m/n on input line 49.
LaTeX Font Info:    ... okay on input line 49.
LaTeX Font Info:    Checking defaults for TS1/cmr/m/n on input line 49.
LaTeX Font Info:    ... okay on input line 49.
LaTeX Font Info:    Checking defaults for OMX/cmex/m/n on input line 49.
LaTeX Font Info:    ... okay on input line 49.
LaTeX Font Info:    Checking defaults for U/cmr/m/n on input line 49.
LaTeX Font Info:    ... okay on input line 49.
LaTeX Font Info:    Checking defaults for PD1/pdf/m/n on input line 49.
LaTeX Font Info:    ... okay on input line 49.
LaTeX Font Info:    Checking defaults for PU/pdf/m/n on input line 49.
LaTeX Font Info:    ... okay on input line 49.

(C:\Users\Rishav Pandey\AppData\Local\Programs\MiKTeX\tex/context/base/mkii\sup
p-pdf.mkii
[Loading MPS to PDF converter (version 2006.09.02).]
\scratchcounter=\count282
\scratchdimen=\dimen163
\scratchbox=\box54
\nofMPsegments=\count283
\nofMParguments=\count284
\everyMPshowfont=\toks22
\MPscratchCnt=\count285
\MPscratchDim=\dimen164
\MPnumerator=\count286
\makeMPintoPDFobject=\count287
\everyMPtoPDFconversion=\toks23
)
(C:\Users\Rishav Pandey\AppData\Local\Programs\MiKTeX\tex/latex/epstopdf-pkg\ep
stopdf-base.sty
Package: epstopdf-base 2020-01-24 v2.11 Base part for package epstopdf
Package epstopdf-base Info: Redefining graphics rule for `.eps' on input line 4
85.

(C:\Users\Rishav Pandey\AppData\Local\Programs\MiKTeX\tex/latex/00miktex\epstop
df-sys.cfg
File: epstopdf-sys.cfg 2021/03/18 v2.0 Configuration of epstopdf for MiKTeX
))
*geometry* driver: auto-detecting
*geometry* detected driver: pdftex
*geometry* verbose mode - [ preamble ] result:
* driver: pdftex
* paper: <default>
* layout: <same size as paper>
* layoutoffset:(h,v)=(0.0pt,0.0pt)
* modes: 
* h-part:(L,W,R)=(71.13188pt, 472.03123pt, 71.13188pt)
* v-part:(T,H,B)=(71.13188pt, 652.70622pt, 71.13188pt)
* \paperwidth=614.295pt
* \paperheight=794.96999pt
* \textwidth=472.03123pt
* \textheight=652.70622pt
* \oddsidemargin=-1.1381pt
* \evensidemargin=-1.1381pt
* \topmargin=-38.1381pt
* \headheight=12.0pt
* \headsep=25.0pt
* \topskip=12.0pt
* \footskip=30.0pt
* \marginparwidth=4.0pt
* \marginparsep=10.0pt
* \columnsep=10.0pt
* \skip\footins=10.8pt plus 4.0pt minus 2.0pt
* \hoffset=0.0pt
* \voffset=0.0pt
* \mag=1000
* \@twocolumntrue
* \@twosidefalse
* \@mparswitchfalse
* \@reversemarginfalse
* (1in=72.27pt=25.4mm, 1cm=28.453pt)


(C:\Users\Rishav Pandey\AppData\Local\Programs\MiKTeX\tex/latex/graphics\color.
sty
Package: color 2022/01/06 v1.3d Standard LaTeX Color (DPC)

(C:\Users\Rishav Pandey\AppData\Local\Programs\MiKTeX\tex/latex/graphics-cfg\co
lor.cfg
File: color.cfg 2016/01/02 v1.6 sample color configuration
)
Package color Info: Driver file: pdftex.def on input line 149.

(C:\Users\Rishav Pandey\AppData\Local\Programs\MiKTeX\tex/latex-dev/graphics\ma
thcolor.ltx))
Package hyperref Info: Link coloring ON on input line 49.
 (Sample_Research_Paper.out) (Sample_Research_Paper.out)
\@outlinefile=\write3
\openout3 = `Sample_Research_Paper.out'.

Package caption Info: Begin \AtBeginDocument code.
Package caption Info: float package is loaded.
Package caption Info: End \AtBeginDocument code.
LaTeX Font Info:    External font `cmex10' loaded for size
(Font)              <14.4> on input line 63.
LaTeX Font Info:    External font `cmex10' loaded for size
(Font)              <7> on input line 63.
LaTeX Font Info:    External font `cmex10' loaded for size
(Font)              <10.95> on input line 63.
LaTeX Font Info:    External font `cmex10' loaded for size
(Font)              <8> on input line 63.
LaTeX Font Info:    External font `cmex10' loaded for size
(Font)              <6> on input line 63.
 [1{C:/Users/Rishav Pandey/AppData/Local/MiKTeX/fonts/map/pdftex/pdftex.map}



]
Underfull \hbox (badness 2189) in paragraph at lines 74--81
[]\OT1/cmr/m/n/12 Hadrons pro-duced in hadron col-li-sions
 []

LaTeX Font Info:    External font `cmex10' loaded for size
(Font)              <12> on input line 83.
<SPD_HIC_Histograms//ABRAMOV_Fig.36.jpg, id=103, 1084.05pt x 1121.18875pt>
File: SPD_HIC_Histograms//ABRAMOV_Fig.36.jpg Graphic file (type jpg)
<use SPD_HIC_Histograms//ABRAMOV_Fig.36.jpg>
Package pdftex.def Info: SPD_HIC_Histograms//ABRAMOV_Fig.36.jpg  used on input 
line 96.
(pdftex.def)             Requested size: 226.56549pt x 234.32745pt.
LaTeX Font Info:    External font `cmex10' loaded for size
(Font)              <5> on input line 97.
<SPD_HIC_Histograms//ABRAMOV_Fig.37.jpg, id=104, 1084.05pt x 1152.305pt>
File: SPD_HIC_Histograms//ABRAMOV_Fig.37.jpg Graphic file (type jpg)
<use SPD_HIC_Histograms//ABRAMOV_Fig.37.jpg>
Package pdftex.def Info: SPD_HIC_Histograms//ABRAMOV_Fig.37.jpg  used on input 
line 104.
(pdftex.def)             Requested size: 226.56549pt x 240.83073pt.
<SPD_HIC_Histograms//NICA_Collider.png, id=105, 1401.73688pt x 621.82312pt>
File: SPD_HIC_Histograms//NICA_Collider.png Graphic file (type png)
<use SPD_HIC_Histograms//NICA_Collider.png>
Package pdftex.def Info: SPD_HIC_Histograms//NICA_Collider.png  used on input l
ine 114.
(pdftex.def)             Requested size: 420.5243pt x 186.54837pt.

LaTeX Warning: `h' float specifier changed to `ht'.

[2

 <./SPD_HIC_Histograms//ABRAMOV_Fig.36.jpg> <./SPD_HIC_Histograms//ABRAMOV_Fig.
37.jpg>]
<SPD_HIC_Histograms//Layout of the SPD setup proposed for first stage at NICA-S
PD.png, id=129, 808.82175pt x 372.79276pt>
File: SPD_HIC_Histograms//Layout of the SPD setup proposed for first stage at N
ICA-SPD.png Graphic file (type png)
<use SPD_HIC_Histograms//Layout of the SPD setup proposed for first stage at NI
CA-SPD.png>
Package pdftex.def Info: SPD_HIC_Histograms//Layout of the SPD setup proposed f
or first stage at NICA-SPD.png  used on input line 134.
(pdftex.def)             Requested size: 323.52296pt x 149.11446pt.


LaTeX Warning: `h' float specifier changed to `ht'.


Underfull \vbox (badness 10000) has occurred while \output is active []

 [3 <./SPD_HIC_Histograms//NICA_Collider.png>]
Underfull \vbox (badness 10000) has occurred while \output is active []

 [4 <./SPD_HIC_Histograms//Layout of the SPD setup proposed for first stage at 
NICA-SPD.png>]
<SPD_HIC_Histograms//ProtonMultiplicity_C12.png, id=150, 1622.06pt x 967.615pt>

File: SPD_HIC_Histograms//ProtonMultiplicity_C12.png Graphic file (type png)
<use SPD_HIC_Histograms//ProtonMultiplicity_C12.png>
Package pdftex.def Info: SPD_HIC_Histograms//ProtonMultiplicity_C12.png  used o
n input line 157.
(pdftex.def)             Requested size: 227.08685pt x 135.46518pt.
<SPD_HIC_Histograms//PionMultiplicity_C12.png, id=151, 1622.06pt x 967.615pt>
File: SPD_HIC_Histograms//PionMultiplicity_C12.png Graphic file (type png)
<use SPD_HIC_Histograms//PionMultiplicity_C12.png>
Package pdftex.def Info: SPD_HIC_Histograms//PionMultiplicity_C12.png  used on 
input line 165.
(pdftex.def)             Requested size: 227.08685pt x 135.46518pt.
<SPD_HIC_Histograms//KaonMultiplicity_C12.png, id=152, 1622.06pt x 967.615pt>
File: SPD_HIC_Histograms//KaonMultiplicity_C12.png Graphic file (type png)
<use SPD_HIC_Histograms//KaonMultiplicity_C12.png>
Package pdftex.def Info: SPD_HIC_Histograms//KaonMultiplicity_C12.png  used on 
input line 172.
(pdftex.def)             Requested size: 227.08685pt x 135.46518pt.
<SPD_HIC_Histograms//GeneratorTotalMultiplicity_C12.png, id=153, 1633.10126pt x
 967.615pt>
File: SPD_HIC_Histograms//GeneratorTotalMultiplicity_C12.png Graphic file (type
 png)
<use SPD_HIC_Histograms//GeneratorTotalMultiplicity_C12.png>
Package pdftex.def Info: SPD_HIC_Histograms//GeneratorTotalMultiplicity_C12.png
  used on input line 179.
(pdftex.def)             Requested size: 228.63261pt x 135.46518pt.


LaTeX Warning: `h' float specifier changed to `ht'.


Overfull \hbox (22.15952pt too wide) in paragraph at lines 212--212
[]            \OT1/cmtt/m/n/12 Particles: {2212: 6, 2112: 6}[] 
 []


Overfull \hbox (22.15952pt too wide) in paragraph at lines 214--214
[]            \OT1/cmtt/m/n/12 Particles: {2212: 6, 2112: 6}[] 
 []

[5]
Underfull \vbox (badness 10000) has occurred while \output is active []


Underfull \hbox (badness 1648) in paragraph at lines 228--229
[]\OT1/cmr/m/n/12 Fig.[][]6a[][] and [][]6b[][] shows the y-spectra of
 []

<SPD_HIC_Histograms//ProtonMultiplicity_Ca.png, id=174, 1623.06375pt x 961.5925
pt>
File: SPD_HIC_Histograms//ProtonMultiplicity_Ca.png Graphic file (type png)
<use SPD_HIC_Histograms//ProtonMultiplicity_Ca.png>
Package pdftex.def Info: SPD_HIC_Histograms//ProtonMultiplicity_Ca.png  used on
 input line 237.
(pdftex.def)             Requested size: 227.22737pt x 134.62202pt.
<SPD_HIC_Histograms//PionMultiplicity_Ca.png, id=175, 1636.1125pt x 961.5925pt>

File: SPD_HIC_Histograms//PionMultiplicity_Ca.png Graphic file (type png)
<use SPD_HIC_Histograms//PionMultiplicity_Ca.png>
Package pdftex.def Info: SPD_HIC_Histograms//PionMultiplicity_Ca.png  used on i
nput line 245.
(pdftex.def)             Requested size: 229.05418pt x 134.62202pt.
<SPD_HIC_Histograms//KaonMultiplicity_Ca.png, id=176, 1625.07124pt x 961.5925pt
>
File: SPD_HIC_Histograms//KaonMultiplicity_Ca.png Graphic file (type png)
<use SPD_HIC_Histograms//KaonMultiplicity_Ca.png>
Package pdftex.def Info: SPD_HIC_Histograms//KaonMultiplicity_Ca.png  used on i
nput line 252.
(pdftex.def)             Requested size: 227.50842pt x 134.62202pt.
<SPD_HIC_Histograms//GeneratorTotalMultiplicity_Ca40.png, id=177, 1634.105pt x 
961.5925pt>
File: SPD_HIC_Histograms//GeneratorTotalMultiplicity_Ca40.png Graphic file (typ
e png)
<use SPD_HIC_Histograms//GeneratorTotalMultiplicity_Ca40.png>
Package pdftex.def Info: SPD_HIC_Histograms//GeneratorTotalMultiplicity_Ca40.pn
g  used on input line 259.
(pdftex.def)             Requested size: 228.77313pt x 134.62202pt.

LaTeX Warning: `h' float specifier changed to `ht'.

<SPD_HIC_Histograms//RapidityC12.png, id=178, 1623.06375pt x 966.61125pt>
File: SPD_HIC_Histograms//RapidityC12.png Graphic file (type png)
<use SPD_HIC_Histograms//RapidityC12.png>
Package pdftex.def Info: SPD_HIC_Histograms//RapidityC12.png  used on input lin
e 272.
(pdftex.def)             Requested size: 227.22737pt x 135.32465pt.
<SPD_HIC_Histograms//RapidityCa40.png, id=179, 1637.11626pt x 966.61125pt>
File: SPD_HIC_Histograms//RapidityCa40.png Graphic file (type png)
<use SPD_HIC_Histograms//RapidityCa40.png>
Package pdftex.def Info: SPD_HIC_Histograms//RapidityCa40.png  used on input li
ne 279.
(pdftex.def)             Requested size: 229.19472pt x 135.32465pt.

LaTeX Warning: `h' float specifier changed to `ht'.

<SPD_HIC_Histograms//pToT_protons_C12.png, id=180, 1626.075pt x 967.615pt>
File: SPD_HIC_Histograms//pToT_protons_C12.png Graphic file (type png)
<use SPD_HIC_Histograms//pToT_protons_C12.png>
Package pdftex.def Info: SPD_HIC_Histograms//pToT_protons_C12.png  used on inpu
t line 294.
(pdftex.def)             Requested size: 227.64894pt x 135.46518pt.
<SPD_HIC_Histograms//pToT_protons_Ca.png, id=181, 1661.20625pt x 961.5925pt>
File: SPD_HIC_Histograms//pToT_protons_Ca.png Graphic file (type png)
<use SPD_HIC_Histograms//pToT_protons_Ca.png>
Package pdftex.def Info: SPD_HIC_Histograms//pToT_protons_Ca.png  used on input
 line 302.
(pdftex.def)             Requested size: 232.56729pt x 134.62202pt.

Overfull \hbox (1.2694pt too wide) in paragraph at lines 302--303
 [][] 
 []

<SPD_HIC_Histograms//pToT_Pions_C12.png, id=182, 1650.165pt x 967.615pt>
File: SPD_HIC_Histograms//pToT_Pions_C12.png Graphic file (type png)
<use SPD_HIC_Histograms//pToT_Pions_C12.png>
Package pdftex.def Info: SPD_HIC_Histograms//pToT_Pions_C12.png  used on input 
line 309.
(pdftex.def)             Requested size: 231.02151pt x 135.46518pt.
<SPD_HIC_Histograms//pToT_pions_Ca.png, id=183, 1661.20625pt x 961.5925pt>
File: SPD_HIC_Histograms//pToT_pions_Ca.png Graphic file (type png)
<use SPD_HIC_Histograms//pToT_pions_Ca.png>
Package pdftex.def Info: SPD_HIC_Histograms//pToT_pions_Ca.png  used on input l
ine 317.
(pdftex.def)             Requested size: 232.56729pt x 134.62202pt.

Overfull \hbox (1.2694pt too wide) in paragraph at lines 317--318
 [][] 
 []

<SPD_HIC_Histograms//pToT_kaons_C12.png, id=184, 1622.06pt x 967.615pt>
File: SPD_HIC_Histograms//pToT_kaons_C12.png Graphic file (type png)
<use SPD_HIC_Histograms//pToT_kaons_C12.png>
Package pdftex.def Info: SPD_HIC_Histograms//pToT_kaons_C12.png  used on input 
line 324.
(pdftex.def)             Requested size: 227.08685pt x 135.46518pt.
<SPD_HIC_Histograms//pToT_kaons_Ca.png, id=185, 1651.16875pt x 961.5925pt>
File: SPD_HIC_Histograms//pToT_kaons_Ca.png Graphic file (type png)
<use SPD_HIC_Histograms//pToT_kaons_Ca.png>
Package pdftex.def Info: SPD_HIC_Histograms//pToT_kaons_Ca.png  used on input l
ine 331.
(pdftex.def)             Requested size: 231.16205pt x 134.62202pt.

LaTeX Warning: `h' float specifier changed to `ht'.

[6 <./SPD_HIC_Histograms//ProtonMultiplicity_C12.png> <./SPD_HIC_Histograms//Pi
onMultiplicity_C12.png> <./SPD_HIC_Histograms//KaonMultiplicity_C12.png> <./SPD
_HIC_Histograms//GeneratorTotalMultiplicity_C12.png>] [7 <./SPD_HIC_Histograms/
/ProtonMultiplicity_Ca.png> <./SPD_HIC_Histograms//PionMultiplicity_Ca.png> <./
SPD_HIC_Histograms//KaonMultiplicity_Ca.png> <./SPD_HIC_Histograms//GeneratorTo
talMultiplicity_Ca40.png> <./SPD_HIC_Histograms//RapidityC12.png> <./SPD_HIC_Hi
stograms//RapidityCa40.png>] [8 <./SPD_HIC_Histograms//pToT_protons_C12.png> <.
/SPD_HIC_Histograms//pToT_protons_Ca.png> <./SPD_HIC_Histograms//pToT_Pions_C12
.png> <./SPD_HIC_Histograms//pToT_pions_Ca.png> <./SPD_HIC_Histograms//pToT_kao
ns_C12.png> <./SPD_HIC_Histograms//pToT_kaons_Ca.png>]
<SPD_HIC_Histograms//pT_protons_C12.png, id=221, 1632.0975pt x 966.61125pt>
File: SPD_HIC_Histograms//pT_protons_C12.png Graphic file (type png)
<use SPD_HIC_Histograms//pT_protons_C12.png>
Package pdftex.def Info: SPD_HIC_Histograms//pT_protons_C12.png  used on input 
line 345.
(pdftex.def)             Requested size: 228.4921pt x 135.32465pt.
<SPD_HIC_Histograms//pT_protons_Ca.png, id=222, 1661.20625pt x 963.6pt>
File: SPD_HIC_Histograms//pT_protons_Ca.png Graphic file (type png)
<use SPD_HIC_Histograms//pT_protons_Ca.png>
Package pdftex.def Info: SPD_HIC_Histograms//pT_protons_Ca.png  used on input l
ine 353.
(pdftex.def)             Requested size: 232.56729pt x 134.90308pt.

Overfull \hbox (1.2694pt too wide) in paragraph at lines 353--354
 [][] 
 []

<SPD_HIC_Histograms//pT_Pions_C12.png, id=223, 1658.195pt x 967.615pt>
File: SPD_HIC_Histograms//pT_Pions_C12.png Graphic file (type png)
<use SPD_HIC_Histograms//pT_Pions_C12.png>
Package pdftex.def Info: SPD_HIC_Histograms//pT_Pions_C12.png  used on input li
ne 361.
(pdftex.def)             Requested size: 232.14572pt x 135.46518pt.

Overfull \hbox (0.84782pt too wide) in paragraph at lines 361--362
 [][] 
 []

<SPD_HIC_Histograms//pT_pions_Ca.png, id=224, 1668.2325pt x 963.6pt>
File: SPD_HIC_Histograms//pT_pions_Ca.png Graphic file (type png)
<use SPD_HIC_Histograms//pT_pions_Ca.png>
Package pdftex.def Info: SPD_HIC_Histograms//pT_pions_Ca.png  used on input lin
e 369.
(pdftex.def)             Requested size: 233.55096pt x 134.90308pt.

Overfull \hbox (2.25307pt too wide) in paragraph at lines 369--370
 [][] 
 []

<SPD_HIC_Histograms//pT_kaons_C12.png, id=225, 1618.045pt x 967.615pt>
File: SPD_HIC_Histograms//pT_kaons_C12.png Graphic file (type png)
<use SPD_HIC_Histograms//pT_kaons_C12.png>
Package pdftex.def Info: SPD_HIC_Histograms//pT_kaons_C12.png  used on input li
ne 377.
(pdftex.def)             Requested size: 226.52475pt x 135.46518pt.
<SPD_HIC_Histograms//pT_kaons_Ca.png, id=226, 1651.16875pt x 961.5925pt>
File: SPD_HIC_Histograms//pT_kaons_Ca.png Graphic file (type png)
<use SPD_HIC_Histograms//pT_kaons_Ca.png>
Package pdftex.def Info: SPD_HIC_Histograms//pT_kaons_Ca.png  used on input lin
e 384.
(pdftex.def)             Requested size: 231.16205pt x 134.62202pt.

LaTeX Warning: `h' float specifier changed to `ht'.

[9 <./SPD_HIC_Histograms//pT_protons_C12.png> <./SPD_HIC_Histograms//pT_protons
_Ca.png> <./SPD_HIC_Histograms//pT_Pions_C12.png> <./SPD_HIC_Histograms//pT_pio
ns_Ca.png> <./SPD_HIC_Histograms//pT_kaons_C12.png> <./SPD_HIC_Histograms//pT_k
aons_Ca.png>]

Package hyperref Warning: Token not allowed in a PDF string (Unicode):
(hyperref)                removing `math shift' on input line 419.


Package hyperref Warning: Token not allowed in a PDF string (Unicode):
(hyperref)                removing `superscript' on input line 419.


Package hyperref Warning: Token not allowed in a PDF string (Unicode):
(hyperref)                removing `superscript' on input line 419.


Package hyperref Warning: Token not allowed in a PDF string (Unicode):
(hyperref)                removing `math shift' on input line 419.


Underfull \hbox (badness 10000) in paragraph at lines 423--423
[]\OT1/cmr/bx/n/10.95 CHARGED TRACK MUL-TI-
 []


Package hyperref Warning: Token not allowed in a PDF string (Unicode):
(hyperref)                removing `math shift' on input line 423.


Package hyperref Warning: Token not allowed in a PDF string (Unicode):
(hyperref)                removing `superscript' on input line 423.


Package hyperref Warning: Token not allowed in a PDF string (Unicode):
(hyperref)                removing `superscript' on input line 423.


Package hyperref Warning: Token not allowed in a PDF string (Unicode):
(hyperref)                removing `math shift' on input line 423.

<SPD_HIC_Histograms//Detector_TotalMultiplicity_C12.png, id=240, 1631.09375pt x
 959.585pt>
File: SPD_HIC_Histograms//Detector_TotalMultiplicity_C12.png Graphic file (type
 png)
<use SPD_HIC_Histograms//Detector_TotalMultiplicity_C12.png>
Package pdftex.def Info: SPD_HIC_Histograms//Detector_TotalMultiplicity_C12.png
  used on input line 429.
(pdftex.def)             Requested size: 228.35156pt x 134.34097pt.

LaTeX Warning: `h' float specifier changed to `ht'.


Underfull \hbox (badness 1371) in paragraph at lines 434--434
[]\OT1/cmr/bx/n/10.95 PION MO-MEN-TUM (p $\OT1/cmr/m/n/10.95 &$ \OT1/cmr/bx/n/1
0.95 pT)
 []


Package hyperref Warning: Token not allowed in a PDF string (Unicode):
(hyperref)                removing `math shift' on input line 434.


Package hyperref Warning: Token not allowed in a PDF string (Unicode):
(hyperref)                removing `math shift' on input line 434.


Package hyperref Warning: Token not allowed in a PDF string (Unicode):
(hyperref)                removing `math shift' on input line 434.


Package hyperref Warning: Token not allowed in a PDF string (Unicode):
(hyperref)                removing `superscript' on input line 434.


Package hyperref Warning: Token not allowed in a PDF string (Unicode):
(hyperref)                removing `superscript' on input line 434.


Package hyperref Warning: Token not allowed in a PDF string (Unicode):
(hyperref)                removing `math shift' on input line 434.

[10


]

Package hyperref Warning: Token not allowed in a PDF string (Unicode):
(hyperref)                removing `math shift' on input line 437.


Package hyperref Warning: Token not allowed in a PDF string (Unicode):
(hyperref)                removing `math shift' on input line 437.


Package hyperref Warning: Token not allowed in a PDF string (Unicode):
(hyperref)                removing `math shift' on input line 437.


Package hyperref Warning: Token not allowed in a PDF string (Unicode):
(hyperref)                removing `superscript' on input line 437.


Package hyperref Warning: Token not allowed in a PDF string (Unicode):
(hyperref)                removing `superscript' on input line 437.


Package hyperref Warning: Token not allowed in a PDF string (Unicode):
(hyperref)                removing `math shift' on input line 437.


Package hyperref Warning: Token not allowed in a PDF string (Unicode):
(hyperref)                removing `math shift' on input line 441.


Package hyperref Warning: Token not allowed in a PDF string (Unicode):
(hyperref)                removing `math shift' on input line 441.


Package hyperref Warning: Token not allowed in a PDF string (Unicode):
(hyperref)                removing `math shift' on input line 441.


Package hyperref Warning: Token not allowed in a PDF string (Unicode):
(hyperref)                removing `superscript' on input line 441.


Package hyperref Warning: Token not allowed in a PDF string (Unicode):
(hyperref)                removing `superscript' on input line 441.


Package hyperref Warning: Token not allowed in a PDF string (Unicode):
(hyperref)                removing `math shift' on input line 441.

<SPD_HIC_Histograms//Detector_pToT_pions(tof)_C12.png, id=262, 1607.00375pt x 9
64.60374pt>
File: SPD_HIC_Histograms//Detector_pToT_pions(tof)_C12.png Graphic file (type p
ng)
<use SPD_HIC_Histograms//Detector_pToT_pions(tof)_C12.png>
Package pdftex.def Info: SPD_HIC_Histograms//Detector_pToT_pions(tof)_C12.png  
used on input line 452.
(pdftex.def)             Requested size: 224.97899pt x 135.0436pt.
<SPD_HIC_Histograms//Detector_pToT_pions(st)_C12.png, id=263, 1607.00375pt x 96
4.60374pt>
File: SPD_HIC_Histograms//Detector_pToT_pions(st)_C12.png Graphic file (type pn
g)
<use SPD_HIC_Histograms//Detector_pToT_pions(st)_C12.png>
Package pdftex.def Info: SPD_HIC_Histograms//Detector_pToT_pions(st)_C12.png  u
sed on input line 459.
(pdftex.def)             Requested size: 224.97899pt x 135.0436pt.

LaTeX Warning: `h' float specifier changed to `ht'.

<SPD_HIC_Histograms//Detector_pT_pions(tof)_C12.png, id=264, 1602.98875pt x 966
.61125pt>
File: SPD_HIC_Histograms//Detector_pT_pions(tof)_C12.png Graphic file (type png
)
<use SPD_HIC_Histograms//Detector_pT_pions(tof)_C12.png>
Package pdftex.def Info: SPD_HIC_Histograms//Detector_pT_pions(tof)_C12.png  us
ed on input line 471.
(pdftex.def)             Requested size: 224.41689pt x 135.32465pt.
<SPD_HIC_Histograms//Detector_pT_pions(st)_C12.png, id=265, 1602.98875pt x 966.
61125pt>
File: SPD_HIC_Histograms//Detector_pT_pions(st)_C12.png Graphic file (type png)

<use SPD_HIC_Histograms//Detector_pT_pions(st)_C12.png>
Package pdftex.def Info: SPD_HIC_Histograms//Detector_pT_pions(st)_C12.png  use
d on input line 478.
(pdftex.def)             Requested size: 224.41689pt x 135.32465pt.

LaTeX Warning: `h' float specifier changed to `ht'.

<SPD_HIC_Histograms//Detector_pToT_kaons(tof)_C12.png, id=266, 1602.98875pt x 9
66.61125pt>
File: SPD_HIC_Histograms//Detector_pToT_kaons(tof)_C12.png Graphic file (type p
ng)
<use SPD_HIC_Histograms//Detector_pToT_kaons(tof)_C12.png>
Package pdftex.def Info: SPD_HIC_Histograms//Detector_pToT_kaons(tof)_C12.png  
used on input line 490.
(pdftex.def)             Requested size: 224.41689pt x 135.32465pt.
<SPD_HIC_Histograms//Detector_pToT_kaons(st)_C12.png, id=267, 1602.98875pt x 96
6.61125pt>
File: SPD_HIC_Histograms//Detector_pToT_kaons(st)_C12.png Graphic file (type pn
g)
<use SPD_HIC_Histograms//Detector_pToT_kaons(st)_C12.png>
Package pdftex.def Info: SPD_HIC_Histograms//Detector_pToT_kaons(st)_C12.png  u
sed on input line 497.
(pdftex.def)             Requested size: 224.41689pt x 135.32465pt.

LaTeX Warning: `h' float specifier changed to `ht'.

[11 <./SPD_HIC_Histograms//Detector_TotalMultiplicity_C12.png>] [12 <./SPD_HIC_
Histograms//Detector_pToT_pions(tof)_C12.png> <./SPD_HIC_Histograms//Detector_p
ToT_pions(st)_C12.png> <./SPD_HIC_Histograms//Detector_pT_pions(tof)_C12.png> <
./SPD_HIC_Histograms//Detector_pT_pions(st)_C12.png> <./SPD_HIC_Histograms//Det
ector_pToT_kaons(tof)_C12.png> <./SPD_HIC_Histograms//Detector_pToT_kaons(st)_C
12.png>]
<SPD_HIC_Histograms//Detector_pT_kaons(tof)_C12.png, id=287, 1602.98875pt x 966
.61125pt>
File: SPD_HIC_Histograms//Detector_pT_kaons(tof)_C12.png Graphic file (type png
)
<use SPD_HIC_Histograms//Detector_pT_kaons(tof)_C12.png>
Package pdftex.def Info: SPD_HIC_Histograms//Detector_pT_kaons(tof)_C12.png  us
ed on input line 511.
(pdftex.def)             Requested size: 224.41689pt x 135.32465pt.
<SPD_HIC_Histograms//Detector_pT_kaons(st)_C12.png, id=288, 1602.98875pt x 966.
61125pt>
File: SPD_HIC_Histograms//Detector_pT_kaons(st)_C12.png Graphic file (type png)

<use SPD_HIC_Histograms//Detector_pT_kaons(st)_C12.png>
Package pdftex.def Info: SPD_HIC_Histograms//Detector_pT_kaons(st)_C12.png  use
d on input line 518.
(pdftex.def)             Requested size: 224.41689pt x 135.32465pt.


LaTeX Warning: `h' float specifier changed to `ht'.

<SPD_HIC_Histograms//Detector_pToT_protons(tof)_C12.png, id=289, 1602.98875pt x
 966.61125pt>
File: SPD_HIC_Histograms//Detector_pToT_protons(tof)_C12.png Graphic file (type
 png)
<use SPD_HIC_Histograms//Detector_pToT_protons(tof)_C12.png>
Package pdftex.def Info: SPD_HIC_Histograms//Detector_pToT_protons(tof)_C12.png
  used on input line 531.
(pdftex.def)             Requested size: 224.41689pt x 135.32465pt.
<SPD_HIC_Histograms//Detector_pToT_protons(st)_C12.png, id=290, 1602.98875pt x 
966.61125pt>
File: SPD_HIC_Histograms//Detector_pToT_protons(st)_C12.png Graphic file (type 
png)
<use SPD_HIC_Histograms//Detector_pToT_protons(st)_C12.png>
Package pdftex.def Info: SPD_HIC_Histograms//Detector_pToT_protons(st)_C12.png 
 used on input line 538.
(pdftex.def)             Requested size: 224.41689pt x 135.32465pt.

LaTeX Warning: `h' float specifier changed to `ht'.

<SPD_HIC_Histograms//Detector_pT_protons(tof)_C12.png, id=291, 1602.98875pt x 9
66.61125pt>
File: SPD_HIC_Histograms//Detector_pT_protons(tof)_C12.png Graphic file (type p
ng)
<use SPD_HIC_Histograms//Detector_pT_protons(tof)_C12.png>
Package pdftex.def Info: SPD_HIC_Histograms//Detector_pT_protons(tof)_C12.png  
used on input line 550.
(pdftex.def)             Requested size: 224.41689pt x 135.32465pt.
<SPD_HIC_Histograms//Detector_pT_protons(st)_C12.png, id=292, 1602.98875pt x 96
6.61125pt>
File: SPD_HIC_Histograms//Detector_pT_protons(st)_C12.png Graphic file (type pn
g)
<use SPD_HIC_Histograms//Detector_pT_protons(st)_C12.png>
Package pdftex.def Info: SPD_HIC_Histograms//Detector_pT_protons(st)_C12.png  u
sed on input line 557.
(pdftex.def)             Requested size: 224.41689pt x 135.32465pt.

LaTeX Warning: `h' float specifier changed to `ht'.

[13 <./SPD_HIC_Histograms//Detector_pT_kaons(tof)_C12.png> <./SPD_HIC_Histogram
s//Detector_pT_kaons(st)_C12.png> <./SPD_HIC_Histograms//Detector_pToT_protons(
tof)_C12.png> <./SPD_HIC_Histograms//Detector_pToT_protons(st)_C12.png> <./SPD_
HIC_Histograms//Detector_pT_protons(tof)_C12.png> <./SPD_HIC_Histograms//Detect
or_pT_protons(st)_C12.png>]

Package hyperref Warning: Token not allowed in a PDF string (Unicode):
(hyperref)                removing `math shift' on input line 572.


Package hyperref Warning: Token not allowed in a PDF string (Unicode):
(hyperref)                removing `superscript' on input line 572.


Package hyperref Warning: Token not allowed in a PDF string (Unicode):
(hyperref)                removing `superscript' on input line 572.


Package hyperref Warning: Token not allowed in a PDF string (Unicode):
(hyperref)                removing `math shift' on input line 572.


Underfull \hbox (badness 10000) in paragraph at lines 576--576
[]\OT1/cmr/bx/n/10.95 CHARGED TRACK MUL-TI-
 []


Package hyperref Warning: Token not allowed in a PDF string (Unicode):
(hyperref)                removing `math shift' on input line 576.


Package hyperref Warning: Token not allowed in a PDF string (Unicode):
(hyperref)                removing `superscript' on input line 576.


Package hyperref Warning: Token not allowed in a PDF string (Unicode):
(hyperref)                removing `superscript' on input line 576.


Package hyperref Warning: Token not allowed in a PDF string (Unicode):
(hyperref)                removing `math shift' on input line 576.

<SPD_HIC_Histograms//Detector_TotalMultiplicity_Ca40.png, id=304, 1631.09375pt 
x 959.585pt>
File: SPD_HIC_Histograms//Detector_TotalMultiplicity_Ca40.png Graphic file (typ
e png)
<use SPD_HIC_Histograms//Detector_TotalMultiplicity_Ca40.png>
Package pdftex.def Info: SPD_HIC_Histograms//Detector_TotalMultiplicity_Ca40.pn
g  used on input line 579.
(pdftex.def)             Requested size: 228.35156pt x 134.34097pt.

Underfull \hbox (badness 1371) in paragraph at lines 585--585
[]\OT1/cmr/bx/n/10.95 PION MO-MEN-TUM (p $\OT1/cmr/m/n/10.95 &$ \OT1/cmr/bx/n/1
0.95 pT)
 []


Package hyperref Warning: Token not allowed in a PDF string (Unicode):
(hyperref)                removing `math shift' on input line 585.


Package hyperref Warning: Token not allowed in a PDF string (Unicode):
(hyperref)                removing `math shift' on input line 585.


Package hyperref Warning: Token not allowed in a PDF string (Unicode):
(hyperref)                removing `math shift' on input line 585.


Package hyperref Warning: Token not allowed in a PDF string (Unicode):
(hyperref)                removing `superscript' on input line 585.


Package hyperref Warning: Token not allowed in a PDF string (Unicode):
(hyperref)                removing `superscript' on input line 585.


Package hyperref Warning: Token not allowed in a PDF string (Unicode):
(hyperref)                removing `math shift' on input line 585.


Package hyperref Warning: Token not allowed in a PDF string (Unicode):
(hyperref)                removing `math shift' on input line 588.


Package hyperref Warning: Token not allowed in a PDF string (Unicode):
(hyperref)                removing `math shift' on input line 588.


Package hyperref Warning: Token not allowed in a PDF string (Unicode):
(hyperref)                removing `math shift' on input line 588.


Package hyperref Warning: Token not allowed in a PDF string (Unicode):
(hyperref)                removing `superscript' on input line 588.


Package hyperref Warning: Token not allowed in a PDF string (Unicode):
(hyperref)                removing `superscript' on input line 588.


Package hyperref Warning: Token not allowed in a PDF string (Unicode):
(hyperref)                removing `math shift' on input line 588.

[14


 <./SPD_HIC_Histograms//Detector_TotalMultiplicity_Ca40.png>]

Package hyperref Warning: Token not allowed in a PDF string (Unicode):
(hyperref)                removing `math shift' on input line 592.


Package hyperref Warning: Token not allowed in a PDF string (Unicode):
(hyperref)                removing `math shift' on input line 592.


Package hyperref Warning: Token not allowed in a PDF string (Unicode):
(hyperref)                removing `math shift' on input line 592.


Package hyperref Warning: Token not allowed in a PDF string (Unicode):
(hyperref)                removing `superscript' on input line 592.


Package hyperref Warning: Token not allowed in a PDF string (Unicode):
(hyperref)                removing `superscript' on input line 592.


Package hyperref Warning: Token not allowed in a PDF string (Unicode):
(hyperref)                removing `math shift' on input line 592.


Underfull \hbox (badness 4726) in paragraph at lines 596--596
[]\OT1/cmr/bx/n/12 PRECISION GRAPH OF MO-
 []

[15]
<SPD_HIC_Histograms//Detector_pToT_pions(tof)_Ca.png, id=353, 1618.045pt x 967.
615pt>
File: SPD_HIC_Histograms//Detector_pToT_pions(tof)_Ca.png Graphic file (type pn
g)
<use SPD_HIC_Histograms//Detector_pToT_pions(tof)_Ca.png>
Package pdftex.def Info: SPD_HIC_Histograms//Detector_pToT_pions(tof)_Ca.png  u
sed on input line 615.
(pdftex.def)             Requested size: 226.52475pt x 135.46518pt.
<SPD_HIC_Histograms//Detector_pToT_pions(st)_Ca.png, id=354, 1618.045pt x 967.6
15pt>
File: SPD_HIC_Histograms//Detector_pToT_pions(st)_Ca.png Graphic file (type png
)
<use SPD_HIC_Histograms//Detector_pToT_pions(st)_Ca.png>
Package pdftex.def Info: SPD_HIC_Histograms//Detector_pToT_pions(st)_Ca.png  us
ed on input line 622.
(pdftex.def)             Requested size: 226.52475pt x 135.46518pt.


LaTeX Warning: `h' float specifier changed to `ht'.

<SPD_HIC_Histograms//Detector_pT_pions(tof)_Ca.png, id=355, 1644.1425pt x 967.6
15pt>
File: SPD_HIC_Histograms//Detector_pT_pions(tof)_Ca.png Graphic file (type png)

<use SPD_HIC_Histograms//Detector_pT_pions(tof)_Ca.png>
Package pdftex.def Info: SPD_HIC_Histograms//Detector_pT_pions(tof)_Ca.png  use
d on input line 634.
(pdftex.def)             Requested size: 230.17838pt x 135.46518pt.
<SPD_HIC_Histograms//Detector_pT_pions(st)_Ca.png, id=356, 1633.10126pt x 967.6
15pt>
File: SPD_HIC_Histograms//Detector_pT_pions(st)_Ca.png Graphic file (type png)
<use SPD_HIC_Histograms//Detector_pT_pions(st)_Ca.png>
Package pdftex.def Info: SPD_HIC_Histograms//Detector_pT_pions(st)_Ca.png  used
 on input line 641.
(pdftex.def)             Requested size: 228.63261pt x 135.46518pt.

LaTeX Warning: `h' float specifier changed to `ht'.

<SPD_HIC_Histograms//Detector_pToT_kaons(tof)_Ca.png, id=357, 1618.045pt x 967.
615pt>
File: SPD_HIC_Histograms//Detector_pToT_kaons(tof)_Ca.png Graphic file (type pn
g)
<use SPD_HIC_Histograms//Detector_pToT_kaons(tof)_Ca.png>
Package pdftex.def Info: SPD_HIC_Histograms//Detector_pToT_kaons(tof)_Ca.png  u
sed on input line 654.
(pdftex.def)             Requested size: 226.52475pt x 135.46518pt.
<SPD_HIC_Histograms//Detector_pToT_kaons(st)_Ca.png, id=358, 1618.045pt x 967.6
15pt>
File: SPD_HIC_Histograms//Detector_pToT_kaons(st)_Ca.png Graphic file (type png
)
<use SPD_HIC_Histograms//Detector_pToT_kaons(st)_Ca.png>
Package pdftex.def Info: SPD_HIC_Histograms//Detector_pToT_kaons(st)_Ca.png  us
ed on input line 661.
(pdftex.def)             Requested size: 226.52475pt x 135.46518pt.

LaTeX Warning: `h' float specifier changed to `ht'.

<SPD_HIC_Histograms//Detector_pT_kaons(tof)_Ca.png, id=359, 1614.03pt x 967.615
pt>
File: SPD_HIC_Histograms//Detector_pT_kaons(tof)_Ca.png Graphic file (type png)

<use SPD_HIC_Histograms//Detector_pT_kaons(tof)_Ca.png>
Package pdftex.def Info: SPD_HIC_Histograms//Detector_pT_kaons(tof)_Ca.png  use
d on input line 673.
(pdftex.def)             Requested size: 225.96266pt x 135.46518pt.
<SPD_HIC_Histograms//Detector_pT_kaons(st)_Ca.png, id=360, 1614.03pt x 967.615p
t>
File: SPD_HIC_Histograms//Detector_pT_kaons(st)_Ca.png Graphic file (type png)
<use SPD_HIC_Histograms//Detector_pT_kaons(st)_Ca.png>
Package pdftex.def Info: SPD_HIC_Histograms//Detector_pT_kaons(st)_Ca.png  used
 on input line 680.
(pdftex.def)             Requested size: 225.96266pt x 135.46518pt.

LaTeX Warning: `h' float specifier changed to `ht'.

<SPD_HIC_Histograms//Detector_pToT_protons(tof)_Ca.png, id=361, 1618.045pt x 96
7.615pt>
File: SPD_HIC_Histograms//Detector_pToT_protons(tof)_Ca.png Graphic file (type 
png)
<use SPD_HIC_Histograms//Detector_pToT_protons(tof)_Ca.png>
Package pdftex.def Info: SPD_HIC_Histograms//Detector_pToT_protons(tof)_Ca.png 
 used on input line 693.
(pdftex.def)             Requested size: 226.52475pt x 135.46518pt.
<SPD_HIC_Histograms//Detector_pToT_protons(st)_Ca.png, id=362, 1618.045pt x 967
.615pt>
File: SPD_HIC_Histograms//Detector_pToT_protons(st)_Ca.png Graphic file (type p
ng)
<use SPD_HIC_Histograms//Detector_pToT_protons(st)_Ca.png>
Package pdftex.def Info: SPD_HIC_Histograms//Detector_pToT_protons(st)_Ca.png  
used on input line 700.
(pdftex.def)             Requested size: 226.52475pt x 135.46518pt.

LaTeX Warning: `h' float specifier changed to `ht'.

<SPD_HIC_Histograms//Detector_pT_protons(tof)_Ca.png, id=363, 1614.03pt x 967.6
15pt>
File: SPD_HIC_Histograms//Detector_pT_protons(tof)_Ca.png Graphic file (type pn
g)
<use SPD_HIC_Histograms//Detector_pT_protons(tof)_Ca.png>
Package pdftex.def Info: SPD_HIC_Histograms//Detector_pT_protons(tof)_Ca.png  u
sed on input line 712.
(pdftex.def)             Requested size: 225.64249pt x 135.27324pt.
<SPD_HIC_Histograms//Detector_pT_protons(st)_Ca.png, id=364, 1614.03pt x 967.61
5pt>
File: SPD_HIC_Histograms//Detector_pT_protons(st)_Ca.png Graphic file (type png
)
<use SPD_HIC_Histograms//Detector_pT_protons(st)_Ca.png>
Package pdftex.def Info: SPD_HIC_Histograms//Detector_pT_protons(st)_Ca.png  us
ed on input line 719.
(pdftex.def)             Requested size: 225.64249pt x 135.27324pt.

LaTeX Warning: `h' float specifier changed to `ht'.

[16 <./SPD_HIC_Histograms//Detector_pToT_pions(tof)_Ca.png> <./SPD_HIC_Histogra
ms//Detector_pToT_pions(st)_Ca.png> <./SPD_HIC_Histograms//Detector_pT_pions(to
f)_Ca.png> <./SPD_HIC_Histograms//Detector_pT_pions(st)_Ca.png> <./SPD_HIC_Hist
ograms//Detector_pToT_kaons(tof)_Ca.png> <./SPD_HIC_Histograms//Detector_pToT_k
aons(st)_Ca.png>] [17 <./SPD_HIC_Histograms//Detector_pT_kaons(tof)_Ca.png> <./
SPD_HIC_Histograms//Detector_pT_kaons(st)_Ca.png> <./SPD_HIC_Histograms//Detect
or_pToT_protons(tof)_Ca.png> <./SPD_HIC_Histograms//Detector_pToT_protons(st)_C
a.png> <./SPD_HIC_Histograms//Detector_pT_protons(tof)_Ca.png> <./SPD_HIC_Histo
grams//Detector_pT_protons(st)_Ca.png>]
<SPD_HIC_Histograms//PionSpectraPrecision_C12.png, id=385, 1607.00375pt x 964.6
0374pt>
File: SPD_HIC_Histograms//PionSpectraPrecision_C12.png Graphic file (type png)
<use SPD_HIC_Histograms//PionSpectraPrecision_C12.png>
Package pdftex.def Info: SPD_HIC_Histograms//PionSpectraPrecision_C12.png  used
 on input line 755.
(pdftex.def)             Requested size: 224.97899pt x 135.0436pt.
<SPD_HIC_Histograms//KaonSpectraPrecision_C12.png, id=386, 1602.98875pt x 966.6
1125pt>
File: SPD_HIC_Histograms//KaonSpectraPrecision_C12.png Graphic file (type png)
<use SPD_HIC_Histograms//KaonSpectraPrecision_C12.png>
Package pdftex.def Info: SPD_HIC_Histograms//KaonSpectraPrecision_C12.png  used
 on input line 763.
(pdftex.def)             Requested size: 224.41689pt x 135.32465pt.
<SPD_HIC_Histograms//ProtonSpectraPrecision_C12.png, id=387, 1602.98875pt x 966
.61125pt>
File: SPD_HIC_Histograms//ProtonSpectraPrecision_C12.png Graphic file (type png
)
<use SPD_HIC_Histograms//ProtonSpectraPrecision_C12.png>
Package pdftex.def Info: SPD_HIC_Histograms//ProtonSpectraPrecision_C12.png  us
ed on input line 771.
(pdftex.def)             Requested size: 224.41689pt x 135.32465pt.
<SPD_HIC_Histograms//PionSpectraPrecision_Ca.png, id=388, 1618.045pt x 967.615p
t>
File: SPD_HIC_Histograms//PionSpectraPrecision_Ca.png Graphic file (type png)
<use SPD_HIC_Histograms//PionSpectraPrecision_Ca.png>
Package pdftex.def Info: SPD_HIC_Histograms//PionSpectraPrecision_Ca.png  used 
on input line 786.
(pdftex.def)             Requested size: 226.52475pt x 135.46518pt.
<SPD_HIC_Histograms//KaonSpectraPrecision_Ca.png, id=389, 1618.045pt x 967.615p
t>
File: SPD_HIC_Histograms//KaonSpectraPrecision_Ca.png Graphic file (type png)
<use SPD_HIC_Histograms//KaonSpectraPrecision_Ca.png>
Package pdftex.def Info: SPD_HIC_Histograms//KaonSpectraPrecision_Ca.png  used 
on input line 794.
(pdftex.def)             Requested size: 226.52475pt x 135.46518pt.
<SPD_HIC_Histograms//ProtonSpectraPrecision_Ca.png, id=390, 1618.045pt x 967.61
5pt>
File: SPD_HIC_Histograms//ProtonSpectraPrecision_Ca.png Graphic file (type png)

<use SPD_HIC_Histograms//ProtonSpectraPrecision_Ca.png>
Package pdftex.def Info: SPD_HIC_Histograms//ProtonSpectraPrecision_Ca.png  use
d on input line 802.
(pdftex.def)             Requested size: 226.52475pt x 135.46518pt.

Underfull \vbox (badness 10000) has occurred while \output is active []


Underfull \vbox (badness 10000) has occurred while \output is active []

 [18


 <./SPD_HIC_Histograms//PionSpectraPrecision_C12.png> <./SPD_HIC_Histograms//Ka
onSpectraPrecision_C12.png> <./SPD_HIC_Histograms//ProtonSpectraPrecision_C12.p
ng> <./SPD_HIC_Histograms//PionSpectraPrecision_Ca.png> <./SPD_HIC_Histograms//
KaonSpectraPrecision_Ca.png> <./SPD_HIC_Histograms//ProtonSpectraPrecision_Ca.p
ng>]
(Sample_Research_Paper.bbl
Underfull \hbox (badness 1360) in paragraph at lines 16--19
[]\OT1/cmr/m/n/12 V. Keke-lidze, A. Ko-valenko, R. Led-
 []


Underfull \hbox (badness 10000) in paragraph at lines 29--33
\OT1/cmr/m/n/12 schoen, F. Ce-lib-erto, U. D'alesio,
 []

[19]
Underfull \hbox (badness 1360) in paragraph at lines 35--37
[]\OT1/cmr/m/n/12 V. Keke-lidze, A. Ko-valenko, R. Led-
 []


Underfull \hbox (badness 10000) in paragraph at lines 39--42
\OT1/cmr/m/n/12 R. Akhun-zyanov, A. Akindi-nov,
 []


Underfull \hbox (badness 1675) in paragraph at lines 39--42
\OT1/cmr/m/n/12 N. Akopov, I. Alek-seev, A. Aleshko,
 []


Underfull \hbox (badness 1132) in paragraph at lines 39--42
\OT1/cmr/m/n/12 V. Y. Alex-akhin, G. Alex-eev, et al.,
 []


Underfull \hbox (badness 3118) in paragraph at lines 44--47
[]\OT1/cmr/m/n/12 V. Y. Volkov, P. Volkov, T. Enik,
 []


Underfull \hbox (badness 2134) in paragraph at lines 44--47
\OT1/cmr/m/n/12 D. Peshekhonov, A. Solin, A. Solin,
 []


Underfull \hbox (badness 1033) in paragraph at lines 49--54
\OT1/cmr/m/n/12 C. Adams, P. Adam-son, S. Ad-hikari,
 []


Underfull \hbox (badness 5533) in paragraph at lines 49--54
\OT1/cmr/m/n/12 Z. Ah-mad, C. Al-bright, T. Alion,
 []

) [20

] (Sample_Research_Paper.aux)

LaTeX Warning: Label(s) may have changed. Rerun to get cross-references right.

Package rerunfilecheck Info: File `Sample_Research_Paper.out' has not changed.
(rerunfilecheck)             Checksum: 887B19BEAF1D48959C8F30BF71856D6A;4557.
 ) 
Here is how much of TeX's memory you used:
 11295 strings out of 475389
 211011 string characters out of 2773188
 548812 words of memory out of 3000000
 32411 multiletter control sequences out of 15000+600000
 476441 words of font info for 52 fonts, out of 8000000 for 9000
 1141 hyphenation exceptions out of 8191
 72i,10n,77p,2202b,547s stack positions out of 10000i,1000n,20000p,200000b,80000s

pdfTeX warning (dest): name{table.caption.25} has been referenced but does not 
exist, replaced by a fixed one


pdfTeX warning (dest): name{figure.caption.23} has been referenced but does not
 exist, replaced by a fixed one

<C:/Users/Rishav Pandey/AppData/Local/Programs/MiKTeX/fonts/type1/public/amsfon
ts/cm/cmbx10.pfb><C:/Users/Rishav Pandey/AppData/Local/Programs/MiKTeX/fonts/ty
pe1/public/amsfonts/cm/cmbx12.pfb><C:/Users/Rishav Pandey/AppData/Local/Program
s/MiKTeX/fonts/type1/public/amsfonts/cm/cmbx6.pfb><C:/Users/Rishav Pandey/AppDa
ta/Local/Programs/MiKTeX/fonts/type1/public/amsfonts/cm/cmbx8.pfb><C:/Users/Ris
hav Pandey/AppData/Local/Programs/MiKTeX/fonts/type1/public/amsfonts/cm/cmmi10.
pfb><C:/Users/Rishav Pandey/AppData/Local/Programs/MiKTeX/fonts/type1/public/am
sfonts/cm/cmmi12.pfb><C:/Users/Rishav Pandey/AppData/Local/Programs/MiKTeX/font
s/type1/public/amsfonts/cm/cmmi6.pfb><C:/Users/Rishav Pandey/AppData/Local/Prog
rams/MiKTeX/fonts/type1/public/amsfonts/cm/cmmi8.pfb><C:/Users/Rishav Pandey/Ap
pData/Local/Programs/MiKTeX/fonts/type1/public/amsfonts/cm/cmr10.pfb><C:/Users/
Rishav Pandey/AppData/Local/Programs/MiKTeX/fonts/type1/public/amsfonts/cm/cmr1
2.pfb><C:/Users/Rishav Pandey/AppData/Local/Programs/MiKTeX/fonts/type1/public/
amsfonts/cm/cmr5.pfb><C:/Users/Rishav Pandey/AppData/Local/Programs/MiKTeX/font
s/type1/public/amsfonts/cm/cmr6.pfb><C:/Users/Rishav Pandey/AppData/Local/Progr
ams/MiKTeX/fonts/type1/public/amsfonts/cm/cmr8.pfb><C:/Users/Rishav Pandey/AppD
ata/Local/Programs/MiKTeX/fonts/type1/public/amsfonts/cm/cmsy10.pfb><C:/Users/R
ishav Pandey/AppData/Local/Programs/MiKTeX/fonts/type1/public/amsfonts/cm/cmsy5
.pfb><C:/Users/Rishav Pandey/AppData/Local/Programs/MiKTeX/fonts/type1/public/a
msfonts/cm/cmsy6.pfb><C:/Users/Rishav Pandey/AppData/Local/Programs/MiKTeX/font
s/type1/public/amsfonts/cm/cmsy8.pfb><C:/Users/Rishav Pandey/AppData/Local/Prog
rams/MiKTeX/fonts/type1/public/amsfonts/cm/cmtt12.pfb>
Output written on Sample_Research_Paper.pdf (20 pages, 3025883 bytes).
PDF statistics:
 511 PDF objects out of 1000 (max. 8388607)
 79 named destinations out of 1000 (max. 500000)
 459 words of extra memory for PDF output out of 10000 (max. 10000000)

