This is pdfTeX, Version 3.141592653-2.6-1.40.24 (MiKTeX 22.8.28) (preloaded format=pdflatex 2022.10.5)  8 DEC 2022 16:14
entering extended mode
 restricted \write18 enabled.
 %&-line parsing enabled.
**./main.tex
(main.tex
LaTeX2e <2022-06-01> patch level 5
L3 programming layer <2022-08-30>
(C:\Users\Rishav Pandey\AppData\Local\Programs\MiKTeX\tex/latex/base\article.cl
s
Document Class: article 2021/10/04 v1.4n Standard LaTeX document class

(C:\Users\Rishav Pandey\AppData\Local\Programs\MiKTeX\tex/latex/base\size12.clo
File: size12.clo 2021/10/04 v1.4n Standard LaTeX file (size option)
)
\c@part=\count185
\c@section=\count186
\c@subsection=\count187
\c@subsubsection=\count188
\c@paragraph=\count189
\c@subparagraph=\count190
\c@figure=\count191
\c@table=\count192
\abovecaptionskip=\skip47
\belowcaptionskip=\skip48
\bibindent=\dimen138
)
(C:\Users\Rishav Pandey\AppData\Local\Programs\MiKTeX\tex/latex/pdfpages\pdfpag
es.sty
Package: pdfpages 2022/05/22 v0.5v Insert pages of external PDF documents (AM)

(C:\Users\Rishav Pandey\AppData\Local\Programs\MiKTeX\tex/latex/base\ifthen.sty
Package: ifthen 2022/04/13 v1.1d Standard LaTeX ifthen package (DPC)
)
(C:\Users\Rishav Pandey\AppData\Local\Programs\MiKTeX\tex/latex/tools\calc.sty
Package: calc 2017/05/25 v4.3 Infix arithmetic (KKT,FJ)
\calc@Acount=\count193
\calc@Bcount=\count194
\calc@Adimen=\dimen139
\calc@Bdimen=\dimen140
\calc@Askip=\skip49
\calc@Bskip=\skip50
LaTeX Info: Redefining \setlength on input line 80.
LaTeX Info: Redefining \addtolength on input line 81.
\calc@Ccount=\count195
\calc@Cskip=\skip51
)
(C:\Users\Rishav Pandey\AppData\Local\Programs\MiKTeX\tex/latex/eso-pic\eso-pic
.sty
Package: eso-pic 2020/10/14 v3.0a eso-pic (RN)
\ESO@tempdima=\dimen141
\ESO@tempdimb=\dimen142

(C:\Users\Rishav Pandey\AppData\Local\Programs\MiKTeX\tex/latex/graphics\keyval
.sty
Package: keyval 2022/05/29 v1.15 key=value parser (DPC)
\KV@toks@=\toks16
)
(C:\Users\Rishav Pandey\AppData\Local\Programs\MiKTeX\tex/latex/xcolor\xcolor.s
ty
Package: xcolor 2022/06/12 v2.14 LaTeX color extensions (UK)

(C:\Users\Rishav Pandey\AppData\Local\Programs\MiKTeX\tex/latex/graphics-cfg\co
lor.cfg
File: color.cfg 2016/01/02 v1.6 sample color configuration
)
Package xcolor Info: Driver file: pdftex.def on input line 227.

(C:\Users\Rishav Pandey\AppData\Local\Programs\MiKTeX\tex/latex/graphics-def\pd
ftex.def
File: pdftex.def 2020/10/05 v1.2a Graphics/color driver for pdftex
)
(C:\Users\Rishav Pandey\AppData\Local\Programs\MiKTeX\tex/latex-dev/graphics\ma
thcolor.ltx)
Package xcolor Info: Model `cmy' substituted by `cmy0' on input line 1353.
Package xcolor Info: Model `hsb' substituted by `rgb' on input line 1357.
Package xcolor Info: Model `RGB' extended on input line 1369.
Package xcolor Info: Model `HTML' substituted by `rgb' on input line 1371.
Package xcolor Info: Model `Hsb' substituted by `hsb' on input line 1372.
Package xcolor Info: Model `tHsb' substituted by `hsb' on input line 1373.
Package xcolor Info: Model `HSB' substituted by `hsb' on input line 1374.
Package xcolor Info: Model `Gray' substituted by `gray' on input line 1375.
Package xcolor Info: Model `wave' substituted by `hsb' on input line 1376.
))
(C:\Users\Rishav Pandey\AppData\Local\Programs\MiKTeX\tex/latex/graphics\graphi
cx.sty
Package: graphicx 2021/09/16 v1.2d Enhanced LaTeX Graphics (DPC,SPQR)

(C:\Users\Rishav Pandey\AppData\Local\Programs\MiKTeX\tex/latex/graphics\graphi
cs.sty
Package: graphics 2022/03/10 v1.4e Standard LaTeX Graphics (DPC,SPQR)

(C:\Users\Rishav Pandey\AppData\Local\Programs\MiKTeX\tex/latex/graphics\trig.s
ty
Package: trig 2021/08/11 v1.11 sin cos tan (DPC)
)
(C:\Users\Rishav Pandey\AppData\Local\Programs\MiKTeX\tex/latex/graphics-cfg\gr
aphics.cfg
File: graphics.cfg 2016/06/04 v1.11 sample graphics configuration
)
Package graphics Info: Driver file: pdftex.def on input line 107.
)
\Gin@req@height=\dimen143
\Gin@req@width=\dimen144
)
\AM@pagewidth=\dimen145
\AM@pageheight=\dimen146
\AM@fboxrule=\dimen147

(C:\Users\Rishav Pandey\AppData\Local\Programs\MiKTeX\tex/latex/pdfpages\pppdft
ex.def
File: pppdftex.def 2022/05/22 v0.5v Pdfpages driver for pdfTeX (AM)
)
\pdfpages@includegraphics@status=\count196
\AM@pagebox=\box51
\AM@global@opts=\toks17
\AM@pagecnt=\count197
\AM@toc@title=\toks18
\c@AM@survey=\count198
\AM@templatesizebox=\box52
)
(C:\Users\Rishav Pandey\AppData\Local\Programs\MiKTeX\tex/latex/geometry\geomet
ry.sty
Package: geometry 2020/01/02 v5.9 Page Geometry

(C:\Users\Rishav Pandey\AppData\Local\Programs\MiKTeX\tex/generic/iftex\ifvtex.
sty
Package: ifvtex 2019/10/25 v1.7 ifvtex legacy package. Use iftex instead.

(C:\Users\Rishav Pandey\AppData\Local\Programs\MiKTeX\tex/generic/iftex\iftex.s
ty
Package: iftex 2022/02/03 v1.0f TeX engine tests
))
\Gm@cnth=\count199
\Gm@cntv=\count266
\c@Gm@tempcnt=\count267
\Gm@bindingoffset=\dimen148
\Gm@wd@mp=\dimen149
\Gm@odd@mp=\dimen150
\Gm@even@mp=\dimen151
\Gm@layoutwidth=\dimen152
\Gm@layoutheight=\dimen153
\Gm@layouthoffset=\dimen154
\Gm@layoutvoffset=\dimen155
\Gm@dimlist=\toks19

(C:\Users\Rishav Pandey\AppData\Local\Programs\MiKTeX\tex/latex/geometry\geomet
ry.cfg))
(C:\Users\Rishav Pandey\AppData\Local\Programs\MiKTeX\tex/latex/hyperref\hyperr
ef.sty
Package: hyperref 2022-09-22 v7.00t Hypertext links for LaTeX

(C:\Users\Rishav Pandey\AppData\Local\Programs\MiKTeX\tex/generic/ltxcmds\ltxcm
ds.sty
Package: ltxcmds 2020-05-10 v1.25 LaTeX kernel commands for general use (HO)
)
(C:\Users\Rishav Pandey\AppData\Local\Programs\MiKTeX\tex/generic/pdftexcmds\pd
ftexcmds.sty
Package: pdftexcmds 2020-06-27 v0.33 Utility functions of pdfTeX for LuaTeX (HO
)

(C:\Users\Rishav Pandey\AppData\Local\Programs\MiKTeX\tex/generic/infwarerr\inf
warerr.sty
Package: infwarerr 2019/12/03 v1.5 Providing info/warning/error messages (HO)
)
Package pdftexcmds Info: \pdf@primitive is available.
Package pdftexcmds Info: \pdf@ifprimitive is available.
Package pdftexcmds Info: \pdfdraftmode found.
)
(C:\Users\Rishav Pandey\AppData\Local\Programs\MiKTeX\tex/generic/kvsetkeys\kvs
etkeys.sty
Package: kvsetkeys 2019/12/15 v1.18 Key value parser (HO)
)
(C:\Users\Rishav Pandey\AppData\Local\Programs\MiKTeX\tex/generic/kvdefinekeys\
kvdefinekeys.sty
Package: kvdefinekeys 2019-12-19 v1.6 Define keys (HO)
)
(C:\Users\Rishav Pandey\AppData\Local\Programs\MiKTeX\tex/generic/pdfescape\pdf
escape.sty
Package: pdfescape 2019/12/09 v1.15 Implements pdfTeX's escape features (HO)
)
(C:\Users\Rishav Pandey\AppData\Local\Programs\MiKTeX\tex/latex/hycolor\hycolor
.sty
Package: hycolor 2020-01-27 v1.10 Color options for hyperref/bookmark (HO)
)
(C:\Users\Rishav Pandey\AppData\Local\Programs\MiKTeX\tex/latex/letltxmacro\let
ltxmacro.sty
Package: letltxmacro 2019/12/03 v1.6 Let assignment for LaTeX macros (HO)
)
(C:\Users\Rishav Pandey\AppData\Local\Programs\MiKTeX\tex/latex/auxhook\auxhook
.sty
Package: auxhook 2019-12-17 v1.6 Hooks for auxiliary files (HO)
)
(C:\Users\Rishav Pandey\AppData\Local\Programs\MiKTeX\tex/latex/hyperref\namere
f.sty
Package: nameref 2022-05-17 v2.50 Cross-referencing by name of section

(C:\Users\Rishav Pandey\AppData\Local\Programs\MiKTeX\tex/latex/refcount\refcou
nt.sty
Package: refcount 2019/12/15 v3.6 Data extraction from label references (HO)
)
(C:\Users\Rishav Pandey\AppData\Local\Programs\MiKTeX\tex/generic/gettitlestrin
g\gettitlestring.sty
Package: gettitlestring 2019/12/15 v1.6 Cleanup title references (HO)

(C:\Users\Rishav Pandey\AppData\Local\Programs\MiKTeX\tex/latex/kvoptions\kvopt
ions.sty
Package: kvoptions 2022-06-15 v3.15 Key value format for package options (HO)
))
\c@section@level=\count268
)
\@linkdim=\dimen156
\Hy@linkcounter=\count269
\Hy@pagecounter=\count270

(C:\Users\Rishav Pandey\AppData\Local\Programs\MiKTeX\tex/latex/hyperref\pd1enc
.def
File: pd1enc.def 2022-09-22 v7.00t Hyperref: PDFDocEncoding definition (HO)
Now handling font encoding PD1 ...
... no UTF-8 mapping file for font encoding PD1
)
(C:\Users\Rishav Pandey\AppData\Local\Programs\MiKTeX\tex/generic/intcalc\intca
lc.sty
Package: intcalc 2019/12/15 v1.3 Expandable calculations with integers (HO)
)
(C:\Users\Rishav Pandey\AppData\Local\Programs\MiKTeX\tex/generic/etexcmds\etex
cmds.sty
Package: etexcmds 2019/12/15 v1.7 Avoid name clashes with e-TeX commands (HO)
)
\Hy@SavedSpaceFactor=\count271

(C:\Users\Rishav Pandey\AppData\Local\Programs\MiKTeX\tex/latex/hyperref\puenc.
def
File: puenc.def 2022-09-22 v7.00t Hyperref: PDF Unicode definition (HO)
Now handling font encoding PU ...
... no UTF-8 mapping file for font encoding PU
)
Package hyperref Info: Hyper figures OFF on input line 4162.
Package hyperref Info: Link nesting OFF on input line 4167.
Package hyperref Info: Hyper index ON on input line 4170.
Package hyperref Info: Plain pages OFF on input line 4177.
Package hyperref Info: Backreferencing OFF on input line 4182.
Package hyperref Info: Implicit mode ON; LaTeX internals redefined.
\stockwidth=\dimen157
\stockheight=\dimen158
Package hyperref Info: Bookmarks ON on input line 4410.
\c@Hy@tempcnt=\count272

(C:\Users\Rishav Pandey\AppData\Local\Programs\MiKTeX\tex/latex/url\url.sty
\Urlmuskip=\muskip16
Package: url 2013/09/16  ver 3.4  Verb mode for urls, etc.
)
LaTeX Info: Redefining \url on input line 4748.
\XeTeXLinkMargin=\dimen159

(C:\Users\Rishav Pandey\AppData\Local\Programs\MiKTeX\tex/generic/bitset\bitset
.sty
Package: bitset 2019/12/09 v1.3 Handle bit-vector datatype (HO)

(C:\Users\Rishav Pandey\AppData\Local\Programs\MiKTeX\tex/generic/bigintcalc\bi
gintcalc.sty
Package: bigintcalc 2019/12/15 v1.5 Expandable calculations on big integers (HO
)
))
\Fld@menulength=\count273
\Field@Width=\dimen160
\Fld@charsize=\dimen161
Package hyperref Info: Hyper figures OFF on input line 6027.
Package hyperref Info: Link nesting OFF on input line 6032.
Package hyperref Info: Hyper index ON on input line 6035.
Package hyperref Info: backreferencing OFF on input line 6042.
Package hyperref Info: Link coloring OFF on input line 6047.
Package hyperref Info: Link coloring with OCG OFF on input line 6052.
Package hyperref Info: PDF/A mode OFF on input line 6057.

(C:\Users\Rishav Pandey\AppData\Local\Programs\MiKTeX\tex/latex/base\atbegshi-l
tx.sty
Package: atbegshi-ltx 2021/01/10 v1.0c Emulation of the original atbegshi
package with kernel methods
)
\Hy@abspage=\count274
\c@Item=\count275
\c@Hfootnote=\count276
)
Package hyperref Info: Driver (autodetected): hpdftex.

(C:\Users\Rishav Pandey\AppData\Local\Programs\MiKTeX\tex/latex/hyperref\hpdfte
x.def
File: hpdftex.def 2022-09-22 v7.00t Hyperref driver for pdfTeX

(C:\Users\Rishav Pandey\AppData\Local\Programs\MiKTeX\tex/latex/base\atveryend-
ltx.sty
Package: atveryend-ltx 2020/08/19 v1.0a Emulation of the original atveryend pac
kage
with kernel methods
)
\Fld@listcount=\count277
\c@bookmark@seq@number=\count278

(C:\Users\Rishav Pandey\AppData\Local\Programs\MiKTeX\tex/latex/rerunfilecheck\
rerunfilecheck.sty
Package: rerunfilecheck 2022-07-10 v1.10 Rerun checks for auxiliary files (HO)

(C:\Users\Rishav Pandey\AppData\Local\Programs\MiKTeX\tex/generic/uniquecounter
\uniquecounter.sty
Package: uniquecounter 2019/12/15 v1.4 Provide unlimited unique counter (HO)
)
Package uniquecounter Info: New unique counter `rerunfilecheck' on input line 2
85.
)
\Hy@SectionHShift=\skip52
)
Package hyperref Info: Option `colorlinks' set `true' on input line 13.

(C:\Users\Rishav Pandey\AppData\Local\Programs\MiKTeX\tex/latex/preprint\authbl
k.sty
Package: authblk 2001/02/27 1.3 (PWD)
\affilsep=\skip53
\@affilsep=\skip54
\c@Maxaffil=\count279
\c@authors=\count280
\c@affil=\count281
)
(C:\Users\Rishav Pandey\AppData\Local\Programs\MiKTeX\tex/latex/caption\subcapt
ion.sty
Package: subcaption 2022/01/07 v1.5 Sub-captions (AR)

(C:\Users\Rishav Pandey\AppData\Local\Programs\MiKTeX\tex/latex/caption\caption
.sty
Package: caption 2022/03/01 v3.6b Customizing captions (AR)

(C:\Users\Rishav Pandey\AppData\Local\Programs\MiKTeX\tex/latex/caption\caption
3.sty
Package: caption3 2022/03/17 v2.3b caption3 kernel (AR)
\caption@tempdima=\dimen162
\captionmargin=\dimen163
\caption@leftmargin=\dimen164
\caption@rightmargin=\dimen165
\caption@width=\dimen166
\caption@indent=\dimen167
\caption@parindent=\dimen168
\caption@hangindent=\dimen169
Package caption Info: Standard document class detected.
)
\c@caption@flags=\count282
\c@continuedfloat=\count283
Package caption Info: hyperref package is loaded.
)
\c@subfigure=\count284
\c@subtable=\count285
)
(C:\Users\Rishav Pandey\AppData\Local\Programs\MiKTeX\tex/latex/sectsty\sectsty
.sty
Package: sectsty 2002/02/25 v2.0.2 Commands to change all sectional heading sty
les


LaTeX Warning: Command \underbar  has changed.
               Check if current package is valid.


LaTeX Warning: Command \underline  has changed.
               Check if current package is valid.

) (C:\Users\Rishav Pandey\AppData\Local\Programs\MiKTeX\tex/latex/cite\cite.sty
LaTeX Info: Redefining \cite on input line 302.
LaTeX Info: Redefining \nocite on input line 332.
Package: cite 2015/02/27  v 5.5
)
(C:\Users\Rishav Pandey\AppData\Local\Programs\MiKTeX\tex/latex/tools\verbatim.
sty
Package: verbatim 2020-07-07 v1.5u LaTeX2e package for verbatim enhancements
\every@verbatim=\toks20
\verbatim@line=\toks21
\verbatim@in@stream=\read2
)
(C:\Users\Rishav Pandey\AppData\Local\Programs\MiKTeX\tex/latex/float\float.sty
Package: float 2001/11/08 v1.3d Float enhancements (AL)
\c@float@type=\count286
\float@exts=\toks22
\float@box=\box53
\@float@everytoks=\toks23
\@floatcapt=\box54
)
(C:\Users\Rishav Pandey\AppData\Local\Programs\MiKTeX\tex/latex/l3backend\l3bac
kend-pdftex.def
File: l3backend-pdftex.def 2022-08-30 L3 backend support: PDF output (pdfTeX)
\l__color_backend_stack_int=\count287
\l__pdf_internal_box=\box55
) (main.aux)
\openout1 = `main.aux'.

LaTeX Font Info:    Checking defaults for OML/cmm/m/it on input line 51.
LaTeX Font Info:    ... okay on input line 51.
LaTeX Font Info:    Checking defaults for OMS/cmsy/m/n on input line 51.
LaTeX Font Info:    ... okay on input line 51.
LaTeX Font Info:    Checking defaults for OT1/cmr/m/n on input line 51.
LaTeX Font Info:    ... okay on input line 51.
LaTeX Font Info:    Checking defaults for T1/cmr/m/n on input line 51.
LaTeX Font Info:    ... okay on input line 51.
LaTeX Font Info:    Checking defaults for TS1/cmr/m/n on input line 51.
LaTeX Font Info:    ... okay on input line 51.
LaTeX Font Info:    Checking defaults for OMX/cmex/m/n on input line 51.
LaTeX Font Info:    ... okay on input line 51.
LaTeX Font Info:    Checking defaults for U/cmr/m/n on input line 51.
LaTeX Font Info:    ... okay on input line 51.
LaTeX Font Info:    Checking defaults for PD1/pdf/m/n on input line 51.
LaTeX Font Info:    ... okay on input line 51.
LaTeX Font Info:    Checking defaults for PU/pdf/m/n on input line 51.
LaTeX Font Info:    ... okay on input line 51.

(C:\Users\Rishav Pandey\AppData\Local\Programs\MiKTeX\tex/context/base/mkii\sup
p-pdf.mkii
[Loading MPS to PDF converter (version 2006.09.02).]
\scratchcounter=\count288
\scratchdimen=\dimen170
\scratchbox=\box56
\nofMPsegments=\count289
\nofMParguments=\count290
\everyMPshowfont=\toks24
\MPscratchCnt=\count291
\MPscratchDim=\dimen171
\MPnumerator=\count292
\makeMPintoPDFobject=\count293
\everyMPtoPDFconversion=\toks25
)
(C:\Users\Rishav Pandey\AppData\Local\Programs\MiKTeX\tex/latex/epstopdf-pkg\ep
stopdf-base.sty
Package: epstopdf-base 2020-01-24 v2.11 Base part for package epstopdf
Package epstopdf-base Info: Redefining graphics rule for `.eps' on input line 4
85.

(C:\Users\Rishav Pandey\AppData\Local\Programs\MiKTeX\tex/latex/00miktex\epstop
df-sys.cfg
File: epstopdf-sys.cfg 2021/03/18 v2.0 Configuration of epstopdf for MiKTeX
))
(C:\Users\Rishav Pandey\AppData\Local\Programs\MiKTeX\tex/latex/pdflscape\pdfls
cape.sty
Package: pdflscape 2019/12/05 v0.12 Display of landscape pages in PDF (HO)

(C:\Users\Rishav Pandey\AppData\Local\Programs\MiKTeX\tex/latex/graphics\lscape
.sty
Package: lscape 2020/05/28 v3.02 Landscape Pages (DPC)
)
Package pdflscape Info: Auto-detected driver: pdftex on input line 81.
)
*geometry* driver: auto-detecting
*geometry* detected driver: pdftex
*geometry* verbose mode - [ preamble ] result:
* driver: pdftex
* paper: <default>
* layout: <same size as paper>
* layoutoffset:(h,v)=(0.0pt,0.0pt)
* modes: 
* h-part:(L,W,R)=(71.13188pt, 472.03123pt, 71.13188pt)
* v-part:(T,H,B)=(95.39737pt, 556.47656pt, 143.09605pt)
* \paperwidth=614.295pt
* \paperheight=794.96999pt
* \textwidth=472.03123pt
* \textheight=556.47656pt
* \oddsidemargin=-1.1381pt
* \evensidemargin=-1.1381pt
* \topmargin=-13.87262pt
* \headheight=12.0pt
* \headsep=25.0pt
* \topskip=12.0pt
* \footskip=30.0pt
* \marginparwidth=44.0pt
* \marginparsep=10.0pt
* \columnsep=10.0pt
* \skip\footins=10.8pt plus 4.0pt minus 2.0pt
* \hoffset=0.0pt
* \voffset=0.0pt
* \mag=1000
* \@twocolumnfalse
* \@twosidefalse
* \@mparswitchfalse
* \@reversemarginfalse
* (1in=72.27pt=25.4mm, 1cm=28.453pt)

Package hyperref Info: Link coloring ON on input line 51.
(main.out) (main.out)
\@outlinefile=\write3
\openout3 = `main.out'.

Package caption Info: Begin \AtBeginDocument code.
Package caption Info: float package is loaded.
Package caption Info: End \AtBeginDocument code.


pdfTeX warning: pdflatex (file ./Final_report_frontpage.pdf): PDF inclusion: fo
und PDF version <1.7>, but at most version <1.5> allowed
<Final_report_frontpage.pdf, id=59, 597.55246pt x 845.07718pt>
File: Final_report_frontpage.pdf Graphic file (type pdf)
<use Final_report_frontpage.pdf>
Package pdftex.def Info: Final_report_frontpage.pdf  used on input line 58.
(pdftex.def)             Requested size: 597.551pt x 845.07512pt.


pdfTeX warning: pdflatex (file ./Final_report_frontpage.pdf): PDF inclusion: fo
und PDF version <1.7>, but at most version <1.5> allowed
File: Final_report_frontpage.pdf Graphic file (type pdf)
<use Final_report_frontpage.pdf>
Package pdftex.def Info: Final_report_frontpage.pdf  used on input line 58.
(pdftex.def)             Requested size: 597.551pt x 845.07512pt.


pdfTeX warning: pdflatex (file ./Final_report_frontpage.pdf): PDF inclusion: fo
und PDF version <1.7>, but at most version <1.5> allowed


pdfTeX warning: pdflatex (file ./Final_report_frontpage.pdf): PDF inclusion: fo
und PDF version <1.7>, but at most version <1.5> allowed
<Final_report_frontpage.pdf, id=62, page=1, 597.55246pt x 845.07718pt>
File: Final_report_frontpage.pdf Graphic file (type pdf)
<use Final_report_frontpage.pdf, page 1>
Package pdftex.def Info: Final_report_frontpage.pdf , page1 used on input line 
58.
(pdftex.def)             Requested size: 597.551pt x 845.07512pt.
File: Final_report_frontpage.pdf Graphic file (type pdf)
<use Final_report_frontpage.pdf, page 1>
Package pdftex.def Info: Final_report_frontpage.pdf , page1 used on input line 
58.
(pdftex.def)             Requested size: 562.1644pt x 795.0303pt.
File: Final_report_frontpage.pdf Graphic file (type pdf)
<use Final_report_frontpage.pdf, page 1>
Package pdftex.def Info: Final_report_frontpage.pdf , page1 used on input line 
58.
(pdftex.def)             Requested size: 562.1644pt x 795.0303pt.
File: Final_report_frontpage.pdf Graphic file (type pdf)
<use Final_report_frontpage.pdf, page 1>
Package pdftex.def Info: Final_report_frontpage.pdf , page1 used on input line 
58.
(pdftex.def)             Requested size: 562.1644pt x 795.0303pt.
File: Final_report_frontpage.pdf Graphic file (type pdf)
<use Final_report_frontpage.pdf, page 1>
Package pdftex.def Info: Final_report_frontpage.pdf , page1 used on input line 
58.
(pdftex.def)             Requested size: 562.1644pt x 795.0303pt.
[1

 <./Final_report_frontpage.pdf>] (main.toc
LaTeX Font Info:    External font `cmex10' loaded for size
(Font)              <12> on input line 4.
LaTeX Font Info:    External font `cmex10' loaded for size
(Font)              <8> on input line 4.
LaTeX Font Info:    External font `cmex10' loaded for size
(Font)              <6> on input line 4.
)
\tf@toc=\write4
\openout4 = `main.toc'.

 [2{C:/Users/Rishav Pandey/AppData/Local/MiKTeX/fonts/map/pdftex/pdftex.map}]
LaTeX Font Info:    External font `cmex10' loaded for size
(Font)              <10.95> on input line 64.
<SPD_HIC_Histograms//ABRAMOV_Fig.36.jpg, id=121, 1084.05pt x 1121.18875pt>
File: SPD_HIC_Histograms//ABRAMOV_Fig.36.jpg Graphic file (type jpg)
<use SPD_HIC_Histograms//ABRAMOV_Fig.36.jpg>
Package pdftex.def Info: SPD_HIC_Histograms//ABRAMOV_Fig.36.jpg  used on input 
line 101.
(pdftex.def)             Requested size: 325.21751pt x 336.35922pt.
LaTeX Font Info:    External font `cmex10' loaded for size
(Font)              <5> on input line 102.


LaTeX Warning: `h' float specifier changed to `ht'.

[3] [4 <./SPD_HIC_Histograms//ABRAMOV_Fig.36.jpg>]
<SPD_HIC_Histograms//NICA_Collider.png, id=140, 1401.73688pt x 621.82312pt>
File: SPD_HIC_Histograms//NICA_Collider.png Graphic file (type png)
<use SPD_HIC_Histograms//NICA_Collider.png>
Package pdftex.def Info: SPD_HIC_Histograms//NICA_Collider.png  used on input l
ine 112.
(pdftex.def)             Requested size: 420.5243pt x 186.54837pt.
<SPD_HIC_Histograms//Layout of the SPD setup proposed for first stage at NICA-S
PD.png, id=145, 808.82175pt x 372.79276pt>
File: SPD_HIC_Histograms//Layout of the SPD setup proposed for first stage at N
ICA-SPD.png Graphic file (type png)
<use SPD_HIC_Histograms//Layout of the SPD setup proposed for first stage at NI
CA-SPD.png>
Package pdftex.def Info: SPD_HIC_Histograms//Layout of the SPD setup proposed f
or first stage at NICA-SPD.png  used on input line 131.
(pdftex.def)             Requested size: 472.03123pt x 217.5624pt.


LaTeX Warning: `h' float specifier changed to `ht'.

[5 <./SPD_HIC_Histograms//NICA_Collider.png>] [6 <./SPD_HIC_Histograms//Layout 
of the SPD setup proposed for first stage at NICA-SPD.png>] [7]
<SPD_HIC_Histograms//GeneratorTotalMultiplicity_C12.png, id=166, 1633.10126pt x
 967.615pt>
File: SPD_HIC_Histograms//GeneratorTotalMultiplicity_C12.png Graphic file (type
 png)
<use SPD_HIC_Histograms//GeneratorTotalMultiplicity_C12.png>
Package pdftex.def Info: SPD_HIC_Histograms//GeneratorTotalMultiplicity_C12.png
  used on input line 188.
(pdftex.def)             Requested size: 231.27403pt x 183.62729pt.
<SPD_HIC_Histograms//GeneratorTotalMultiplicity_Ca40.png, id=167, 1634.105pt x 
961.5925pt>
File: SPD_HIC_Histograms//GeneratorTotalMultiplicity_Ca40.png Graphic file (typ
e png)
<use SPD_HIC_Histograms//GeneratorTotalMultiplicity_Ca40.png>
Package pdftex.def Info: SPD_HIC_Histograms//GeneratorTotalMultiplicity_Ca40.pn
g  used on input line 195.
(pdftex.def)             Requested size: 231.29152pt x 183.62885pt.
 [8 <./SPD_HIC_Histograms//GeneratorTotalMultiplicity_C12.png> <./SPD_HIC_Histo
grams//GeneratorTotalMultiplicity_Ca40.png>]
<SPD_HIC_Histograms//RapidityC12.png, id=176, 1623.06375pt x 966.61125pt>
File: SPD_HIC_Histograms//RapidityC12.png Graphic file (type png)
<use SPD_HIC_Histograms//RapidityC12.png>
Package pdftex.def Info: SPD_HIC_Histograms//RapidityC12.png  used on input lin
e 210.
(pdftex.def)             Requested size: 231.28899pt x 183.62854pt.
<SPD_HIC_Histograms//RapidityCa40.png, id=177, 1637.11626pt x 966.61125pt>
File: SPD_HIC_Histograms//RapidityCa40.png Graphic file (type png)
<use SPD_HIC_Histograms//RapidityCa40.png>
Package pdftex.def Info: SPD_HIC_Histograms//RapidityCa40.png  used on input li
ne 216.
(pdftex.def)             Requested size: 231.29306pt x 183.62854pt.
<SPD_HIC_Histograms//pToT_protons_C12.png, id=182, 1626.075pt x 967.615pt>
File: SPD_HIC_Histograms//pToT_protons_C12.png Graphic file (type png)
<use SPD_HIC_Histograms//pToT_protons_C12.png>
Package pdftex.def Info: SPD_HIC_Histograms//pToT_protons_C12.png  used on inpu
t line 245.
(pdftex.def)             Requested size: 227.64894pt x 135.46518pt.
<SPD_HIC_Histograms//pToT_protons_Ca.png, id=183, 1661.20625pt x 961.5925pt>
File: SPD_HIC_Histograms//pToT_protons_Ca.png Graphic file (type png)
<use SPD_HIC_Histograms//pToT_protons_Ca.png>
Package pdftex.def Info: SPD_HIC_Histograms//pToT_protons_Ca.png  used on input
 line 253.
(pdftex.def)             Requested size: 232.56729pt x 134.62202pt.

Overfull \hbox (1.2694pt too wide) in paragraph at lines 253--254
 [][] 
 []

<SPD_HIC_Histograms//pToT_Pions_C12.png, id=184, 1650.165pt x 967.615pt>
File: SPD_HIC_Histograms//pToT_Pions_C12.png Graphic file (type png)
<use SPD_HIC_Histograms//pToT_Pions_C12.png>
Package pdftex.def Info: SPD_HIC_Histograms//pToT_Pions_C12.png  used on input 
line 260.
(pdftex.def)             Requested size: 231.02151pt x 135.46518pt.
<SPD_HIC_Histograms//pToT_pions_Ca.png, id=185, 1661.20625pt x 961.5925pt>
File: SPD_HIC_Histograms//pToT_pions_Ca.png Graphic file (type png)
<use SPD_HIC_Histograms//pToT_pions_Ca.png>
Package pdftex.def Info: SPD_HIC_Histograms//pToT_pions_Ca.png  used on input l
ine 268.
(pdftex.def)             Requested size: 232.56729pt x 134.62202pt.

Overfull \hbox (1.2694pt too wide) in paragraph at lines 268--269
 [][] 
 []

<SPD_HIC_Histograms//pToT_kaons_C12.png, id=186, 1622.06pt x 967.615pt>
File: SPD_HIC_Histograms//pToT_kaons_C12.png Graphic file (type png)
<use SPD_HIC_Histograms//pToT_kaons_C12.png>
Package pdftex.def Info: SPD_HIC_Histograms//pToT_kaons_C12.png  used on input 
line 275.
(pdftex.def)             Requested size: 227.08685pt x 135.46518pt.
<SPD_HIC_Histograms//pToT_kaons_Ca.png, id=187, 1651.16875pt x 961.5925pt>
File: SPD_HIC_Histograms//pToT_kaons_Ca.png Graphic file (type png)
<use SPD_HIC_Histograms//pToT_kaons_Ca.png>
Package pdftex.def Info: SPD_HIC_Histograms//pToT_kaons_Ca.png  used on input l
ine 282.
(pdftex.def)             Requested size: 231.16205pt x 134.62202pt.

LaTeX Warning: `h' float specifier changed to `ht'.

[9

 <./SPD_HIC_Histograms//RapidityC12.png> <./SPD_HIC_Histograms//RapidityCa40.pn
g>] [10 <./SPD_HIC_Histograms//pToT_protons_C12.png> <./SPD_HIC_Histograms//pTo
T_protons_Ca.png> <./SPD_HIC_Histograms//pToT_Pions_C12.png> <./SPD_HIC_Histogr
ams//pToT_pions_Ca.png> <./SPD_HIC_Histograms//pToT_kaons_C12.png> <./SPD_HIC_H
istograms//pToT_kaons_Ca.png>]

Package hyperref Warning: Token not allowed in a PDF string (Unicode):
(hyperref)                removing `math shift' on input line 352.


Package hyperref Warning: Token not allowed in a PDF string (Unicode):
(hyperref)                removing `superscript' on input line 352.


Package hyperref Warning: Token not allowed in a PDF string (Unicode):
(hyperref)                removing `superscript' on input line 352.


Package hyperref Warning: Token not allowed in a PDF string (Unicode):
(hyperref)                removing `math shift' on input line 352.

<SPD_HIC_Histograms//Detector_TotalMultiplicity_C12.png, id=213, 1631.09375pt x
 959.585pt>
File: SPD_HIC_Histograms//Detector_TotalMultiplicity_C12.png Graphic file (type
 png)
<use SPD_HIC_Histograms//Detector_TotalMultiplicity_C12.png>
Package pdftex.def Info: SPD_HIC_Histograms//Detector_TotalMultiplicity_C12.png
  used on input line 367.
(pdftex.def)             Requested size: 228.35156pt x 134.34097pt.
<SPD_HIC_Histograms//Detector_TotalMultiplicity_Ca40.png, id=214, 1631.09375pt 
x 959.585pt>
File: SPD_HIC_Histograms//Detector_TotalMultiplicity_Ca40.png Graphic file (typ
e png)
<use SPD_HIC_Histograms//Detector_TotalMultiplicity_Ca40.png>
Package pdftex.def Info: SPD_HIC_Histograms//Detector_TotalMultiplicity_Ca40.pn
g  used on input line 374.
(pdftex.def)             Requested size: 228.35156pt x 134.34097pt.

LaTeX Warning: `h' float specifier changed to `ht'.

<SPD_HIC_Histograms//Detector_pToT_pions(st)_C12.png, id=215, 1607.00375pt x 96
4.60374pt>
File: SPD_HIC_Histograms//Detector_pToT_pions(st)_C12.png Graphic file (type pn
g)
<use SPD_HIC_Histograms//Detector_pToT_pions(st)_C12.png>
Package pdftex.def Info: SPD_HIC_Histograms//Detector_pToT_pions(st)_C12.png  u
sed on input line 388.
(pdftex.def)             Requested size: 224.97899pt x 135.0436pt.
<SPD_HIC_Histograms//Detector_pToT_pions(tof)_C12.png, id=216, 1607.00375pt x 9
64.60374pt>
File: SPD_HIC_Histograms//Detector_pToT_pions(tof)_C12.png Graphic file (type p
ng)
<use SPD_HIC_Histograms//Detector_pToT_pions(tof)_C12.png>
Package pdftex.def Info: SPD_HIC_Histograms//Detector_pToT_pions(tof)_C12.png  
used on input line 395.
(pdftex.def)             Requested size: 224.97899pt x 135.0436pt.

LaTeX Warning: `h' float specifier changed to `ht'.

<SPD_HIC_Histograms//PionSpectraPrecision_C12.png, id=217, 1607.00375pt x 964.6
0374pt>
File: SPD_HIC_Histograms//PionSpectraPrecision_C12.png Graphic file (type png)
<use SPD_HIC_Histograms//PionSpectraPrecision_C12.png>
Package pdftex.def Info: SPD_HIC_Histograms//PionSpectraPrecision_C12.png  used
 on input line 406.
(pdftex.def)             Requested size: 283.22162pt x 170.0004pt.
[11

]
Overfull \vbox (13.41138pt too high) has occurred while \output is active []


[12 <./SPD_HIC_Histograms//Detector_TotalMultiplicity_C12.png> <./SPD_HIC_Histo
grams//Detector_TotalMultiplicity_Ca40.png> <./SPD_HIC_Histograms//Detector_pTo
T_pions(st)_C12.png> <./SPD_HIC_Histograms//Detector_pToT_pions(tof)_C12.png> <
./SPD_HIC_Histograms//PionSpectraPrecision_C12.png>]

Package hyperref Warning: Token not allowed in a PDF string (Unicode):
(hyperref)                removing `math shift' on input line 413.


Package hyperref Warning: Token not allowed in a PDF string (Unicode):
(hyperref)                removing `superscript' on input line 413.


Package hyperref Warning: Token not allowed in a PDF string (Unicode):
(hyperref)                removing `superscript' on input line 413.


Package hyperref Warning: Token not allowed in a PDF string (Unicode):
(hyperref)                removing `math shift' on input line 413.

<SPD_HIC_Histograms//Detector_pToT_kaons(st)_C12.png, id=236, 1602.98875pt x 96
6.61125pt>
File: SPD_HIC_Histograms//Detector_pToT_kaons(st)_C12.png Graphic file (type pn
g)
<use SPD_HIC_Histograms//Detector_pToT_kaons(st)_C12.png>
Package pdftex.def Info: SPD_HIC_Histograms//Detector_pToT_kaons(st)_C12.png  u
sed on input line 428.
(pdftex.def)             Requested size: 224.41689pt x 135.32465pt.
<SPD_HIC_Histograms//Detector_pToT_kaons(tof)_C12.png, id=237, 1602.98875pt x 9
66.61125pt>
File: SPD_HIC_Histograms//Detector_pToT_kaons(tof)_C12.png Graphic file (type p
ng)
<use SPD_HIC_Histograms//Detector_pToT_kaons(tof)_C12.png>
Package pdftex.def Info: SPD_HIC_Histograms//Detector_pToT_kaons(tof)_C12.png  
used on input line 435.
(pdftex.def)             Requested size: 224.41689pt x 135.32465pt.
<SPD_HIC_Histograms//KaonSpectraPrecision_C12.png, id=238, 1602.98875pt x 966.6
1125pt>
File: SPD_HIC_Histograms//KaonSpectraPrecision_C12.png Graphic file (type png)
<use SPD_HIC_Histograms//KaonSpectraPrecision_C12.png>
Package pdftex.def Info: SPD_HIC_Histograms//KaonSpectraPrecision_C12.png  used
 on input line 446.
(pdftex.def)             Requested size: 283.22162pt x 170.78192pt.
[13

 <./SPD_HIC_Histograms//Detector_pToT_kaons(st)_C12.png> <./SPD_HIC_Histograms/
/Detector_pToT_kaons(tof)_C12.png> <./SPD_HIC_Histograms//KaonSpectraPrecision_
C12.png>]

Package hyperref Warning: Token not allowed in a PDF string (Unicode):
(hyperref)                removing `math shift' on input line 453.


Package hyperref Warning: Token not allowed in a PDF string (Unicode):
(hyperref)                removing `superscript' on input line 453.


Package hyperref Warning: Token not allowed in a PDF string (Unicode):
(hyperref)                removing `superscript' on input line 453.


Package hyperref Warning: Token not allowed in a PDF string (Unicode):
(hyperref)                removing `math shift' on input line 453.

<SPD_HIC_Histograms//Detector_pToT_protons(st)_C12.png, id=251, 1602.98875pt x 
966.61125pt>
File: SPD_HIC_Histograms//Detector_pToT_protons(st)_C12.png Graphic file (type 
png)
<use SPD_HIC_Histograms//Detector_pToT_protons(st)_C12.png>
Package pdftex.def Info: SPD_HIC_Histograms//Detector_pToT_protons(st)_C12.png 
 used on input line 468.
(pdftex.def)             Requested size: 224.41689pt x 135.32465pt.
<SPD_HIC_Histograms//Detector_pToT_protons(tof)_C12.png, id=252, 1602.98875pt x
 966.61125pt>
File: SPD_HIC_Histograms//Detector_pToT_protons(tof)_C12.png Graphic file (type
 png)
<use SPD_HIC_Histograms//Detector_pToT_protons(tof)_C12.png>
Package pdftex.def Info: SPD_HIC_Histograms//Detector_pToT_protons(tof)_C12.png
  used on input line 475.
(pdftex.def)             Requested size: 224.41689pt x 135.32465pt.
<SPD_HIC_Histograms//ProtonSpectraPrecision_C12.png, id=253, 1602.98875pt x 966
.61125pt>
File: SPD_HIC_Histograms//ProtonSpectraPrecision_C12.png Graphic file (type png
)
<use SPD_HIC_Histograms//ProtonSpectraPrecision_C12.png>
Package pdftex.def Info: SPD_HIC_Histograms//ProtonSpectraPrecision_C12.png  us
ed on input line 486.
(pdftex.def)             Requested size: 283.22162pt x 170.78192pt.
[14

 <./SPD_HIC_Histograms//Detector_pToT_protons(st)_C12.png> <./SPD_HIC_Histogram
s//Detector_pToT_protons(tof)_C12.png> <./SPD_HIC_Histograms//ProtonSpectraPrec
ision_C12.png>] [15] (main.aux)
Package rerunfilecheck Info: File `main.out' has not changed.
(rerunfilecheck)             Checksum: BEAA7300F0F66EEB2390F0853E798936;2227.
 ) 
Here is how much of TeX's memory you used:
 12103 strings out of 475389
 208532 string characters out of 2773188
 552433 words of memory out of 3000000
 33254 multiletter control sequences out of 15000+600000
 475872 words of font info for 50 fonts, out of 8000000 for 9000
 1141 hyphenation exceptions out of 8191
 72i,17n,77p,1666b,618s stack positions out of 10000i,1000n,20000p,200000b,80000s
<C:/Users/Rishav Pandey/AppData/Local/Programs/MiKTeX/fonts/type1/public/amsf
onts/cm/cmbx10.pfb><C:/Users/Rishav Pandey/AppData/Local/Programs/MiKTeX/fonts/
type1/public/amsfonts/cm/cmbx12.pfb><C:/Users/Rishav Pandey/AppData/Local/Progr
ams/MiKTeX/fonts/type1/public/amsfonts/cm/cmbx6.pfb><C:/Users/Rishav Pandey/App
Data/Local/Programs/MiKTeX/fonts/type1/public/amsfonts/cm/cmbx8.pfb><C:/Users/R
ishav Pandey/AppData/Local/Programs/MiKTeX/fonts/type1/public/amsfonts/cm/cmmi1
0.pfb><C:/Users/Rishav Pandey/AppData/Local/Programs/MiKTeX/fonts/type1/public/
amsfonts/cm/cmmi12.pfb><C:/Users/Rishav Pandey/AppData/Local/Programs/MiKTeX/fo
nts/type1/public/amsfonts/cm/cmmi6.pfb><C:/Users/Rishav Pandey/AppData/Local/Pr
ograms/MiKTeX/fonts/type1/public/amsfonts/cm/cmmi8.pfb><C:/Users/Rishav Pandey/
AppData/Local/Programs/MiKTeX/fonts/type1/public/amsfonts/cm/cmr10.pfb><C:/User
s/Rishav Pandey/AppData/Local/Programs/MiKTeX/fonts/type1/public/amsfonts/cm/cm
r12.pfb><C:/Users/Rishav Pandey/AppData/Local/Programs/MiKTeX/fonts/type1/publi
c/amsfonts/cm/cmr5.pfb><C:/Users/Rishav Pandey/AppData/Local/Programs/MiKTeX/fo
nts/type1/public/amsfonts/cm/cmr6.pfb><C:/Users/Rishav Pandey/AppData/Local/Pro
grams/MiKTeX/fonts/type1/public/amsfonts/cm/cmr8.pfb><C:/Users/Rishav Pandey/Ap
pData/Local/Programs/MiKTeX/fonts/type1/public/amsfonts/cm/cmsy10.pfb><C:/Users
/Rishav Pandey/AppData/Local/Programs/MiKTeX/fonts/type1/public/amsfonts/cm/cms
y5.pfb><C:/Users/Rishav Pandey/AppData/Local/Programs/MiKTeX/fonts/type1/public
/amsfonts/cm/cmsy6.pfb><C:/Users/Rishav Pandey/AppData/Local/Programs/MiKTeX/fo
nts/type1/public/amsfonts/cm/cmsy8.pfb><C:/Users/Rishav Pandey/AppData/Local/Pr
ograms/MiKTeX/fonts/type1/public/amsfonts/cm/cmti10.pfb><C:/Users/Rishav Pandey
/AppData/Local/Programs/MiKTeX/fonts/type1/public/amsfonts/cm/cmtt10.pfb>
Output written on main.pdf (15 pages, 1785469 bytes).
PDF statistics:
 360 PDF objects out of 1000 (max. 8388607)
 48 named destinations out of 1000 (max. 500000)
 253 words of extra memory for PDF output out of 10000 (max. 10000000)

