This is pdfTeX, Version 3.141592653-2.6-1.40.24 (MiKTeX 21.12) (preloaded format=pdflatex 2022.1.19)  20 JAN 2022 11:07
entering extended mode
 restricted \write18 enabled.
 %&-line parsing enabled.
**./TSF.tex
(TSF.tex
LaTeX2e <2021-11-15> patch level 1
L3 programming layer <2021-11-22>
(C:\Users\Rishav Pandey\AppData\Local\Programs\MiKTeX\tex/latex/base\article.cl
s
Document Class: article 2021/10/04 v1.4n Standard LaTeX document class

(C:\Users\Rishav Pandey\AppData\Local\Programs\MiKTeX\tex/latex/base\size12.clo
File: size12.clo 2021/10/04 v1.4n Standard LaTeX file (size option)
)
\c@part=\count183
\c@section=\count184
\c@subsection=\count185
\c@subsubsection=\count186
\c@paragraph=\count187
\c@subparagraph=\count188
\c@figure=\count189
\c@table=\count190
\abovecaptionskip=\skip47
\belowcaptionskip=\skip48
\bibindent=\dimen138
)
(C:\Users\Rishav Pandey\AppData\Local\Programs\MiKTeX\tex/latex/graphics\graphi
cx.sty
Package: graphicx 2021/09/16 v1.2d Enhanced LaTeX Graphics (DPC,SPQR)

(C:\Users\Rishav Pandey\AppData\Local\Programs\MiKTeX\tex/latex/graphics\keyval
.sty
Package: keyval 2014/10/28 v1.15 key=value parser (DPC)
\KV@toks@=\toks16
)
(C:\Users\Rishav Pandey\AppData\Local\Programs\MiKTeX\tex/latex/graphics\graphi
cs.sty
Package: graphics 2021/03/04 v1.4d Standard LaTeX Graphics (DPC,SPQR)

(C:\Users\Rishav Pandey\AppData\Local\Programs\MiKTeX\tex/latex/graphics\trig.s
ty
Package: trig 2021/08/11 v1.11 sin cos tan (DPC)
)
(C:\Users\Rishav Pandey\AppData\Local\Programs\MiKTeX\tex/latex/graphics-cfg\gr
aphics.cfg
File: graphics.cfg 2016/06/04 v1.11 sample graphics configuration
)
Package graphics Info: Driver file: pdftex.def on input line 107.

(C:\Users\Rishav Pandey\AppData\Local\Programs\MiKTeX\tex/latex/graphics-def\pd
ftex.def
File: pdftex.def 2020/10/05 v1.2a Graphics/color driver for pdftex
))
\Gin@req@height=\dimen139
\Gin@req@width=\dimen140
)
(C:\Users\Rishav Pandey\AppData\Local\Programs\MiKTeX\tex/latex/hyperref\hyperr
ef.sty
Package: hyperref 2021-06-07 v7.00m Hypertext links for LaTeX

(C:\Users\Rishav Pandey\AppData\Local\Programs\MiKTeX\tex/generic/ltxcmds\ltxcm
ds.sty
Package: ltxcmds 2020-05-10 v1.25 LaTeX kernel commands for general use (HO)
)
(C:\Users\Rishav Pandey\AppData\Local\Programs\MiKTeX\tex/generic/iftex\iftex.s
ty
Package: iftex 2020/03/06 v1.0d TeX engine tests
)
(C:\Users\Rishav Pandey\AppData\Local\Programs\MiKTeX\tex/generic/pdftexcmds\pd
ftexcmds.sty
Package: pdftexcmds 2020-06-27 v0.33 Utility functions of pdfTeX for LuaTeX (HO
)

(C:\Users\Rishav Pandey\AppData\Local\Programs\MiKTeX\tex/generic/infwarerr\inf
warerr.sty
Package: infwarerr 2019/12/03 v1.5 Providing info/warning/error messages (HO)
)
Package pdftexcmds Info: \pdf@primitive is available.
Package pdftexcmds Info: \pdf@ifprimitive is available.
Package pdftexcmds Info: \pdfdraftmode found.
)
(C:\Users\Rishav Pandey\AppData\Local\Programs\MiKTeX\tex/generic/kvsetkeys\kvs
etkeys.sty
Package: kvsetkeys 2019/12/15 v1.18 Key value parser (HO)
)
(C:\Users\Rishav Pandey\AppData\Local\Programs\MiKTeX\tex/generic/kvdefinekeys\
kvdefinekeys.sty
Package: kvdefinekeys 2019-12-19 v1.6 Define keys (HO)
)
(C:\Users\Rishav Pandey\AppData\Local\Programs\MiKTeX\tex/generic/pdfescape\pdf
escape.sty
Package: pdfescape 2019/12/09 v1.15 Implements pdfTeX's escape features (HO)
)
(C:\Users\Rishav Pandey\AppData\Local\Programs\MiKTeX\tex/latex/hycolor\hycolor
.sty
Package: hycolor 2020-01-27 v1.10 Color options for hyperref/bookmark (HO)
)
(C:\Users\Rishav Pandey\AppData\Local\Programs\MiKTeX\tex/latex/letltxmacro\let
ltxmacro.sty
Package: letltxmacro 2019/12/03 v1.6 Let assignment for LaTeX macros (HO)
)
(C:\Users\Rishav Pandey\AppData\Local\Programs\MiKTeX\tex/latex/auxhook\auxhook
.sty
Package: auxhook 2019-12-17 v1.6 Hooks for auxiliary files (HO)
)
(C:\Users\Rishav Pandey\AppData\Local\Programs\MiKTeX\tex/latex/kvoptions\kvopt
ions.sty
Package: kvoptions 2020-10-07 v3.14 Key value format for package options (HO)
)
\@linkdim=\dimen141
\Hy@linkcounter=\count191
\Hy@pagecounter=\count192

(C:\Users\Rishav Pandey\AppData\Local\Programs\MiKTeX\tex/latex/hyperref\pd1enc
.def
File: pd1enc.def 2021-06-07 v7.00m Hyperref: PDFDocEncoding definition (HO)
Now handling font encoding PD1 ...
... no UTF-8 mapping file for font encoding PD1
)
(C:\Users\Rishav Pandey\AppData\Local\Programs\MiKTeX\tex/latex/hyperref\hyperr
ef-langpatches.def
File: hyperref-langpatches.def 2021-06-07 v7.00m Hyperref: patches for babel la
nguages
)
(C:\Users\Rishav Pandey\AppData\Local\Programs\MiKTeX\tex/generic/intcalc\intca
lc.sty
Package: intcalc 2019/12/15 v1.3 Expandable calculations with integers (HO)
)
(C:\Users\Rishav Pandey\AppData\Local\Programs\MiKTeX\tex/generic/etexcmds\etex
cmds.sty
Package: etexcmds 2019/12/15 v1.7 Avoid name clashes with e-TeX commands (HO)
)
\Hy@SavedSpaceFactor=\count193

(C:\Users\Rishav Pandey\AppData\Local\Programs\MiKTeX\tex/latex/hyperref\puenc.
def
File: puenc.def 2021-06-07 v7.00m Hyperref: PDF Unicode definition (HO)
Now handling font encoding PU ...
... no UTF-8 mapping file for font encoding PU
)
Package hyperref Info: Hyper figures OFF on input line 4192.
Package hyperref Info: Link nesting OFF on input line 4197.
Package hyperref Info: Hyper index ON on input line 4200.
Package hyperref Info: Plain pages OFF on input line 4207.
Package hyperref Info: Backreferencing OFF on input line 4212.
Package hyperref Info: Implicit mode ON; LaTeX internals redefined.
Package hyperref Info: Bookmarks ON on input line 4445.
\c@Hy@tempcnt=\count194

(C:\Users\Rishav Pandey\AppData\Local\Programs\MiKTeX\tex/latex/url\url.sty
\Urlmuskip=\muskip16
Package: url 2013/09/16  ver 3.4  Verb mode for urls, etc.
)
LaTeX Info: Redefining \url on input line 4804.
\XeTeXLinkMargin=\dimen142

(C:\Users\Rishav Pandey\AppData\Local\Programs\MiKTeX\tex/generic/bitset\bitset
.sty
Package: bitset 2019/12/09 v1.3 Handle bit-vector datatype (HO)

(C:\Users\Rishav Pandey\AppData\Local\Programs\MiKTeX\tex/generic/bigintcalc\bi
gintcalc.sty
Package: bigintcalc 2019/12/15 v1.5 Expandable calculations on big integers (HO
)
))
\Fld@menulength=\count195
\Field@Width=\dimen143
\Fld@charsize=\dimen144
Package hyperref Info: Hyper figures OFF on input line 6076.
Package hyperref Info: Link nesting OFF on input line 6081.
Package hyperref Info: Hyper index ON on input line 6084.
Package hyperref Info: backreferencing OFF on input line 6091.
Package hyperref Info: Link coloring OFF on input line 6096.
Package hyperref Info: Link coloring with OCG OFF on input line 6101.
Package hyperref Info: PDF/A mode OFF on input line 6106.
LaTeX Info: Redefining \ref on input line 6146.
LaTeX Info: Redefining \pageref on input line 6150.

(C:\Users\Rishav Pandey\AppData\Local\Programs\MiKTeX\tex/latex/base\atbegshi-l
tx.sty
Package: atbegshi-ltx 2021/01/10 v1.0c Emulation of the original atbegshi
package with kernel methods
)
\Hy@abspage=\count196
\c@Item=\count197
\c@Hfootnote=\count198
)
Package hyperref Info: Driver (autodetected): hpdftex.

(C:\Users\Rishav Pandey\AppData\Local\Programs\MiKTeX\tex/latex/hyperref\hpdfte
x.def
File: hpdftex.def 2021-06-07 v7.00m Hyperref driver for pdfTeX

(C:\Users\Rishav Pandey\AppData\Local\Programs\MiKTeX\tex/latex/base\atveryend-
ltx.sty
Package: atveryend-ltx 2020/08/19 v1.0a Emulation of the original atveryend pac
kage
with kernel methods
)
\Fld@listcount=\count199
\c@bookmark@seq@number=\count266

(C:\Users\Rishav Pandey\AppData\Local\Programs\MiKTeX\tex/latex/rerunfilecheck\
rerunfilecheck.sty
Package: rerunfilecheck 2019/12/05 v1.9 Rerun checks for auxiliary files (HO)

(C:\Users\Rishav Pandey\AppData\Local\Programs\MiKTeX\tex/generic/uniquecounter
\uniquecounter.sty
Package: uniquecounter 2019/12/15 v1.4 Provide unlimited unique counter (HO)
)
Package uniquecounter Info: New unique counter `rerunfilecheck' on input line 2
86.
)
\Hy@SectionHShift=\skip49
)
Package hyperref Info: Option `colorlinks' set `true' on input line 6.

(C:\Users\Rishav Pandey\AppData\Local\Programs\MiKTeX\tex/latex/caption\subcapt
ion.sty
Package: subcaption 2020/10/07 v1.3j Sub-captions (AR)

(C:\Users\Rishav Pandey\AppData\Local\Programs\MiKTeX\tex/latex/caption\caption
.sty
Package: caption 2020/10/26 v3.5g Customizing captions (AR)

(C:\Users\Rishav Pandey\AppData\Local\Programs\MiKTeX\tex/latex/caption\caption
3.sty
Package: caption3 2020/10/21 v2.2e caption3 kernel (AR)
\captionmargin=\dimen145
\captionmargin@=\dimen146
\captionwidth=\dimen147
\caption@tempdima=\dimen148
\caption@indent=\dimen149
\caption@parindent=\dimen150
\caption@hangindent=\dimen151
Package caption Info: Standard document class detected.
)
\c@caption@flags=\count267
\c@continuedfloat=\count268
Package caption Info: hyperref package is loaded.
)
\c@subfigure=\count269
\c@subtable=\count270
)
(C:\Users\Rishav Pandey\AppData\Local\Programs\MiKTeX\tex/latex/apacite\apacite
.sty
Package: apacite 2013/07/21 v6.03 APA citation
\c@BibCnt=\count271
\bibleftmargin=\skip50
\bibindent=\skip51
\bibparsep=\skip52
\bibitemsep=\skip53
\biblabelsep=\skip54
)
(C:\Users\Rishav Pandey\AppData\Local\Programs\MiKTeX\tex/latex/l3backend\l3bac
kend-pdftex.def
File: l3backend-pdftex.def 2021-10-18 L3 backend support: PDF output (pdfTeX)
\l__color_backend_stack_int=\count272
\l__pdf_internal_box=\box50
) (TSF.aux)
\openout1 = `TSF.aux'.

LaTeX Font Info:    Checking defaults for OML/cmm/m/it on input line 20.
LaTeX Font Info:    ... okay on input line 20.
LaTeX Font Info:    Checking defaults for OMS/cmsy/m/n on input line 20.
LaTeX Font Info:    ... okay on input line 20.
LaTeX Font Info:    Checking defaults for OT1/cmr/m/n on input line 20.
LaTeX Font Info:    ... okay on input line 20.
LaTeX Font Info:    Checking defaults for T1/cmr/m/n on input line 20.
LaTeX Font Info:    ... okay on input line 20.
LaTeX Font Info:    Checking defaults for TS1/cmr/m/n on input line 20.
LaTeX Font Info:    ... okay on input line 20.
LaTeX Font Info:    Checking defaults for OMX/cmex/m/n on input line 20.
LaTeX Font Info:    ... okay on input line 20.
LaTeX Font Info:    Checking defaults for U/cmr/m/n on input line 20.
LaTeX Font Info:    ... okay on input line 20.
LaTeX Font Info:    Checking defaults for PD1/pdf/m/n on input line 20.
LaTeX Font Info:    ... okay on input line 20.
LaTeX Font Info:    Checking defaults for PU/pdf/m/n on input line 20.
LaTeX Font Info:    ... okay on input line 20.

(C:\Users\Rishav Pandey\AppData\Local\Programs\MiKTeX\tex/context/base/mkii\sup
p-pdf.mkii
[Loading MPS to PDF converter (version 2006.09.02).]
\scratchcounter=\count273
\scratchdimen=\dimen152
\scratchbox=\box51
\nofMPsegments=\count274
\nofMParguments=\count275
\everyMPshowfont=\toks17
\MPscratchCnt=\count276
\MPscratchDim=\dimen153
\MPnumerator=\count277
\makeMPintoPDFobject=\count278
\everyMPtoPDFconversion=\toks18
)
(C:\Users\Rishav Pandey\AppData\Local\Programs\MiKTeX\tex/latex/epstopdf-pkg\ep
stopdf-base.sty
Package: epstopdf-base 2020-01-24 v2.11 Base part for package epstopdf
Package epstopdf-base Info: Redefining graphics rule for `.eps' on input line 4
85.

(C:\Users\Rishav Pandey\AppData\Local\Programs\MiKTeX\tex/latex/00miktex\epstop
df-sys.cfg
File: epstopdf-sys.cfg 2021/03/18 v2.0 Configuration of epstopdf for MiKTeX
))
(C:\Users\Rishav Pandey\AppData\Local\Programs\MiKTeX\tex/latex/graphics\color.
sty
Package: color 2021/10/11 v1.3b Standard LaTeX Color (DPC)

(C:\Users\Rishav Pandey\AppData\Local\Programs\MiKTeX\tex/latex/graphics-cfg\co
lor.cfg
File: color.cfg 2016/01/02 v1.6 sample color configuration
)
Package color Info: Driver file: pdftex.def on input line 149.
)
Package hyperref Info: Link coloring ON on input line 20.

(C:\Users\Rishav Pandey\AppData\Local\Programs\MiKTeX\tex/latex/hyperref\namere
f.sty
Package: nameref 2021-04-02 v2.47 Cross-referencing by name of section

(C:\Users\Rishav Pandey\AppData\Local\Programs\MiKTeX\tex/latex/refcount\refcou
nt.sty
Package: refcount 2019/12/15 v3.6 Data extraction from label references (HO)
)
(C:\Users\Rishav Pandey\AppData\Local\Programs\MiKTeX\tex/generic/gettitlestrin
g\gettitlestring.sty
Package: gettitlestring 2019/12/15 v1.6 Cleanup title references (HO)
)
\c@section@level=\count279
)
LaTeX Info: Redefining \ref on input line 20.
LaTeX Info: Redefining \pageref on input line 20.
LaTeX Info: Redefining \nameref on input line 20.
 (TSF.out) (TSF.out)
\@outlinefile=\write3
\openout3 = `TSF.out'.

Package caption Info: Begin \AtBeginDocument code.
Package caption Info: End \AtBeginDocument code.
\c@maskedRefs=\count280

(C:\Users\Rishav Pandey\AppData\Local\Programs\MiKTeX\tex/latex/apacite\english
.apc
File: english.apc 2013/07/21 v6.03 apacite language file
LaTeX Info: Redefining \BPBI on input line 129.
LaTeX Info: Redefining \BHBI on input line 130.
)
LaTeX Font Info:    External font `cmex10' loaded for size
(Font)              <14.4> on input line 22.
LaTeX Font Info:    External font `cmex10' loaded for size
(Font)              <7> on input line 22.
 [1

{C:/Users/Rishav Pandey/AppData/Local/MiKTeX/fonts/map/pdftex/pdftex.map}] (TSF
.toc
LaTeX Font Info:    External font `cmex10' loaded for size
(Font)              <12> on input line 5.
LaTeX Font Info:    External font `cmex10' loaded for size
(Font)              <8> on input line 5.
LaTeX Font Info:    External font `cmex10' loaded for size
(Font)              <6> on input line 5.
)
\tf@toc=\write4
\openout4 = `TSF.toc'.

 [2

] (TSF.lof)
\tf@lof=\write5
\openout5 = `TSF.lof'.

 [3

]
LaTeX Font Info:    External font `cmex10' loaded for size
(Font)              <17.28> on input line 28.
<images//1642006136608.png, id=178, 1059.96pt x 819.06pt>
File: images//1642006136608.png Graphic file (type png)
<use images//1642006136608.png>
Package pdftex.def Info: images//1642006136608.png  used on input line 31.
(pdftex.def)             Requested size: 423.97649pt x 327.6182pt.

Overfull \hbox (33.97649pt too wide) in paragraph at lines 31--32
 [][] 
 []

[4

 <./images//1642006136608.png (PNG copy)>]
<images//1642006136604.png, id=183, 1059.96pt x 819.06pt>
File: images//1642006136604.png Graphic file (type png)
<use images//1642006136604.png>
Package pdftex.def Info: images//1642006136604.png  used on input line 39.
(pdftex.def)             Requested size: 423.97649pt x 327.6182pt.

Overfull \hbox (33.97649pt too wide) in paragraph at lines 39--40
 [][] 
 []

[5

 <./images//1642006136604.png (PNG copy)>]

Package hyperref Warning: Token not allowed in a PDF string (Unicode):
(hyperref)                removing `\\' on input line 44.


Package hyperref Warning: Token not allowed in a PDF string (Unicode):
(hyperref)                removing `\\' on input line 44.

<images//1642006136598.png, id=188, 819.06pt x 1059.96pt>
File: images//1642006136598.png Graphic file (type png)
<use images//1642006136598.png>
Package pdftex.def Info: images//1642006136598.png  used on input line 47.
(pdftex.def)             Requested size: 307.14674pt x 397.48402pt.
[6

 <./images//1642006136598.png (PNG copy)>]
Underfull \hbox (badness 10000) in paragraph at lines 53--54

 []

[7

] [8]
<images//Untitled1.png, id=207, 1156.32pt x 650.43pt>
File: images//Untitled1.png Graphic file (type png)
<use images//Untitled1.png>
Package pdftex.def Info: images//Untitled1.png  used on input line 98.
(pdftex.def)             Requested size: 265.948pt x 149.59575pt.
<images//Untitled.png, id=208, 1156.32pt x 650.43pt>
File: images//Untitled.png Graphic file (type png)
<use images//Untitled.png>
Package pdftex.def Info: images//Untitled.png  used on input line 106.
(pdftex.def)             Requested size: 265.948pt x 149.59575pt.
 [9

 <./images//Untitled1.png> <./images//Untitled.png>]
<images//Untitled2.png, id=213, 1156.32pt x 650.43pt>
File: images//Untitled2.png Graphic file (type png)
<use images//Untitled2.png>
Package pdftex.def Info: images//Untitled2.png  used on input line 114.
(pdftex.def)             Requested size: 300.63611pt x 169.1078pt.
<images//Untitled3.png, id=214, 1156.32pt x 650.43pt>
File: images//Untitled3.png Graphic file (type png)
<use images//Untitled3.png>
Package pdftex.def Info: images//Untitled3.png  used on input line 123.
(pdftex.def)             Requested size: 300.63611pt x 169.1078pt.
 [10

 <./images//Untitled2.png> <./images//Untitled3.png>]
<images//Untitled4.png, id=219, 1156.32pt x 650.43pt>
File: images//Untitled4.png Graphic file (type png)
<use images//Untitled4.png>
Package pdftex.def Info: images//Untitled4.png  used on input line 132.
(pdftex.def)             Requested size: 265.948pt x 149.59575pt.
<images//Untitled5.png, id=220, 1156.32pt x 650.43pt>
File: images//Untitled5.png Graphic file (type png)
<use images//Untitled5.png>
Package pdftex.def Info: images//Untitled5.png  used on input line 142.
(pdftex.def)             Requested size: 265.948pt x 149.59575pt.

Underfull \hbox (badness 10000) in paragraph at lines 151--152

 []


Underfull \hbox (badness 10000) in paragraph at lines 153--154

 []

[11

 <./images//Untitled4.png> <./images//Untitled5.png>]
<images//146977618-085ec667-1e42-416a-87fb-1c32954f3d3f.jpg, id=232, 1084.05pt 
x 2348.775pt>
File: images//146977618-085ec667-1e42-416a-87fb-1c32954f3d3f.jpg Graphic file (
type jpg)
<use images//146977618-085ec667-1e42-416a-87fb-1c32954f3d3f.jpg>
Package pdftex.def Info: images//146977618-085ec667-1e42-416a-87fb-1c32954f3d3f
.jpg  used on input line 165.
(pdftex.def)             Requested size: 140.93144pt x 305.35147pt.
 [12

 <./images//146977618-085ec667-1e42-416a-87fb-1c32954f3d3f.jpg>]
<images//146977676-a6f3eeb2-a4ef-4b31-bdde-234db3f75de1.jpg, id=237, 1084.05pt 
x 2348.775pt>
File: images//146977676-a6f3eeb2-a4ef-4b31-bdde-234db3f75de1.jpg Graphic file (
type jpg)
<use images//146977676-a6f3eeb2-a4ef-4b31-bdde-234db3f75de1.jpg>
Package pdftex.def Info: images//146977676-a6f3eeb2-a4ef-4b31-bdde-234db3f75de1
.jpg  used on input line 176.
(pdftex.def)             Requested size: 70.46571pt x 152.67574pt.
<images//146977794-37d93686-f927-4867-9725-8f424970e379.jpg, id=238, 1084.05pt 
x 2348.775pt>
File: images//146977794-37d93686-f927-4867-9725-8f424970e379.jpg Graphic file (
type jpg)
<use images//146977794-37d93686-f927-4867-9725-8f424970e379.jpg>
Package pdftex.def Info: images//146977794-37d93686-f927-4867-9725-8f424970e379
.jpg  used on input line 183.
(pdftex.def)             Requested size: 70.46571pt x 152.67574pt.
<images//146977733-f1145a34-ac72-4aaf-b907-f2fae2e42296.jpg, id=239, 1084.05pt 
x 2348.775pt>
File: images//146977733-f1145a34-ac72-4aaf-b907-f2fae2e42296.jpg Graphic file (
type jpg)
<use images//146977733-f1145a34-ac72-4aaf-b907-f2fae2e42296.jpg>
Package pdftex.def Info: images//146977733-f1145a34-ac72-4aaf-b907-f2fae2e42296
.jpg  used on input line 190.
(pdftex.def)             Requested size: 70.46571pt x 152.67574pt.
<images//146977758-1400c343-92b2-4aa8-b816-308310efb1fa.jpg, id=240, 1084.05pt 
x 2348.775pt>
File: images//146977758-1400c343-92b2-4aa8-b816-308310efb1fa.jpg Graphic file (
type jpg)
<use images//146977758-1400c343-92b2-4aa8-b816-308310efb1fa.jpg>
Package pdftex.def Info: images//146977758-1400c343-92b2-4aa8-b816-308310efb1fa
.jpg  used on input line 204.
(pdftex.def)             Requested size: 70.46571pt x 152.67574pt.
<images//146977809-c472db56-a7f6-495c-bf03-fbeea30632ab.jpg, id=241, 1084.05pt 
x 2348.775pt>
File: images//146977809-c472db56-a7f6-495c-bf03-fbeea30632ab.jpg Graphic file (
type jpg)
<use images//146977809-c472db56-a7f6-495c-bf03-fbeea30632ab.jpg>
Package pdftex.def Info: images//146977809-c472db56-a7f6-495c-bf03-fbeea30632ab
.jpg  used on input line 211.
(pdftex.def)             Requested size: 70.46571pt x 152.67574pt.
<images//146977781-d3ed2dc1-6e53-4d13-937d-9bafd6e2caa8.jpg, id=242, 1084.05pt 
x 2348.775pt>
File: images//146977781-d3ed2dc1-6e53-4d13-937d-9bafd6e2caa8.jpg Graphic file (
type jpg)
<use images//146977781-d3ed2dc1-6e53-4d13-937d-9bafd6e2caa8.jpg>
Package pdftex.def Info: images//146977781-d3ed2dc1-6e53-4d13-937d-9bafd6e2caa8
.jpg  used on input line 218.
(pdftex.def)             Requested size: 70.46571pt x 152.67574pt.
 [13

 <./images//146977676-a6f3eeb2-a4ef-4b31-bdde-234db3f75de1.jpg> <./images//1469
77794-37d93686-f927-4867-9725-8f424970e379.jpg> <./images//146977733-f1145a34-a
c72-4aaf-b907-f2fae2e42296.jpg> <./images//146977758-1400c343-92b2-4aa8-b816-30
8310efb1fa.jpg> <./images//146977809-c472db56-a7f6-495c-bf03-fbeea30632ab.jpg> 
<./images//146977781-d3ed2dc1-6e53-4d13-937d-9bafd6e2caa8.jpg>]
<images//146977771-f8aff4ba-14fa-4c17-8481-41be63a5799c.jpg, id=249, 1084.05pt 
x 2348.775pt>
File: images//146977771-f8aff4ba-14fa-4c17-8481-41be63a5799c.jpg Graphic file (
type jpg)
<use images//146977771-f8aff4ba-14fa-4c17-8481-41be63a5799c.jpg>
Package pdftex.def Info: images//146977771-f8aff4ba-14fa-4c17-8481-41be63a5799c
.jpg  used on input line 231.
(pdftex.def)             Requested size: 140.93144pt x 305.35147pt.

Underfull \hbox (badness 10000) in paragraph at lines 238--239

 []

[14

 <./images//146977771-f8aff4ba-14fa-4c17-8481-41be63a5799c.jpg>]
Overfull \hbox (5.30016pt too wide) in paragraph at lines 247--248
\OT1/cmr/m/n/12 provider Ama-zon Web Ser-vices (AWS) and im-ple-mented prac-ti-
cally by launch-
 []

<images//Untitled6.png, id=259, 1156.32pt x 650.43pt>
File: images//Untitled6.png Graphic file (type png)
<use images//Untitled6.png>
Package pdftex.def Info: images//Untitled6.png  used on input line 256.
(pdftex.def)             Requested size: 346.89868pt x 195.1305pt.

Underfull \hbox (badness 10000) in paragraph at lines 251--260

 []

[15

 <./images//Untitled6.png>]
<images//Untitled7.png, id=265, 1156.32pt x 650.43pt>
File: images//Untitled7.png Graphic file (type png)
<use images//Untitled7.png>
Package pdftex.def Info: images//Untitled7.png  used on input line 265.
(pdftex.def)             Requested size: 306.42334pt x 172.36313pt.
<images//Untitled8.png, id=266, 1156.32pt x 650.43pt>
File: images//Untitled8.png Graphic file (type png)
<use images//Untitled8.png>
Package pdftex.def Info: images//Untitled8.png  used on input line 273.
(pdftex.def)             Requested size: 306.42334pt x 172.36313pt.
 [16

 <./images//Untitled7.png> <./images//Untitled8.png>]
<images//Untitled9.png, id=271, 1156.32pt x 650.43pt>
File: images//Untitled9.png Graphic file (type png)
<use images//Untitled9.png>
Package pdftex.def Info: images//Untitled9.png  used on input line 282.
(pdftex.def)             Requested size: 306.42334pt x 172.36313pt.
<images//Untitled10.png, id=272, 1156.32pt x 650.43pt>
File: images//Untitled10.png Graphic file (type png)
<use images//Untitled10.png>
Package pdftex.def Info: images//Untitled10.png  used on input line 290.
(pdftex.def)             Requested size: 306.42334pt x 172.36313pt.
 [17

 <./images//Untitled9.png> <./images//Untitled10.png>]
<images//Untitled11.png, id=277, 1156.32pt x 650.43pt>
File: images//Untitled11.png Graphic file (type png)
<use images//Untitled11.png>
Package pdftex.def Info: images//Untitled11.png  used on input line 299.
(pdftex.def)             Requested size: 306.42334pt x 172.36313pt.
<images//Untitled12.png, id=278, 1156.32pt x 650.43pt>
File: images//Untitled12.png Graphic file (type png)
<use images//Untitled12.png>
Package pdftex.def Info: images//Untitled12.png  used on input line 307.
(pdftex.def)             Requested size: 306.42334pt x 172.36313pt.
 [18

 <./images//Untitled11.png> <./images//Untitled12.png>]
<images//Untitled13.png, id=283, 1156.32pt x 650.43pt>
File: images//Untitled13.png Graphic file (type png)
<use images//Untitled13.png>
Package pdftex.def Info: images//Untitled13.png  used on input line 316.
(pdftex.def)             Requested size: 306.42334pt x 172.36313pt.
<images//Untitled14.png, id=284, 1156.32pt x 650.43pt>
File: images//Untitled14.png Graphic file (type png)
<use images//Untitled14.png>
Package pdftex.def Info: images//Untitled14.png  used on input line 324.
(pdftex.def)             Requested size: 306.42334pt x 172.36313pt.
 [19

 <./images//Untitled13.png> <./images//Untitled14.png>]
<images//Untitled15.png, id=290, 1156.32pt x 650.43pt>
File: images//Untitled15.png Graphic file (type png)
<use images//Untitled15.png>
Package pdftex.def Info: images//Untitled15.png  used on input line 332.
(pdftex.def)             Requested size: 306.42334pt x 172.36313pt.

Underfull \hbox (badness 10000) in paragraph at lines 337--338

 []

[20

 <./images//Untitled15.png>]
<images//Untitled16.png, id=302, 1156.32pt x 650.43pt>
File: images//Untitled16.png Graphic file (type png)
<use images//Untitled16.png>
Package pdftex.def Info: images//Untitled16.png  used on input line 351.
(pdftex.def)             Requested size: 306.42334pt x 172.36313pt.

Underfull \hbox (badness 10000) in paragraph at lines 356--357

 []

<images//Untitled17.png, id=303, 1156.32pt x 650.43pt>
File: images//Untitled17.png Graphic file (type png)
<use images//Untitled17.png>
Package pdftex.def Info: images//Untitled17.png  used on input line 362.
(pdftex.def)             Requested size: 306.42334pt x 172.36313pt.
[21

 <./images//Untitled16.png> <./images//Untitled17.png>]
Underfull \hbox (badness 10000) in paragraph at lines 377--378

 []


Underfull \hbox (badness 10000) in paragraph at lines 379--380

 []

[22

] (TSF.bbl) [23

] (TSF.aux)
Package rerunfilecheck Info: File `TSF.out' has not changed.
(rerunfilecheck)             Checksum: 9A5EFE4C1F846CE2326405A05F5D0621;4077.
 ) 
Here is how much of TeX's memory you used:
 10326 strings out of 478659
 174929 string characters out of 2842092
 469601 words of memory out of 3000000
 28214 multiletter control sequences out of 15000+600000
 410197 words of font info for 49 fonts, out of 8000000 for 9000
 1141 hyphenation exceptions out of 8191
 67i,9n,77p,632b,491s stack positions out of 5000i,500n,10000p,200000b,80000s
 <C:\Users\Rishav Pandey\AppData\Local\MiKTeX\fonts/pk/ljfour/jknappen/ec/dpi
600\tcrm1200.pk><C:/Users/Rishav Pandey/AppData/Local/Programs/MiKTeX/fonts/typ
e1/public/amsfonts/cm/cmbx12.pfb><C:/Users/Rishav Pandey/AppData/Local/Programs
/MiKTeX/fonts/type1/public/amsfonts/cm/cmr10.pfb><C:/Users/Rishav Pandey/AppDat
a/Local/Programs/MiKTeX/fonts/type1/public/amsfonts/cm/cmr12.pfb><C:/Users/Rish
av Pandey/AppData/Local/Programs/MiKTeX/fonts/type1/public/amsfonts/cm/cmr17.pf
b><C:/Users/Rishav Pandey/AppData/Local/Programs/MiKTeX/fonts/type1/public/amsf
onts/cm/cmti12.pfb>
Output written on TSF.pdf (23 pages, 9725494 bytes).
PDF statistics:
 377 PDF objects out of 1000 (max. 8388607)
 83 named destinations out of 1000 (max. 500000)
 314 words of extra memory for PDF output out of 10000 (max. 10000000)

