\BOOKMARK [1][-]{section.1}{\376\377\000C\000e\000r\000t\000i\000f\000i\000c\000a\000t\000e\000\040\000O\000f\000\040\000S\000e\000l\000e\000c\000t\000i\000o\000n}{}% 1
\BOOKMARK [1][-]{section.2}{\376\377\000C\000e\000r\000t\000i\000f\000i\000c\000a\000t\000e\000\040\000O\000f\000\040\000I\000n\000t\000e\000r\000n\000s\000h\000i\000p\000\040\000C\000o\000m\000p\000l\000e\000t\000i\000o\000n}{}% 2
\BOOKMARK [1][-]{section.3}{\376\377\000R\000e\000c\000o\000m\000m\000e\000n\000d\000a\000t\000i\000o\000n\000\040\000L\000e\000t\000t\000e\000r\000\040\000f\000r\000o\000m\000\040\000t\000h\000e\000\040\000M\000a\000n\000a\000g\000i\000n\000g\000\040\000D\000i\000r\000e\000c\000t\000o\000r\000\040\000o\000f\000\040\000T\000S\000F\000,\000\040\000S\000i\000n\000g\000a\000p\000o\000r\000e\000\040\000f\000o\000r\000\040\000o\000u\000t\000s\000t\000a\000n\000d\000i\000n\000g\000\040\000p\000e\000r\000f\000o\000r\000m\000a\000n\000c\000e\000\040\000i\000n\000\040\000G\000R\000I\000P}{}% 3
\BOOKMARK [1][-]{section.4}{\376\377\000T\000h\000e\000\040\000S\000p\000a\000r\000k\000s\000\040\000F\000o\000u\000n\000d\000a\000t\000i\000o\000n}{}% 4
\BOOKMARK [2][-]{subsection.4.1}{\376\377\000T\000a\000s\000k\000\040\0001\000:\000\040\000P\000a\000y\000m\000e\000n\000t\000\040\000G\000a\000t\000e\000w\000a\000y\000\040\000I\000n\000t\000e\000g\000r\000a\000t\000i\000o\000n}{section.4}% 5
\BOOKMARK [2][-]{subsection.4.2}{\376\377\000T\000a\000s\000k\000\040\0002\000:\000\040\000S\000o\000c\000i\000a\000l\000\040\000M\000e\000d\000i\000a\000\040\000I\000n\000t\000e\000g\000r\000a\000t\000i\000o\000n}{section.4}% 6
\BOOKMARK [2][-]{subsection.4.3}{\376\377\000T\000a\000s\000k\000\040\0003\000:\000\040\000C\000I\000/\000C\000D\000:\000\040\000C\000l\000o\000u\000d\000\040\000C\000o\000m\000p\000u\000t\000i\000n\000g}{section.4}% 7
\BOOKMARK [1][-]{section.5}{\376\377\000W\000o\000r\000k\000s\000\040\000C\000a\000r\000r\000i\000e\000d\000\040\000O\000u\000t\000\040\000I\000n\000\040\000T\000a\000s\000k\000\040\0001\000:}{}% 8
\BOOKMARK [2][-]{subsection.5.1}{\376\377\000H\000o\000m\000e\000\040\000P\000a\000g\000e\000:}{section.5}% 9
\BOOKMARK [2][-]{subsection.5.2}{\376\377\000A\000b\000o\000u\000t\000\040\000U\000s\000\040\000P\000a\000g\000e\000:}{section.5}% 10
\BOOKMARK [2][-]{subsection.5.3}{\376\377\000D\000o\000n\000a\000t\000e\000\040\000P\000a\000g\000e\000:}{section.5}% 11
\BOOKMARK [2][-]{subsection.5.4}{\376\377\000C\000o\000n\000t\000a\000c\000t\000\040\000U\000s\000\040\000P\000a\000g\000e\000:}{section.5}% 12
\BOOKMARK [1][-]{section.6}{\376\377\000W\000o\000r\000k\000s\000\040\000C\000a\000r\000r\000i\000e\000d\000\040\000O\000u\000t\000\040\000I\000n\000\040\000T\000a\000s\000k\000\040\0002\000:}{}% 13
\BOOKMARK [2][-]{subsection.6.1}{\376\377\000S\000p\000l\000a\000s\000h\000\040\000S\000c\000r\000e\000e\000n\000:}{section.6}% 14
\BOOKMARK [2][-]{subsection.6.2}{\376\377\000S\000i\000g\000n\000-\000i\000n\000\040\000P\000a\000g\000e\000:}{section.6}% 15
\BOOKMARK [2][-]{subsection.6.3}{\376\377\000P\000r\000o\000f\000i\000l\000e\000\040\000P\000a\000g\000e\000:}{section.6}% 16
\BOOKMARK [2][-]{subsection.6.4}{\376\377\000E\000u\000r\000o\000-\0002\000-\000I\000N\000R\000\040\000C\000o\000n\000v\000e\000r\000t\000o\000r\000\040\000P\000a\000g\000e\000:}{section.6}% 17
\BOOKMARK [1][-]{section.7}{\376\377\000W\000o\000r\000k\000s\000\040\000C\000a\000r\000r\000i\000e\000d\000\040\000O\000u\000t\000\040\000I\000n\000\040\000T\000a\000s\000k\000\040\0003\000:}{}% 18
\BOOKMARK [2][-]{subsection.7.1}{\376\377\000S\000t\000e\000p\000s\000\040\000t\000o\000\040\000h\000o\000s\000t\000\040\000a\000\040\000w\000e\000b\000s\000i\000t\000e\000\040\000o\000n\000\040\000A\000W\000S\000\040\000E\000C\0002\000\040\000I\000n\000s\000t\000a\000n\000c\000e\000:}{section.7}% 19
\BOOKMARK [1][-]{section.8}{\376\377\000E\000s\000s\000e\000n\000t\000i\000a\000l\000s\000\040\000o\000f\000\040\000A\000W\000S\000\040\000E\000C\0002}{}% 20
\BOOKMARK [1][-]{section*.28}{\376\377\000R\000e\000f\000e\000r\000e\000n\000c\000e\000s}{}% 21
