\BOOKMARK [1][-]{section.1}{\376\377\000I\000N\000T\000R\000O\000D\000U\000C\000T\000I\000O\000N}{}% 1
\BOOKMARK [1][-]{section.2}{\376\377\000L\000A\000Y\000O\000U\000T\000\040\000O\000F\000\040\000M\000A\000S\000H\000A\000\040\000S\000E\000T\000U\000P\000\040\000A\000N\000D\000\040\000I\000T\000S\000\040\000M\000A\000I\000N\000\040\000P\000A\000R\000T\000S}{}% 2
\BOOKMARK [2][-]{subsection.2.1}{\376\377\000T\000A\000R\000G\000E\000T\000\040\000B\000O\000X}{section.2}% 3
\BOOKMARK [2][-]{subsection.2.2}{\376\377\000H\000O\000T\000\040\000C\000A\000T\000C\000H\000E\000R}{section.2}% 4
\BOOKMARK [2][-]{subsection.2.3}{\376\377\000E\000C\000R\000\040\000I\000O\000N\000\040\000S\000O\000U\000R\000C\000E}{section.2}% 5
\BOOKMARK [2][-]{subsection.2.4}{\376\377\000M\000A\000G\000N\000E\000T\000O\000-\000O\000P\000T\000I\000C\000A\000L\000\040\000S\000Y\000S\000T\000E\000M}{section.2}% 6
\BOOKMARK [2][-]{subsection.2.5}{\376\377\000P\000O\000S\000I\000T\000I\000O\000N\000\040\000S\000E\000N\000S\000I\000T\000I\000V\000E\000\040\000S\000i\000\040\000D\000E\000T\000E\000C\000T\000O\000R}{section.2}% 7
\BOOKMARK [1][-]{section.3}{\376\377\000S\000C\000I\000E\000N\000C\000E\000\040\000B\000E\000H\000I\000N\000D\000\040\000T\000H\000E\000\040\000E\000X\000P\000E\000R\000I\000M\000E\000N\000T}{}% 8
\BOOKMARK [1][-]{section.4}{\376\377\000S\000P\000E\000C\000T\000R\000O\000S\000C\000O\000P\000I\000C\000\040\000I\000N\000V\000E\000S\000T\000I\000G\000A\000T\000I\000O\000N\000\040\000O\000F\000\040\000M\000E\000R\000C\000U\000R\000Y\000\040\000I\000S\000O\000T\000O\000P\000E\000S\000\040\000U\000S\000I\000N\000G\000\040\000F\000U\000L\000L\000-\000F\000U\000S\000I\000O\000N\000\040\000R\000E\000A\000C\000T\000I\000O\000N\000\040\0001\0004\0008\000S\000m\000\050\0004\0000\000A\000r\000,\000x\000n\000\051\0001\0008\0008\000-\000x\000H\000g}{}% 9
\BOOKMARK [2][-]{subsubsection.4.0.1}{\376\377\000P\000R\000O\000D\000U\000C\000T\000I\000O\000N\000\040\000O\000F\000\040\0001\0008\0000\000H\000g}{section.4}% 10
\BOOKMARK [3][-]{subsubsection.4.0.2}{\376\377\000P\000R\000O\000D\000U\000C\000T\000I\000O\000N\000\040\000O\000F\000\040\0001\0008\0001\000H\000g}{subsubsection.4.0.1}% 11
\BOOKMARK [3][-]{subsubsection.4.0.3}{\376\377\000P\000R\000O\000D\000U\000C\000T\000I\000O\000N\000\040\000O\000F\000\040\0001\0008\0002\000H\000g}{subsubsection.4.0.1}% 12
\BOOKMARK [3][-]{subsubsection.4.0.4}{\376\377\000P\000R\000O\000D\000U\000C\000T\000I\000O\000N\000\040\000O\000F\000\040\0001\0008\0003\000H\000g}{subsubsection.4.0.1}% 13
\BOOKMARK [3][-]{subsubsection.4.0.5}{\376\377\000P\000R\000O\000D\000U\000C\000T\000I\000O\000N\000\040\000O\000F\000\040\0001\0008\0004\000H\000g}{subsubsection.4.0.1}% 14
\BOOKMARK [3][-]{subsubsection.4.0.6}{\376\377\000P\000R\000O\000D\000U\000C\000T\000I\000O\000N\000\040\000O\000F\000\040\0001\0008\0005\000H\000g}{subsubsection.4.0.1}% 15
\BOOKMARK [3][-]{subsubsection.4.0.7}{\376\377\000H\000E\000A\000T\000M\000A\000P\000\040\000O\000F\000\040\000H\000g\000\040\000I\000S\000O\000T\000O\000P\000E\000S}{subsubsection.4.0.1}% 16
\BOOKMARK [1][-]{section.5}{\376\377\000S\000P\000E\000C\000T\000R\000O\000S\000C\000O\000P\000I\000C\000\040\000I\000N\000V\000E\000S\000T\000I\000G\000A\000T\000I\000O\000N\000\040\000O\000F\000\040\000R\000A\000D\000O\000N\000\040\000I\000S\000O\000T\000O\000P\000E\000S\000\040\000U\000S\000I\000N\000G\000\040\000F\000U\000L\000L\000-\000F\000U\000S\000I\000O\000N\000\040\000R\000E\000A\000C\000T\000I\000O\000N\000\040\0001\0006\0006\000E\000r\000\050\0004\0000\000A\000r\000,\000x\000n\000\051\0002\0000\0006\000-\000x\000R\000n}{}% 17
\BOOKMARK [2][-]{subsubsection.5.0.1}{\376\377\000P\000R\000O\000D\000U\000C\000T\000I\000O\000N\000\040\000O\000F\000\040\0002\0000\0001\000R\000n}{section.5}% 18
\BOOKMARK [3][-]{subsubsection.5.0.2}{\376\377\000P\000R\000O\000D\000U\000C\000T\000I\000O\000N\000\040\000O\000F\000\040\0002\0000\0002\000R\000n}{subsubsection.5.0.1}% 19
\BOOKMARK [3][-]{subsubsection.5.0.3}{\376\377\000P\000R\000O\000D\000U\000C\000T\000I\000O\000N\000\040\000O\000F\000\040\0002\0000\0003\000R\000n}{subsubsection.5.0.1}% 20
\BOOKMARK [3][-]{subsubsection.5.0.4}{\376\377\000P\000R\000O\000D\000U\000C\000T\000I\000O\000N\000\040\000O\000F\000\040\0002\0000\0004\000R\000n}{subsubsection.5.0.1}% 21
\BOOKMARK [3][-]{subsubsection.5.0.5}{\376\377\000P\000R\000O\000D\000U\000C\000T\000I\000O\000N\000\040\000O\000F\000\040\0002\0000\0005\000R\000n}{subsubsection.5.0.1}% 22
\BOOKMARK [3][-]{subsubsection.5.0.6}{\376\377\000H\000E\000A\000T\000M\000A\000P\000\040\000O\000F\000\040\000R\000n\000\040\000I\000S\000O\000T\000O\000P\000E\000S\000\040\000\050\0001\0006\0006\000E\000r\000\050\0004\0000\000A\000r\000,\000x\000n\000\051\0002\0000\0006\000-\000x\000R\000n\000\051}{subsubsection.5.0.1}% 23
\BOOKMARK [1][-]{section.6}{\376\377\000S\000P\000E\000C\000T\000R\000O\000S\000C\000O\000P\000I\000C\000\040\000I\000N\000V\000E\000S\000T\000I\000G\000A\000T\000I\000O\000N\000\040\000O\000F\000\040\000R\000A\000D\000O\000N\000\040\000I\000S\000O\000T\000O\000P\000E\000S\000\040\000U\000S\000I\000N\000G\000\040\000M\000N\000T\000R\000\040\0004\0008\000C\000a\000\040\000+\000\040\0002\0004\0002\000P\000u}{}% 24
\BOOKMARK [2][-]{subsubsection.6.0.1}{\376\377\000P\000R\000O\000D\000U\000C\000T\000I\000O\000N\000\040\000O\000F\000\040\0002\0001\0002\000R\000n}{section.6}% 25
\BOOKMARK [3][-]{subsubsection.6.0.2}{\376\377\000P\000R\000O\000D\000U\000C\000T\000I\000O\000N\000\040\000O\000F\000\040\0002\0001\0008\000R\000n}{subsubsection.6.0.1}% 26
\BOOKMARK [3][-]{subsubsection.6.0.3}{\376\377\000P\000R\000O\000D\000U\000C\000T\000I\000O\000N\000\040\000O\000F\000\040\0002\0001\0009\000R\000n}{subsubsection.6.0.1}% 27
\BOOKMARK [3][-]{subsubsection.6.0.4}{\376\377\000H\000E\000A\000T\000M\000A\000P\000\040\000O\000F\000\040\000R\000n\000\040\000I\000S\000O\000T\000O\000P\000E\000S\000\040\000\050\0004\0008\000C\000a\000\040\000+\000\040\0002\0004\0002\000P\000u\000\051}{subsubsection.6.0.1}% 28
\BOOKMARK [1][-]{section.7}{\376\377\000R\000E\000S\000U\000L\000T\000S\000\040\000A\000N\000D\000\040\000C\000O\000N\000C\000L\000U\000S\000I\000O\000N\000S}{}% 29
\BOOKMARK [1][-]{section.8}{\376\377\000A\000C\000K\000N\000O\000W\000L\000E\000D\000G\000E\000M\000E\000N\000T}{}% 30
\BOOKMARK [1][-]{section*.24}{\376\377\000R\000e\000f\000e\000r\000e\000n\000c\000e\000s}{}% 31
